[run_web.py]: [INFO] [2021-06-30 18:41:51] line:48->>==>>>开始执行web自动化测试
[rd_yaml.py]: [INFO] [2021-06-30 18:41:53] line:23->>加载 E:\My_code\UIAutoTest\testdata\web_data.yaml 文件......
[rd_yaml.py]: [INFO] [2021-06-30 18:41:55] line:23->>加载 E:\My_code\UIAutoTest\testdata\web_data.yaml 文件......
[conftest.py]: [INFO] [2021-06-30 18:41:55] line:24->>打开浏览器
[browser.py]: [INFO] [2021-06-30 18:41:57] line:46->>在localhost使用chrome执行
[test_01_register.py]: [INFO] [2021-06-30 18:41:58] line:20->>开始执行TestRegister模块测试
[conftest.py]: [INFO] [2021-06-30 18:41:58] line:47->>*************** 开始执行用例：testcase_01 ***************
[base.py]: [INFO] [2021-06-30 18:42:04] line:49->>定位商城主页页面元素：('xpath', '//a[text()="注册"]'), 元素描述：注册
[base.py]: [INFO] [2021-06-30 18:42:04] line:58->>元素定位成功：耗时0.034秒!
[base.py]: [INFO] [2021-06-30 18:42:04] line:111->>点击元素：注册
[base.py]: [INFO] [2021-06-30 18:42:05] line:49->>定位注册页面元素：('xpath', '/html/body/div[4]/div/div/div/div[2]/div/div/div[1]/form/div[1]/input'), 元素描述：用户名输入框
[base.py]: [INFO] [2021-06-30 18:42:05] line:58->>元素定位成功：耗时0.023秒!
[base.py]: [INFO] [2021-06-30 18:42:05] line:94->>输入内容：mik_73
[base.py]: [INFO] [2021-06-30 18:42:05] line:49->>定位注册页面元素：('xpath', '/html/body/div[4]/div/div/div/div[2]/div/div/div[1]/form/div[2]/div/input'), 元素描述：密码输入框
[base.py]: [INFO] [2021-06-30 18:42:05] line:58->>元素定位成功：耗时0.02秒!
[base.py]: [INFO] [2021-06-30 18:42:05] line:94->>输入内容：123456
[base.py]: [INFO] [2021-06-30 18:42:05] line:49->>定位注册页面元素：('xpath', '/html/body/div[4]/div/div/div/div[2]/div/div/div[1]/form/div[3]/button'), 元素描述：提交
[base.py]: [ERROR] [2021-06-30 18:42:16] line:54->>元素定位失败!
[base.py]: [INFO] [2021-06-30 18:42:17] line:225->>截屏成功,图片路径为E:\My_code\UIAutoTest\imgs\2021-06-30-18-42-16.png
[conftest.py]: [INFO] [2021-06-30 18:42:18] line:49->>*************** 结束执行用例：testcase_01 ***************
[conftest.py]: [INFO] [2021-06-30 18:42:18] line:47->>*************** 开始执行用例：testcase_01 ***************
[base.py]: [INFO] [2021-06-30 18:42:19] line:49->>定位商城主页页面元素：('xpath', '//a[text()="注册"]'), 元素描述：注册
[base.py]: [INFO] [2021-06-30 18:42:19] line:58->>元素定位成功：耗时0.034秒!
[base.py]: [INFO] [2021-06-30 18:42:19] line:111->>点击元素：注册
[base.py]: [INFO] [2021-06-30 18:42:20] line:49->>定位注册页面元素：('xpath', '/html/body/div[4]/div/div/div/div[2]/div/div/div[1]/form/div[1]/input'), 元素描述：用户名输入框
[base.py]: [INFO] [2021-06-30 18:42:20] line:58->>元素定位成功：耗时0.032秒!
[base.py]: [INFO] [2021-06-30 18:42:20] line:94->>输入内容：mik_74
[base.py]: [INFO] [2021-06-30 18:42:20] line:49->>定位注册页面元素：('xpath', '/html/body/div[4]/div/div/div/div[2]/div/div/div[1]/form/div[2]/div/input'), 元素描述：密码输入框
[base.py]: [INFO] [2021-06-30 18:42:20] line:58->>元素定位成功：耗时0.019秒!
[base.py]: [INFO] [2021-06-30 18:42:20] line:94->>输入内容：123456
[base.py]: [INFO] [2021-06-30 18:42:20] line:49->>定位注册页面元素：('xpath', '/html/body/div[4]/div/div/div/div[2]/div/div/div[1]/form/div[3]/button'), 元素描述：提交
[base.py]: [ERROR] [2021-06-30 18:42:31] line:54->>元素定位失败!
[base.py]: [INFO] [2021-06-30 18:42:32] line:225->>截屏成功,图片路径为E:\My_code\UIAutoTest\imgs\2021-06-30-18-42-31.png
[conftest.py]: [INFO] [2021-06-30 18:42:33] line:49->>*************** 结束执行用例：testcase_01 ***************
[test_01_register.py]: [INFO] [2021-06-30 18:42:33] line:23->>TestRegister模块测试完成
[test_02_login.py]: [INFO] [2021-06-30 18:42:33] line:20->>开始执行TestLogin模块测试
[conftest.py]: [INFO] [2021-06-30 18:42:33] line:47->>*************** 开始执行用例：testcase_01 ***************
[base.py]: [INFO] [2021-06-30 18:42:34] line:49->>定位商城主页页面元素：('xpath', '//a[text()="登录"]'), 元素描述：登录
[base.py]: [INFO] [2021-06-30 18:42:34] line:58->>元素定位成功：耗时0.026秒!
[base.py]: [INFO] [2021-06-30 18:42:34] line:111->>点击元素：登录
[base.py]: [INFO] [2021-06-30 18:42:34] line:49->>定位登录页面元素：('xpath', '/html/body/div[4]/div/div[2]/div[2]/div/div/div[1]/form/div[1]/input'), 元素描述：用户名输入框
[base.py]: [ERROR] [2021-06-30 18:42:45] line:54->>元素定位失败!
[base.py]: [INFO] [2021-06-30 18:42:46] line:225->>截屏成功,图片路径为E:\My_code\UIAutoTest\imgs\2021-06-30-18-42-45.png
[conftest.py]: [INFO] [2021-06-30 18:42:47] line:49->>*************** 结束执行用例：testcase_01 ***************
[conftest.py]: [INFO] [2021-06-30 18:42:47] line:47->>*************** 开始执行用例：testcase_01 ***************
[base.py]: [INFO] [2021-06-30 18:42:48] line:49->>定位商城主页页面元素：('xpath', '//a[text()="登录"]'), 元素描述：登录
[base.py]: [INFO] [2021-06-30 18:42:48] line:58->>元素定位成功：耗时0.035秒!
[base.py]: [INFO] [2021-06-30 18:42:48] line:111->>点击元素：登录
[base.py]: [INFO] [2021-06-30 18:42:48] line:49->>定位登录页面元素：('xpath', '/html/body/div[4]/div/div[2]/div[2]/div/div/div[1]/form/div[1]/input'), 元素描述：用户名输入框
[base.py]: [ERROR] [2021-06-30 18:42:59] line:54->>元素定位失败!
[base.py]: [INFO] [2021-06-30 18:43:00] line:225->>截屏成功,图片路径为E:\My_code\UIAutoTest\imgs\2021-06-30-18-42-59.png
[conftest.py]: [INFO] [2021-06-30 18:43:01] line:49->>*************** 结束执行用例：testcase_01 ***************
[test_02_login.py]: [INFO] [2021-06-30 18:43:01] line:23->>TestLogin模块测试完成
[conftest.py]: [INFO] [2021-06-30 18:43:01] line:47->>*************** 开始执行用例：test_case01 ***************
[base.py]: [INFO] [2021-06-30 18:43:01] line:49->>定位商城主页页面元素：('xpath', '//a[text()="登录"]'), 元素描述：登录
[base.py]: [INFO] [2021-06-30 18:43:01] line:58->>元素定位成功：耗时0.024秒!
[base.py]: [INFO] [2021-06-30 18:43:01] line:111->>点击元素：登录
[base.py]: [INFO] [2021-06-30 18:43:02] line:49->>定位登录页面元素：('xpath', '/html/body/div[4]/div/div[2]/div[2]/div/div/div[1]/form/div[1]/input'), 元素描述：用户名输入框
[base.py]: [ERROR] [2021-06-30 18:43:13] line:54->>元素定位失败!
[base.py]: [INFO] [2021-06-30 18:43:14] line:225->>截屏成功,图片路径为E:\My_code\UIAutoTest\imgs\2021-06-30-18-43-13.png
[conftest.py]: [INFO] [2021-06-30 18:43:15] line:49->>*************** 结束执行用例：test_case01 ***************
[conftest.py]: [INFO] [2021-06-30 18:43:15] line:35->>关闭浏览器
[run_web.py]: [INFO] [2021-06-30 18:43:18] line:50->>==>>>web自动化测试结束
