[run_web.py]: [INFO] [2021-06-17 21:23:32] line:48->>==>>>开始执行web自动化测试
[rd_yaml.py]: [INFO] [2021-06-17 21:23:32] line:23->>加载 E:\My_code\UIAutoTest\testdata\web_data.yaml 文件......
[rd_yaml.py]: [INFO] [2021-06-17 21:23:33] line:23->>加载 E:\My_code\UIAutoTest\testdata\web_data.yaml 文件......
[conftest.py]: [INFO] [2021-06-17 21:23:33] line:24->>打开浏览器
[browser_init.py]: [INFO] [2021-06-17 21:23:38] line:53->>在localhost使用firefox执行
[test_01_register.py]: [INFO] [2021-06-17 21:23:39] line:21->>开始执行TestRegister模块测试
[conftest.py]: [INFO] [2021-06-17 21:23:39] line:47->>*************** 开始执行用例：testcase_01 ***************
[browser_init.py]: [INFO] [2021-06-17 21:23:56] line:86->>开始等待页面元素<('xpath', '/html/body/div[6]/div/div[1]/div[2]/a[2]')>是否可见！
[browser_init.py]: [INFO] [2021-06-17 21:23:56] line:96->>页面元素<('xpath', '/html/body/div[6]/div/div[1]/div[2]/a[2]')>可见，等待时间：0.063秒!
[browser_init.py]: [INFO] [2021-06-17 21:23:56] line:123->>点击<('xpath', '/html/body/div[6]/div/div[1]/div[2]/a[2]')>
[browser_init.py]: [INFO] [2021-06-17 21:23:57] line:86->>开始等待页面元素<('xpath', '/html/body/div[4]/div/div/div/div[2]/div/div/div[1]/form/div[1]/input')>是否可见！
[browser_init.py]: [INFO] [2021-06-17 21:23:57] line:96->>页面元素<('xpath', '/html/body/div[4]/div/div/div/div[2]/div/div/div[1]/form/div[1]/input')>可见，等待时间：0.031秒!
[browser_init.py]: [INFO] [2021-06-17 21:23:57] line:107->>在<('xpath', '/html/body/div[4]/div/div/div/div[2]/div/div/div[1]/form/div[1]/input')>输入<mik_73>
[browser_init.py]: [INFO] [2021-06-17 21:23:57] line:86->>开始等待页面元素<('xpath', '/html/body/div[4]/div/div/div/div[2]/div/div/div[1]/form/div[2]/div/input')>是否可见！
[browser_init.py]: [INFO] [2021-06-17 21:23:57] line:96->>页面元素<('xpath', '/html/body/div[4]/div/div/div/div[2]/div/div/div[1]/form/div[2]/div/input')>可见，等待时间：0.015秒!
[browser_init.py]: [INFO] [2021-06-17 21:23:57] line:107->>在<('xpath', '/html/body/div[4]/div/div/div/div[2]/div/div/div[1]/form/div[2]/div/input')>输入<123456>
[browser_init.py]: [INFO] [2021-06-17 21:23:57] line:86->>开始等待页面元素<('xpath', '/html/body/div[4]/div/div/div/div[2]/div/div/div[1]/form/div[3]/button')>是否可见！
[browser_init.py]: [INFO] [2021-06-17 21:23:57] line:96->>页面元素<('xpath', '/html/body/div[4]/div/div/div/div[2]/div/div/div[1]/form/div[3]/button')>可见，等待时间：0.016秒!
[browser_init.py]: [INFO] [2021-06-17 21:23:57] line:139->>点击<('xpath', '/html/body/div[4]/div/div/div/div[2]/div/div/div[1]/form/div[3]/button')>提交
[browser_init.py]: [INFO] [2021-06-17 21:23:57] line:86->>开始等待页面元素<('class name', 'prompt-msg')>是否可见！
[browser_init.py]: [INFO] [2021-06-17 21:23:57] line:96->>页面元素<('class name', 'prompt-msg')>可见，等待时间：0.015秒!
[browser_init.py]: [INFO] [2021-06-17 21:23:57] line:213->>获取元素<('class name', 'prompt-msg')>的内容
[browser_init.py]: [INFO] [2021-06-17 21:23:57] line:216->>元素<('class name', 'prompt-msg')>的内容为<密码格式 6~18 个字符之间>
[conftest.py]: [INFO] [2021-06-17 21:24:02] line:49->>*************** 结束执行用例：testcase_01 ***************
[conftest.py]: [INFO] [2021-06-17 21:24:02] line:47->>*************** 开始执行用例：testcase_01 ***************
[browser_init.py]: [INFO] [2021-06-17 21:24:03] line:86->>开始等待页面元素<('xpath', '/html/body/div[6]/div/div[1]/div[2]/a[2]')>是否可见！
[browser_init.py]: [INFO] [2021-06-17 21:24:03] line:96->>页面元素<('xpath', '/html/body/div[6]/div/div[1]/div[2]/a[2]')>可见，等待时间：0.047秒!
[browser_init.py]: [INFO] [2021-06-17 21:24:03] line:123->>点击<('xpath', '/html/body/div[6]/div/div[1]/div[2]/a[2]')>
[browser_init.py]: [INFO] [2021-06-17 21:24:03] line:86->>开始等待页面元素<('xpath', '/html/body/div[4]/div/div/div/div[2]/div/div/div[1]/form/div[1]/input')>是否可见！
[browser_init.py]: [INFO] [2021-06-17 21:24:03] line:96->>页面元素<('xpath', '/html/body/div[4]/div/div/div/div[2]/div/div/div[1]/form/div[1]/input')>可见，等待时间：0.063秒!
[browser_init.py]: [INFO] [2021-06-17 21:24:03] line:107->>在<('xpath', '/html/body/div[4]/div/div/div/div[2]/div/div/div[1]/form/div[1]/input')>输入<mik_74>
[browser_init.py]: [INFO] [2021-06-17 21:24:03] line:86->>开始等待页面元素<('xpath', '/html/body/div[4]/div/div/div/div[2]/div/div/div[1]/form/div[2]/div/input')>是否可见！
[browser_init.py]: [INFO] [2021-06-17 21:24:03] line:96->>页面元素<('xpath', '/html/body/div[4]/div/div/div/div[2]/div/div/div[1]/form/div[2]/div/input')>可见，等待时间：0.016秒!
[browser_init.py]: [INFO] [2021-06-17 21:24:03] line:107->>在<('xpath', '/html/body/div[4]/div/div/div/div[2]/div/div/div[1]/form/div[2]/div/input')>输入<123456>
[browser_init.py]: [INFO] [2021-06-17 21:24:03] line:86->>开始等待页面元素<('xpath', '/html/body/div[4]/div/div/div/div[2]/div/div/div[1]/form/div[3]/button')>是否可见！
[browser_init.py]: [INFO] [2021-06-17 21:24:03] line:96->>页面元素<('xpath', '/html/body/div[4]/div/div/div/div[2]/div/div/div[1]/form/div[3]/button')>可见，等待时间：0.031秒!
[browser_init.py]: [INFO] [2021-06-17 21:24:03] line:139->>点击<('xpath', '/html/body/div[4]/div/div/div/div[2]/div/div/div[1]/form/div[3]/button')>提交
[browser_init.py]: [INFO] [2021-06-17 21:24:03] line:86->>开始等待页面元素<('class name', 'prompt-msg')>是否可见！
[browser_init.py]: [INFO] [2021-06-17 21:24:03] line:96->>页面元素<('class name', 'prompt-msg')>可见，等待时间：0.016秒!
[browser_init.py]: [INFO] [2021-06-17 21:24:03] line:213->>获取元素<('class name', 'prompt-msg')>的内容
[browser_init.py]: [INFO] [2021-06-17 21:24:03] line:216->>元素<('class name', 'prompt-msg')>的内容为<密码格式 6~18 个字符之间>
[conftest.py]: [INFO] [2021-06-17 21:24:08] line:49->>*************** 结束执行用例：testcase_01 ***************
[test_01_register.py]: [INFO] [2021-06-17 21:24:08] line:24->>TestRegister模块测试完成
[test_02_login.py]: [INFO] [2021-06-17 21:24:08] line:20->>开始执行TestLogin模块测试
[conftest.py]: [INFO] [2021-06-17 21:24:08] line:47->>*************** 开始执行用例：testcase_01 ***************
[browser_init.py]: [INFO] [2021-06-17 21:24:09] line:86->>开始等待页面元素<('xpath', '/html/body/div[6]/div/div[1]/div[2]/a[1]')>是否可见！
[browser_init.py]: [INFO] [2021-06-17 21:24:09] line:96->>页面元素<('xpath', '/html/body/div[6]/div/div[1]/div[2]/a[1]')>可见，等待时间：0.063秒!
[browser_init.py]: [INFO] [2021-06-17 21:24:09] line:123->>点击<('xpath', '/html/body/div[6]/div/div[1]/div[2]/a[1]')>
[browser_init.py]: [INFO] [2021-06-17 21:24:09] line:86->>开始等待页面元素<('xpath', '/html/body/div[4]/div/div[2]/div[2]/div/div/div[1]/form/div[1]/input')>是否可见！
[browser_init.py]: [INFO] [2021-06-17 21:24:09] line:96->>页面元素<('xpath', '/html/body/div[4]/div/div[2]/div[2]/div/div/div[1]/form/div[1]/input')>可见，等待时间：0.047秒!
[browser_init.py]: [INFO] [2021-06-17 21:24:09] line:107->>在<('xpath', '/html/body/div[4]/div/div[2]/div[2]/div/div/div[1]/form/div[1]/input')>输入<mik_73>
[browser_init.py]: [INFO] [2021-06-17 21:24:09] line:86->>开始等待页面元素<('xpath', '/html/body/div[4]/div/div[2]/div[2]/div/div/div[1]/form/div[2]/div/input')>是否可见！
[browser_init.py]: [INFO] [2021-06-17 21:24:10] line:96->>页面元素<('xpath', '/html/body/div[4]/div/div[2]/div[2]/div/div/div[1]/form/div[2]/div/input')>可见，等待时间：0.016秒!
[browser_init.py]: [INFO] [2021-06-17 21:24:10] line:107->>在<('xpath', '/html/body/div[4]/div/div[2]/div[2]/div/div/div[1]/form/div[2]/div/input')>输入<123456>
[browser_init.py]: [INFO] [2021-06-17 21:24:10] line:86->>开始等待页面元素<('xpath', '/html/body/div[4]/div/div[2]/div[2]/div/div/div[1]/form/div[2]/div/input')>是否可见！
[browser_init.py]: [INFO] [2021-06-17 21:24:10] line:96->>页面元素<('xpath', '/html/body/div[4]/div/div[2]/div[2]/div/div/div[1]/form/div[2]/div/input')>可见，等待时间：0.031秒!
[browser_init.py]: [INFO] [2021-06-17 21:24:10] line:139->>点击<('xpath', '/html/body/div[4]/div/div[2]/div[2]/div/div/div[1]/form/div[2]/div/input')>提交
[browser_init.py]: [INFO] [2021-06-17 21:24:10] line:86->>开始等待页面元素<('class name', 'prompt-msg')>是否可见！
[browser_init.py]: [INFO] [2021-06-17 21:24:10] line:96->>页面元素<('class name', 'prompt-msg')>可见，等待时间：0.016秒!
[browser_init.py]: [INFO] [2021-06-17 21:24:10] line:213->>获取元素<('class name', 'prompt-msg')>的内容
[browser_init.py]: [INFO] [2021-06-17 21:24:10] line:216->>元素<('class name', 'prompt-msg')>的内容为<密码格式 6~18 个字符>
[conftest.py]: [INFO] [2021-06-17 21:24:10] line:49->>*************** 结束执行用例：testcase_01 ***************
[conftest.py]: [INFO] [2021-06-17 21:24:10] line:47->>*************** 开始执行用例：testcase_01 ***************
[browser_init.py]: [INFO] [2021-06-17 21:24:10] line:86->>开始等待页面元素<('xpath', '/html/body/div[6]/div/div[1]/div[2]/a[1]')>是否可见！
[browser_init.py]: [INFO] [2021-06-17 21:24:10] line:96->>页面元素<('xpath', '/html/body/div[6]/div/div[1]/div[2]/a[1]')>可见，等待时间：0.031秒!
[browser_init.py]: [INFO] [2021-06-17 21:24:10] line:123->>点击<('xpath', '/html/body/div[6]/div/div[1]/div[2]/a[1]')>
[browser_init.py]: [INFO] [2021-06-17 21:24:11] line:86->>开始等待页面元素<('xpath', '/html/body/div[4]/div/div[2]/div[2]/div/div/div[1]/form/div[1]/input')>是否可见！
[browser_init.py]: [INFO] [2021-06-17 21:24:11] line:96->>页面元素<('xpath', '/html/body/div[4]/div/div[2]/div[2]/div/div/div[1]/form/div[1]/input')>可见，等待时间：0.016秒!
[browser_init.py]: [INFO] [2021-06-17 21:24:11] line:107->>在<('xpath', '/html/body/div[4]/div/div[2]/div[2]/div/div/div[1]/form/div[1]/input')>输入<mik_74>
[browser_init.py]: [INFO] [2021-06-17 21:24:11] line:86->>开始等待页面元素<('xpath', '/html/body/div[4]/div/div[2]/div[2]/div/div/div[1]/form/div[2]/div/input')>是否可见！
[browser_init.py]: [INFO] [2021-06-17 21:24:11] line:96->>页面元素<('xpath', '/html/body/div[4]/div/div[2]/div[2]/div/div/div[1]/form/div[2]/div/input')>可见，等待时间：0.016秒!
[browser_init.py]: [INFO] [2021-06-17 21:24:11] line:107->>在<('xpath', '/html/body/div[4]/div/div[2]/div[2]/div/div/div[1]/form/div[2]/div/input')>输入<123456>
[browser_init.py]: [INFO] [2021-06-17 21:24:11] line:86->>开始等待页面元素<('xpath', '/html/body/div[4]/div/div[2]/div[2]/div/div/div[1]/form/div[2]/div/input')>是否可见！
[browser_init.py]: [INFO] [2021-06-17 21:24:11] line:96->>页面元素<('xpath', '/html/body/div[4]/div/div[2]/div[2]/div/div/div[1]/form/div[2]/div/input')>可见，等待时间：0.016秒!
[browser_init.py]: [INFO] [2021-06-17 21:24:11] line:139->>点击<('xpath', '/html/body/div[4]/div/div[2]/div[2]/div/div/div[1]/form/div[2]/div/input')>提交
[browser_init.py]: [INFO] [2021-06-17 21:24:11] line:86->>开始等待页面元素<('class name', 'prompt-msg')>是否可见！
[browser_init.py]: [INFO] [2021-06-17 21:24:11] line:96->>页面元素<('class name', 'prompt-msg')>可见，等待时间：0.031秒!
[browser_init.py]: [INFO] [2021-06-17 21:24:11] line:213->>获取元素<('class name', 'prompt-msg')>的内容
[browser_init.py]: [INFO] [2021-06-17 21:24:11] line:216->>元素<('class name', 'prompt-msg')>的内容为<密码格式 6~18 个字符>
[conftest.py]: [INFO] [2021-06-17 21:24:11] line:49->>*************** 结束执行用例：testcase_01 ***************
[test_02_login.py]: [INFO] [2021-06-17 21:24:11] line:23->>TestLogin模块测试完成
[conftest.py]: [INFO] [2021-06-17 21:24:11] line:35->>关闭浏览器
