[run_web.py]: [INFO] [2021-06-12 21:09:24] line:48->>==>>>开始执行web自动化测试
[conftest.py]: [INFO] [2021-06-12 21:09:30] line:24->>打开浏览器
[browser_init.py]: [INFO] [2021-06-12 21:09:36] line:53->>在localhost使用chrome执行
[test_01_register.py]: [INFO] [2021-06-12 21:09:37] line:24->>开始执行TestZc模块测试
[conftest.py]: [INFO] [2021-06-12 21:09:37] line:47->>testcase_01开始测试
[browser_init.py]: [INFO] [2021-06-12 21:09:49] line:86->>开始等待页面元素<('xpath', '/html/body/div[6]/div/div[1]/div[2]/a[2]')>是否可见！
[browser_init.py]: [INFO] [2021-06-12 21:09:49] line:96->>页面元素<('xpath', '/html/body/div[6]/div/div[1]/div[2]/a[2]')>可见，等待时间：0.03秒!
[browser_init.py]: [INFO] [2021-06-12 21:09:49] line:123->>点击<('xpath', '/html/body/div[6]/div/div[1]/div[2]/a[2]')>
[browser_init.py]: [INFO] [2021-06-12 21:09:50] line:86->>开始等待页面元素<('xpath', '/html/body/div[4]/div/div/div/div[2]/div/div/div[1]/form/div[1]/input')>是否可见！
[browser_init.py]: [INFO] [2021-06-12 21:09:50] line:96->>页面元素<('xpath', '/html/body/div[4]/div/div/div/div[2]/div/div/div[1]/form/div[1]/input')>可见，等待时间：0.022秒!
[browser_init.py]: [INFO] [2021-06-12 21:09:50] line:107->>在<('xpath', '/html/body/div[4]/div/div/div/div[2]/div/div/div[1]/form/div[1]/input')>输入<mik_73>
[browser_init.py]: [INFO] [2021-06-12 21:09:51] line:86->>开始等待页面元素<('xpath', '/html/body/div[4]/div/div/div/div[2]/div/div/div[1]/form/div[2]/div/input')>是否可见！
[browser_init.py]: [INFO] [2021-06-12 21:09:51] line:96->>页面元素<('xpath', '/html/body/div[4]/div/div/div/div[2]/div/div/div[1]/form/div[2]/div/input')>可见，等待时间：0.018秒!
[browser_init.py]: [INFO] [2021-06-12 21:09:51] line:107->>在<('xpath', '/html/body/div[4]/div/div/div/div[2]/div/div/div[1]/form/div[2]/div/input')>输入<123456>
[browser_init.py]: [INFO] [2021-06-12 21:09:51] line:86->>开始等待页面元素<('xpath', '/html/body/div[4]/div/div/div/div[2]/div/div/div[1]/form/div[2]/div/input')>是否可见！
[browser_init.py]: [INFO] [2021-06-12 21:09:51] line:96->>页面元素<('xpath', '/html/body/div[4]/div/div/div/div[2]/div/div/div[1]/form/div[2]/div/input')>可见，等待时间：0.012秒!
[browser_init.py]: [INFO] [2021-06-12 21:09:51] line:139->>点击<('xpath', '/html/body/div[4]/div/div/div/div[2]/div/div/div[1]/form/div[2]/div/input')>提交
[browser_init.py]: [INFO] [2021-06-12 21:09:51] line:86->>开始等待页面元素<('class name', 'prompt-msg')>是否可见！
[browser_init.py]: [INFO] [2021-06-12 21:09:51] line:96->>页面元素<('class name', 'prompt-msg')>可见，等待时间：0.643秒!
[browser_init.py]: [INFO] [2021-06-12 21:09:51] line:213->>获取元素<('class name', 'prompt-msg')>的内容
[browser_init.py]: [INFO] [2021-06-12 21:09:51] line:216->>元素<('class name', 'prompt-msg')>的内容为<账号已存在>
[conftest.py]: [INFO] [2021-06-12 21:09:51] line:49->>testcase_01测试结束
[conftest.py]: [INFO] [2021-06-12 21:09:51] line:47->>testcase_01开始测试
[browser_init.py]: [INFO] [2021-06-12 21:09:52] line:86->>开始等待页面元素<('xpath', '/html/body/div[6]/div/div[1]/div[2]/a[2]')>是否可见！
[browser_init.py]: [INFO] [2021-06-12 21:09:52] line:96->>页面元素<('xpath', '/html/body/div[6]/div/div[1]/div[2]/a[2]')>可见，等待时间：0.113秒!
[browser_init.py]: [INFO] [2021-06-12 21:09:52] line:123->>点击<('xpath', '/html/body/div[6]/div/div[1]/div[2]/a[2]')>
[browser_init.py]: [INFO] [2021-06-12 21:09:53] line:86->>开始等待页面元素<('xpath', '/html/body/div[4]/div/div/div/div[2]/div/div/div[1]/form/div[1]/input')>是否可见！
[browser_init.py]: [INFO] [2021-06-12 21:09:53] line:96->>页面元素<('xpath', '/html/body/div[4]/div/div/div/div[2]/div/div/div[1]/form/div[1]/input')>可见，等待时间：0.029秒!
[browser_init.py]: [INFO] [2021-06-12 21:09:53] line:107->>在<('xpath', '/html/body/div[4]/div/div/div/div[2]/div/div/div[1]/form/div[1]/input')>输入<mik_74>
[browser_init.py]: [INFO] [2021-06-12 21:09:53] line:86->>开始等待页面元素<('xpath', '/html/body/div[4]/div/div/div/div[2]/div/div/div[1]/form/div[2]/div/input')>是否可见！
[browser_init.py]: [INFO] [2021-06-12 21:09:53] line:96->>页面元素<('xpath', '/html/body/div[4]/div/div/div/div[2]/div/div/div[1]/form/div[2]/div/input')>可见，等待时间：0.02秒!
[browser_init.py]: [INFO] [2021-06-12 21:09:53] line:107->>在<('xpath', '/html/body/div[4]/div/div/div/div[2]/div/div/div[1]/form/div[2]/div/input')>输入<123456>
[browser_init.py]: [INFO] [2021-06-12 21:09:53] line:86->>开始等待页面元素<('xpath', '/html/body/div[4]/div/div/div/div[2]/div/div/div[1]/form/div[2]/div/input')>是否可见！
[browser_init.py]: [INFO] [2021-06-12 21:09:53] line:96->>页面元素<('xpath', '/html/body/div[4]/div/div/div/div[2]/div/div/div[1]/form/div[2]/div/input')>可见，等待时间：0.011秒!
[browser_init.py]: [INFO] [2021-06-12 21:09:53] line:139->>点击<('xpath', '/html/body/div[4]/div/div/div/div[2]/div/div/div[1]/form/div[2]/div/input')>提交
[browser_init.py]: [INFO] [2021-06-12 21:09:53] line:86->>开始等待页面元素<('class name', 'prompt-msg')>是否可见！
[browser_init.py]: [INFO] [2021-06-12 21:09:54] line:96->>页面元素<('class name', 'prompt-msg')>可见，等待时间：0.645秒!
[browser_init.py]: [INFO] [2021-06-12 21:09:54] line:213->>获取元素<('class name', 'prompt-msg')>的内容
[browser_init.py]: [INFO] [2021-06-12 21:09:54] line:216->>元素<('class name', 'prompt-msg')>的内容为<账号已存在>
[conftest.py]: [INFO] [2021-06-12 21:09:54] line:49->>testcase_01测试结束
[test_01_register.py]: [INFO] [2021-06-12 21:09:54] line:27->>TestZc模块测试完成
[conftest.py]: [INFO] [2021-06-12 21:09:54] line:35->>关闭浏览器
[run_web.py]: [INFO] [2021-06-12 21:09:57] line:50->>==>>>web自动化测试结束
