[run_web.py]: [INFO] [2021-06-13 09:28:10] line:48->>==>>>开始执行web自动化测试
[conftest.py]: [INFO] [2021-06-13 09:28:11] line:24->>打开浏览器
[browser_init.py]: [INFO] [2021-06-13 09:28:16] line:53->>在localhost使用chrome执行
[test_01_register.py]: [INFO] [2021-06-13 09:28:17] line:22->>开始执行TestZc模块测试
[conftest.py]: [INFO] [2021-06-13 09:28:17] line:47->>testcase_01开始测试
[browser_init.py]: [INFO] [2021-06-13 09:28:34] line:86->>开始等待页面元素<('xpath', '/html/body/div[6]/div/div[1]/div[2]/a[2]')>是否可见！
[browser_init.py]: [INFO] [2021-06-13 09:28:34] line:96->>页面元素<('xpath', '/html/body/div[6]/div/div[1]/div[2]/a[2]')>可见，等待时间：0.022秒!
[browser_init.py]: [INFO] [2021-06-13 09:28:34] line:123->>点击<('xpath', '/html/body/div[6]/div/div[1]/div[2]/a[2]')>
[browser_init.py]: [INFO] [2021-06-13 09:28:34] line:86->>开始等待页面元素<('xpath', '/html/body/div[4]/div/div/div/div[2]/div/div/div[1]/form/div[1]/input')>是否可见！
[browser_init.py]: [INFO] [2021-06-13 09:28:35] line:96->>页面元素<('xpath', '/html/body/div[4]/div/div/div/div[2]/div/div/div[1]/form/div[1]/input')>可见，等待时间：0.063秒!
[browser_init.py]: [INFO] [2021-06-13 09:28:35] line:107->>在<('xpath', '/html/body/div[4]/div/div/div/div[2]/div/div/div[1]/form/div[1]/input')>输入<mik_73>
[browser_init.py]: [INFO] [2021-06-13 09:28:35] line:86->>开始等待页面元素<('xpath', '/html/body/div[4]/div/div/div/div[2]/div/div/div[1]/form/div[2]/div/input')>是否可见！
[browser_init.py]: [INFO] [2021-06-13 09:28:35] line:96->>页面元素<('xpath', '/html/body/div[4]/div/div/div/div[2]/div/div/div[1]/form/div[2]/div/input')>可见，等待时间：0.023秒!
[browser_init.py]: [INFO] [2021-06-13 09:28:35] line:107->>在<('xpath', '/html/body/div[4]/div/div/div/div[2]/div/div/div[1]/form/div[2]/div/input')>输入<123456>
[browser_init.py]: [INFO] [2021-06-13 09:28:35] line:86->>开始等待页面元素<('xpath', '/html/body/div[4]/div/div/div/div[2]/div/div/div[1]/form/div[2]/div/input')>是否可见！
[browser_init.py]: [INFO] [2021-06-13 09:28:35] line:96->>页面元素<('xpath', '/html/body/div[4]/div/div/div/div[2]/div/div/div[1]/form/div[2]/div/input')>可见，等待时间：0.011秒!
[browser_init.py]: [INFO] [2021-06-13 09:28:35] line:139->>点击<('xpath', '/html/body/div[4]/div/div/div/div[2]/div/div/div[1]/form/div[2]/div/input')>提交
[browser_init.py]: [INFO] [2021-06-13 09:28:35] line:86->>开始等待页面元素<('class name', 'prompt-msg')>是否可见！
[browser_init.py]: [INFO] [2021-06-13 09:28:35] line:96->>页面元素<('class name', 'prompt-msg')>可见，等待时间：0.597秒!
[browser_init.py]: [INFO] [2021-06-13 09:28:35] line:213->>获取元素<('class name', 'prompt-msg')>的内容
[browser_init.py]: [INFO] [2021-06-13 09:28:35] line:216->>元素<('class name', 'prompt-msg')>的内容为<账号已存在>
[conftest.py]: [INFO] [2021-06-13 09:28:35] line:49->>testcase_01测试结束
[conftest.py]: [INFO] [2021-06-13 09:28:35] line:47->>testcase_01开始测试
[browser_init.py]: [INFO] [2021-06-13 09:28:36] line:86->>开始等待页面元素<('xpath', '/html/body/div[6]/div/div[1]/div[2]/a[2]')>是否可见！
[browser_init.py]: [INFO] [2021-06-13 09:28:36] line:96->>页面元素<('xpath', '/html/body/div[6]/div/div[1]/div[2]/a[2]')>可见，等待时间：0.019秒!
[browser_init.py]: [INFO] [2021-06-13 09:28:36] line:123->>点击<('xpath', '/html/body/div[6]/div/div[1]/div[2]/a[2]')>
[browser_init.py]: [INFO] [2021-06-13 09:28:37] line:86->>开始等待页面元素<('xpath', '/html/body/div[4]/div/div/div/div[2]/div/div/div[1]/form/div[1]/input')>是否可见！
[browser_init.py]: [INFO] [2021-06-13 09:28:37] line:96->>页面元素<('xpath', '/html/body/div[4]/div/div/div/div[2]/div/div/div[1]/form/div[1]/input')>可见，等待时间：0.016秒!
[browser_init.py]: [INFO] [2021-06-13 09:28:37] line:107->>在<('xpath', '/html/body/div[4]/div/div/div/div[2]/div/div/div[1]/form/div[1]/input')>输入<mik_74>
[browser_init.py]: [INFO] [2021-06-13 09:28:37] line:86->>开始等待页面元素<('xpath', '/html/body/div[4]/div/div/div/div[2]/div/div/div[1]/form/div[2]/div/input')>是否可见！
[browser_init.py]: [INFO] [2021-06-13 09:28:37] line:96->>页面元素<('xpath', '/html/body/div[4]/div/div/div/div[2]/div/div/div[1]/form/div[2]/div/input')>可见，等待时间：0.018秒!
[browser_init.py]: [INFO] [2021-06-13 09:28:37] line:107->>在<('xpath', '/html/body/div[4]/div/div/div/div[2]/div/div/div[1]/form/div[2]/div/input')>输入<123456>
[browser_init.py]: [INFO] [2021-06-13 09:28:37] line:86->>开始等待页面元素<('xpath', '/html/body/div[4]/div/div/div/div[2]/div/div/div[1]/form/div[2]/div/input')>是否可见！
[browser_init.py]: [INFO] [2021-06-13 09:28:37] line:96->>页面元素<('xpath', '/html/body/div[4]/div/div/div/div[2]/div/div/div[1]/form/div[2]/div/input')>可见，等待时间：0.013秒!
[browser_init.py]: [INFO] [2021-06-13 09:28:37] line:139->>点击<('xpath', '/html/body/div[4]/div/div/div/div[2]/div/div/div[1]/form/div[2]/div/input')>提交
[browser_init.py]: [INFO] [2021-06-13 09:28:37] line:86->>开始等待页面元素<('class name', 'prompt-msg')>是否可见！
[browser_init.py]: [INFO] [2021-06-13 09:28:38] line:96->>页面元素<('class name', 'prompt-msg')>可见，等待时间：0.601秒!
[browser_init.py]: [INFO] [2021-06-13 09:28:38] line:213->>获取元素<('class name', 'prompt-msg')>的内容
[browser_init.py]: [INFO] [2021-06-13 09:28:38] line:216->>元素<('class name', 'prompt-msg')>的内容为<账号已存在>
[conftest.py]: [INFO] [2021-06-13 09:28:38] line:49->>testcase_01测试结束
[test_01_register.py]: [INFO] [2021-06-13 09:28:38] line:25->>TestZc模块测试完成
[test_02_login.py]: [INFO] [2021-06-13 09:28:38] line:22->>开始执行TestLogin模块测试
[conftest.py]: [INFO] [2021-06-13 09:28:38] line:47->>testcase_01开始测试
[browser_init.py]: [INFO] [2021-06-13 09:28:39] line:86->>开始等待页面元素<('xpath', '/html/body/div[6]/div/div[1]/div[2]/a[1]')>是否可见！
[browser_init.py]: [INFO] [2021-06-13 09:28:39] line:96->>页面元素<('xpath', '/html/body/div[6]/div/div[1]/div[2]/a[1]')>可见，等待时间：0.019秒!
[browser_init.py]: [INFO] [2021-06-13 09:28:39] line:123->>点击<('xpath', '/html/body/div[6]/div/div[1]/div[2]/a[1]')>
[browser_init.py]: [INFO] [2021-06-13 09:28:39] line:86->>开始等待页面元素<('xpath', '/html/body/div[4]/div/div[2]/div[2]/div/div/div[1]/form/div[1]/input')>是否可见！
[browser_init.py]: [INFO] [2021-06-13 09:28:40] line:96->>页面元素<('xpath', '/html/body/div[4]/div/div[2]/div[2]/div/div/div[1]/form/div[1]/input')>可见，等待时间：0.021秒!
[browser_init.py]: [INFO] [2021-06-13 09:28:40] line:107->>在<('xpath', '/html/body/div[4]/div/div[2]/div[2]/div/div/div[1]/form/div[1]/input')>输入<mik_73>
[browser_init.py]: [INFO] [2021-06-13 09:28:40] line:86->>开始等待页面元素<('xpath', '/html/body/div[4]/div/div[2]/div[2]/div/div/div[1]/form/div[2]/div/input')>是否可见！
[browser_init.py]: [INFO] [2021-06-13 09:28:40] line:96->>页面元素<('xpath', '/html/body/div[4]/div/div[2]/div[2]/div/div/div[1]/form/div[2]/div/input')>可见，等待时间：0.024秒!
[browser_init.py]: [INFO] [2021-06-13 09:28:40] line:107->>在<('xpath', '/html/body/div[4]/div/div[2]/div[2]/div/div/div[1]/form/div[2]/div/input')>输入<123456>
[browser_init.py]: [INFO] [2021-06-13 09:28:40] line:86->>开始等待页面元素<('xpath', '/html/body/div[4]/div/div[2]/div[2]/div/div/div[1]/form/div[2]/div/input')>是否可见！
[browser_init.py]: [INFO] [2021-06-13 09:28:40] line:96->>页面元素<('xpath', '/html/body/div[4]/div/div[2]/div[2]/div/div/div[1]/form/div[2]/div/input')>可见，等待时间：0.011秒!
[browser_init.py]: [INFO] [2021-06-13 09:28:40] line:139->>点击<('xpath', '/html/body/div[4]/div/div[2]/div[2]/div/div/div[1]/form/div[2]/div/input')>提交
[browser_init.py]: [INFO] [2021-06-13 09:28:40] line:86->>开始等待页面元素<('class name', 'prompt-msg')>是否可见！
[browser_init.py]: [INFO] [2021-06-13 09:28:40] line:96->>页面元素<('class name', 'prompt-msg')>可见，等待时间：0.689秒!
[browser_init.py]: [INFO] [2021-06-13 09:28:40] line:213->>获取元素<('class name', 'prompt-msg')>的内容
[browser_init.py]: [INFO] [2021-06-13 09:28:40] line:216->>元素<('class name', 'prompt-msg')>的内容为<登录成功>
[browser_init.py]: [INFO] [2021-06-13 09:28:40] line:86->>开始等待页面元素<('xpath', '/html/body/div[6]/div/div[1]/div[1]/a[2]')>是否可见！
[browser_init.py]: [INFO] [2021-06-13 09:28:42] line:96->>页面元素<('xpath', '/html/body/div[6]/div/div[1]/div[1]/a[2]')>可见，等待时间：1.525秒!
[browser_init.py]: [INFO] [2021-06-13 09:28:42] line:123->>点击<('xpath', '/html/body/div[6]/div/div[1]/div[1]/a[2]')>
[conftest.py]: [INFO] [2021-06-13 09:28:43] line:49->>testcase_01测试结束
[conftest.py]: [INFO] [2021-06-13 09:28:43] line:47->>testcase_01开始测试
[browser_init.py]: [INFO] [2021-06-13 09:28:43] line:86->>开始等待页面元素<('xpath', '/html/body/div[6]/div/div[1]/div[2]/a[1]')>是否可见！
[browser_init.py]: [INFO] [2021-06-13 09:28:44] line:96->>页面元素<('xpath', '/html/body/div[6]/div/div[1]/div[2]/a[1]')>可见，等待时间：0.15秒!
[browser_init.py]: [INFO] [2021-06-13 09:28:44] line:123->>点击<('xpath', '/html/body/div[6]/div/div[1]/div[2]/a[1]')>
[browser_init.py]: [INFO] [2021-06-13 09:28:44] line:86->>开始等待页面元素<('xpath', '/html/body/div[4]/div/div[2]/div[2]/div/div/div[1]/form/div[1]/input')>是否可见！
[browser_init.py]: [INFO] [2021-06-13 09:28:44] line:96->>页面元素<('xpath', '/html/body/div[4]/div/div[2]/div[2]/div/div/div[1]/form/div[1]/input')>可见，等待时间：0.017秒!
[browser_init.py]: [INFO] [2021-06-13 09:28:44] line:107->>在<('xpath', '/html/body/div[4]/div/div[2]/div[2]/div/div/div[1]/form/div[1]/input')>输入<mik_74>
[browser_init.py]: [INFO] [2021-06-13 09:28:44] line:86->>开始等待页面元素<('xpath', '/html/body/div[4]/div/div[2]/div[2]/div/div/div[1]/form/div[2]/div/input')>是否可见！
[browser_init.py]: [INFO] [2021-06-13 09:28:44] line:96->>页面元素<('xpath', '/html/body/div[4]/div/div[2]/div[2]/div/div/div[1]/form/div[2]/div/input')>可见，等待时间：0.184秒!
[browser_init.py]: [INFO] [2021-06-13 09:28:44] line:107->>在<('xpath', '/html/body/div[4]/div/div[2]/div[2]/div/div/div[1]/form/div[2]/div/input')>输入<123456>
[browser_init.py]: [INFO] [2021-06-13 09:28:44] line:86->>开始等待页面元素<('xpath', '/html/body/div[4]/div/div[2]/div[2]/div/div/div[1]/form/div[2]/div/input')>是否可见！
[browser_init.py]: [INFO] [2021-06-13 09:28:44] line:96->>页面元素<('xpath', '/html/body/div[4]/div/div[2]/div[2]/div/div/div[1]/form/div[2]/div/input')>可见，等待时间：0.01秒!
[browser_init.py]: [INFO] [2021-06-13 09:28:44] line:139->>点击<('xpath', '/html/body/div[4]/div/div[2]/div[2]/div/div/div[1]/form/div[2]/div/input')>提交
[browser_init.py]: [INFO] [2021-06-13 09:28:44] line:86->>开始等待页面元素<('class name', 'prompt-msg')>是否可见！
[browser_init.py]: [INFO] [2021-06-13 09:28:45] line:96->>页面元素<('class name', 'prompt-msg')>可见，等待时间：0.636秒!
[browser_init.py]: [INFO] [2021-06-13 09:28:45] line:213->>获取元素<('class name', 'prompt-msg')>的内容
[browser_init.py]: [INFO] [2021-06-13 09:28:45] line:216->>元素<('class name', 'prompt-msg')>的内容为<登录成功>
[browser_init.py]: [INFO] [2021-06-13 09:28:45] line:86->>开始等待页面元素<('xpath', '/html/body/div[6]/div/div[1]/div[1]/a[2]')>是否可见！
[browser_init.py]: [INFO] [2021-06-13 09:28:47] line:96->>页面元素<('xpath', '/html/body/div[6]/div/div[1]/div[1]/a[2]')>可见，等待时间：1.586秒!
[browser_init.py]: [INFO] [2021-06-13 09:28:47] line:123->>点击<('xpath', '/html/body/div[6]/div/div[1]/div[1]/a[2]')>
[conftest.py]: [INFO] [2021-06-13 09:28:48] line:49->>testcase_01测试结束
[test_02_login.py]: [INFO] [2021-06-13 09:28:48] line:25->>TestLogin模块测试完成
[conftest.py]: [INFO] [2021-06-13 09:28:48] line:35->>关闭浏览器
[run_web.py]: [INFO] [2021-06-13 09:28:51] line:50->>==>>>web自动化测试结束
