[run_web.py]: [INFO] [2021-06-30 19:44:26] line:48->>==>>>开始执行web自动化测试
[conftest.py]: [INFO] [2021-06-30 19:44:27] line:24->>打开浏览器
[browser.py]: [INFO] [2021-06-30 19:44:28] line:46->>在localhost使用chrome执行
[conftest.py]: [INFO] [2021-06-30 19:44:29] line:47->>*************** 开始执行用例：test_case01 ***************
[base.py]: [INFO] [2021-06-30 19:44:34] line:49->>定位商城主页页面元素：('xpath', '//a[text()="登录"]'), 元素描述：登录
[base.py]: [INFO] [2021-06-30 19:44:34] line:58->>元素定位成功：耗时0.029秒!
[base.py]: [INFO] [2021-06-30 19:44:34] line:111->>点击元素：登录
[base.py]: [INFO] [2021-06-30 19:44:36] line:49->>定位登录页面元素：('xpath', '//input[@placeholder="用户名/手机/邮箱"]'), 元素描述：用户名输入框
[base.py]: [INFO] [2021-06-30 19:44:36] line:58->>元素定位成功：耗时0.033秒!
[base.py]: [INFO] [2021-06-30 19:44:36] line:94->>输入内容：mik_2
[base.py]: [INFO] [2021-06-30 19:44:36] line:49->>定位登录页面元素：('xpath', '//input[@placeholder="登录密码"]'), 元素描述：密码输入框
[base.py]: [INFO] [2021-06-30 19:44:36] line:58->>元素定位成功：耗时0.016秒!
[base.py]: [INFO] [2021-06-30 19:44:36] line:94->>输入内容：123456
[base.py]: [INFO] [2021-06-30 19:44:36] line:49->>定位登录页面元素：('xpath', '//input[@placeholder="登录密码"]'), 元素描述：提交
[base.py]: [INFO] [2021-06-30 19:44:36] line:58->>元素定位成功：耗时0.021秒!
[base.py]: [INFO] [2021-06-30 19:44:36] line:127->>点击提交
[base.py]: [INFO] [2021-06-30 19:44:36] line:49->>定位登录成功主页页面元素：('id', 'search-input'), 元素描述：搜索框
[base.py]: [INFO] [2021-06-30 19:44:36] line:58->>元素定位成功：耗时0.018秒!
[base.py]: [INFO] [2021-06-30 19:44:36] line:94->>输入内容：手机
[base.py]: [INFO] [2021-06-30 19:44:36] line:49->>定位登录成功主页页面元素：('id', 'ai-topsearch'), 元素描述：搜索按钮
[base.py]: [INFO] [2021-06-30 19:44:36] line:58->>元素定位成功：耗时0.02秒!
[base.py]: [INFO] [2021-06-30 19:44:36] line:111->>点击元素：搜索按钮
[base.py]: [INFO] [2021-06-30 19:44:37] line:139->>获取所有句柄
[base.py]: [INFO] [2021-06-30 19:44:37] line:49->>定位显示商品页面页面元素：('xpath', '/html/body/div[4]/div/ul/li[1]/div'), 元素描述：第一个商品
[base.py]: [INFO] [2021-06-30 19:44:37] line:58->>元素定位成功：耗时0.625秒!
[base.py]: [INFO] [2021-06-30 19:44:37] line:111->>点击元素：第一个商品
[base.py]: [INFO] [2021-06-30 19:44:37] line:158->>切换到最新打开的窗口
[base.py]: [INFO] [2021-06-30 19:44:37] line:49->>定位商城主页页面元素：('xpath', '//li[@data-value="套餐一"]'), 元素描述：套餐1
[base.py]: [INFO] [2021-06-30 19:44:41] line:58->>元素定位成功：耗时3.236秒!
[base.py]: [INFO] [2021-06-30 19:44:41] line:111->>点击元素：套餐1
[base.py]: [INFO] [2021-06-30 19:44:41] line:49->>定位商城主页页面元素：('xpath', '//li[@data-value="金色"]'), 元素描述：金色
[base.py]: [INFO] [2021-06-30 19:44:41] line:58->>元素定位成功：耗时0.026秒!
[base.py]: [INFO] [2021-06-30 19:44:41] line:111->>点击元素：金色
[base.py]: [INFO] [2021-06-30 19:44:42] line:49->>定位商城主页页面元素：('xpath', '//li[@data-value="32G"]'), 元素描述：32G
[base.py]: [INFO] [2021-06-30 19:44:42] line:58->>元素定位成功：耗时0.021秒!
[base.py]: [INFO] [2021-06-30 19:44:42] line:111->>点击元素：32G
[base.py]: [INFO] [2021-06-30 19:44:42] line:49->>定位商城主页页面元素：('xpath', '//button[text()="立即购买"]'), 元素描述：立即购买
[base.py]: [INFO] [2021-06-30 19:44:42] line:58->>元素定位成功：耗时0.02秒!
[base.py]: [INFO] [2021-06-30 19:44:42] line:111->>点击元素：立即购买
[base.py]: [INFO] [2021-06-30 19:44:44] line:49->>定位订单确认页面元素：('xpath', '//button[text()="使用新地址"]'), 元素描述：使用新地址
[base.py]: [INFO] [2021-06-30 19:44:44] line:58->>元素定位成功：耗时0.028秒!
[base.py]: [INFO] [2021-06-30 19:44:44] line:111->>点击元素：使用新地址
[base.py]: [INFO] [2021-06-30 19:44:45] line:237->>iframe切换：('xpath', '//div[@id="popup-modal-address"]/div/iframe')
[base.py]: [INFO] [2021-06-30 19:44:45] line:242->>切换成功
[base.py]: [INFO] [2021-06-30 19:44:45] line:49->>定位新增地址页面元素：('xpath', '//input[@placeholder="别名"]'), 元素描述：别名
[base.py]: [INFO] [2021-06-30 19:44:45] line:58->>元素定位成功：耗时0.016秒!
[base.py]: [INFO] [2021-06-30 19:44:45] line:94->>输入内容：ak67
[base.py]: [INFO] [2021-06-30 19:44:45] line:49->>定位新增地址页面元素：('xpath', '//input[@placeholder="姓名"]'), 元素描述：姓名
[base.py]: [INFO] [2021-06-30 19:44:45] line:58->>元素定位成功：耗时0.018秒!
[base.py]: [INFO] [2021-06-30 19:44:45] line:94->>输入内容：mik123
[base.py]: [INFO] [2021-06-30 19:44:45] line:49->>定位新增地址页面元素：('xpath', '//input[@placeholder="电话"]'), 元素描述：电话
[base.py]: [INFO] [2021-06-30 19:44:46] line:58->>元素定位成功：耗时0.016秒!
[base.py]: [INFO] [2021-06-30 19:44:46] line:94->>输入内容：18923234567
[base.py]: [INFO] [2021-06-30 19:44:46] line:49->>定位新增地址页面元素：('xpath', '//span[text()="省份"]'), 元素描述：省下拉框
[base.py]: [INFO] [2021-06-30 19:44:46] line:58->>元素定位成功：耗时0.019秒!
[base.py]: [INFO] [2021-06-30 19:44:46] line:111->>点击元素：省下拉框
[base.py]: [INFO] [2021-06-30 19:44:46] line:49->>定位新增地址页面元素：('xpath', '/html/body/div[1]/form/div[4]/div[1]/div/ul/li[text()="湖北省"]'), 元素描述：湖北省
[base.py]: [ERROR] [2021-06-30 19:44:57] line:54->>元素定位失败!
[base.py]: [INFO] [2021-06-30 19:44:57] line:225->>截屏成功,图片路径为E:\My_code\UIAutoTest\imgs\2021-06-30-19-44-57.png
[conftest.py]: [INFO] [2021-06-30 19:44:58] line:49->>*************** 结束执行用例：test_case01 ***************
[conftest.py]: [INFO] [2021-06-30 19:44:58] line:35->>关闭浏览器
[run_web.py]: [INFO] [2021-06-30 19:45:01] line:50->>==>>>web自动化测试结束
