[run.py]: [INFO] [2021-05-29 16:28:25] line:10-->>开始执行web自动化测试
[browser_init.py]: [INFO] [2021-05-29 16:28:31] line:53-->>在localhost使用chrome执行
[test_register.py]: [INFO] [2021-05-29 16:28:32] line:23-->>开始执行TestZc测试
[browser_init.py]: [INFO] [2021-05-29 16:28:44] line:82-->>开始等待页面元素<('xpath', '/html/body/div[6]/div/div[1]/div[2]/a[2]')>是否可见！
[browser_init.py]: [INFO] [2021-05-29 16:28:44] line:92-->>页面元素<('xpath', '/html/body/div[6]/div/div[1]/div[2]/a[2]')>可见，等待时间：0.025秒!
[browser_init.py]: [INFO] [2021-05-29 16:28:45] line:112-->>点击<('xpath', '/html/body/div[6]/div/div[1]/div[2]/a[2]')>
[browser_init.py]: [INFO] [2021-05-29 16:28:45] line:82-->>开始等待页面元素<('xpath', '/html/body/div[4]/div/div/div/div[2]/div/div/div[1]/form/div[1]/input')>是否可见！
[browser_init.py]: [INFO] [2021-05-29 16:28:45] line:92-->>页面元素<('xpath', '/html/body/div[4]/div/div/div/div[2]/div/div/div[1]/form/div[1]/input')>可见，等待时间：0.023秒!
[browser_init.py]: [INFO] [2021-05-29 16:28:46] line:103-->>在<('xpath', '/html/body/div[4]/div/div/div/div[2]/div/div/div[1]/form/div[1]/input')>输入<mik_46>
[browser_init.py]: [INFO] [2021-05-29 16:28:46] line:82-->>开始等待页面元素<('xpath', '/html/body/div[4]/div/div/div/div[2]/div/div/div[1]/form/div[2]/div/input')>是否可见！
[browser_init.py]: [INFO] [2021-05-29 16:28:46] line:92-->>页面元素<('xpath', '/html/body/div[4]/div/div/div/div[2]/div/div/div[1]/form/div[2]/div/input')>可见，等待时间：0.018秒!
[browser_init.py]: [INFO] [2021-05-29 16:28:46] line:103-->>在<('xpath', '/html/body/div[4]/div/div/div/div[2]/div/div/div[1]/form/div[2]/div/input')>输入<123456>
[browser_init.py]: [INFO] [2021-05-29 16:28:46] line:82-->>开始等待页面元素<('xpath', '/html/body/div[4]/div/div/div/div[2]/div/div/div[1]/form/div[3]/button')>是否可见！
[browser_init.py]: [INFO] [2021-05-29 16:28:46] line:92-->>页面元素<('xpath', '/html/body/div[4]/div/div/div/div[2]/div/div/div[1]/form/div[3]/button')>可见，等待时间：0.13秒!
[browser_init.py]: [INFO] [2021-05-29 16:28:46] line:112-->>点击<('xpath', '/html/body/div[4]/div/div/div/div[2]/div/div/div[1]/form/div[3]/button')>
[browser_init.py]: [INFO] [2021-05-29 16:28:46] line:82-->>开始等待页面元素<('xpath', '/html/body/div[2]/div/ul[1]/div/div/em[2]')>是否可见！
[browser_init.py]: [INFO] [2021-05-29 16:28:48] line:92-->>页面元素<('xpath', '/html/body/div[2]/div/ul[1]/div/div/em[2]')>可见，等待时间：2.349秒!
[browser_init.py]: [INFO] [2021-05-29 16:28:48] line:185-->>元素<('xpath', '/html/body/div[2]/div/ul[1]/div/div/em[2]')>的内容为<mik_46，欢迎来到>
[browser_init.py]: [INFO] [2021-05-29 16:28:52] line:82-->>开始等待页面元素<('xpath', '/html/body/div[6]/div/div[1]/div[2]/a[2]')>是否可见！
[browser_init.py]: [INFO] [2021-05-29 16:28:52] line:92-->>页面元素<('xpath', '/html/body/div[6]/div/div[1]/div[2]/a[2]')>可见，等待时间：0.025秒!
[browser_init.py]: [INFO] [2021-05-29 16:28:52] line:112-->>点击<('xpath', '/html/body/div[6]/div/div[1]/div[2]/a[2]')>
[browser_init.py]: [INFO] [2021-05-29 16:28:52] line:82-->>开始等待页面元素<('xpath', '/html/body/div[4]/div/div/div/div[2]/div/div/div[1]/form/div[1]/input')>是否可见！
[browser_init.py]: [ERROR] [2021-05-29 16:29:02] line:87-->>等待页面元素<('xpath', '/html/body/div[4]/div/div/div/div[2]/div/div/div[1]/form/div[1]/input')>10秒失败！
[test_register.py]: [INFO] [2021-05-29 16:29:03] line:26-->>TestZc测试完成
[run.py]: [INFO] [2021-05-29 16:29:03] line:12-->>web自动化测试结束
