[run_web.py]: [INFO] [2021-06-29 20:59:17] line:48->>==>>>开始执行web自动化测试
[conftest.py]: [INFO] [2021-06-29 20:59:17] line:24->>打开浏览器
[browser.py]: [INFO] [2021-06-29 20:59:19] line:46->>在localhost使用chrome执行
[conftest.py]: [INFO] [2021-06-29 20:59:19] line:47->>*************** 开始执行用例：test_case01 ***************
[base.py]: [INFO] [2021-06-29 20:59:38] line:49->>定位商城主页页面元素：('xpath', '/html/body/div[6]/div/div[1]/div[2]/a[1]'), 元素描述：登录
[base.py]: [INFO] [2021-06-29 20:59:38] line:58->>元素定位成功：耗时0.026秒!
[base.py]: [INFO] [2021-06-29 20:59:38] line:111->>点击元素：登录
[base.py]: [INFO] [2021-06-29 20:59:39] line:49->>定位登录页面元素：('xpath', '/html/body/div[4]/div/div[2]/div[2]/div/div/div[1]/form/div[1]/input'), 元素描述：用户名输入框
[base.py]: [INFO] [2021-06-29 20:59:39] line:58->>元素定位成功：耗时0.027秒!
[base.py]: [INFO] [2021-06-29 20:59:39] line:94->>输入内容：mik_2
[base.py]: [INFO] [2021-06-29 20:59:39] line:49->>定位登录页面元素：('xpath', '/html/body/div[4]/div/div[2]/div[2]/div/div/div[1]/form/div[2]/div/input'), 元素描述：密码输入框
[base.py]: [INFO] [2021-06-29 20:59:39] line:58->>元素定位成功：耗时0.019秒!
[base.py]: [INFO] [2021-06-29 20:59:39] line:94->>输入内容：123456
[base.py]: [INFO] [2021-06-29 20:59:39] line:49->>定位登录页面元素：('xpath', '/html/body/div[4]/div/div[2]/div[2]/div/div/div[1]/form/div[2]/div/input'), 元素描述：提交
[base.py]: [INFO] [2021-06-29 20:59:39] line:58->>元素定位成功：耗时0.015秒!
[base.py]: [INFO] [2021-06-29 20:59:39] line:127->>点击提交
[base.py]: [INFO] [2021-06-29 20:59:39] line:49->>定位登录成功主页页面元素：('id', 'search-input'), 元素描述：搜索框
[base.py]: [INFO] [2021-06-29 20:59:39] line:58->>元素定位成功：耗时0.019秒!
[base.py]: [INFO] [2021-06-29 20:59:39] line:94->>输入内容：手机
[base.py]: [INFO] [2021-06-29 20:59:39] line:49->>定位登录成功主页页面元素：('id', 'ai-topsearch'), 元素描述：搜索按钮
[base.py]: [INFO] [2021-06-29 20:59:39] line:58->>元素定位成功：耗时0.017秒!
[base.py]: [INFO] [2021-06-29 20:59:39] line:111->>点击元素：搜索按钮
[base.py]: [INFO] [2021-06-29 20:59:41] line:139->>获取所有句柄
[base.py]: [INFO] [2021-06-29 20:59:41] line:49->>定位显示商品页面页面元素：('xpath', '/html/body/div[4]/div/ul/li[1]/div'), 元素描述：第一个商品
[base.py]: [INFO] [2021-06-29 20:59:42] line:58->>元素定位成功：耗时0.557秒!
[base.py]: [INFO] [2021-06-29 20:59:42] line:111->>点击元素：第一个商品
[base.py]: [INFO] [2021-06-29 20:59:42] line:158->>切换到最新打开的窗口
[base.py]: [INFO] [2021-06-29 20:59:42] line:49->>定位商城主页页面元素：('xpath', '//li[@data-value="套餐一"]'), 元素描述：套餐1
[base.py]: [INFO] [2021-06-29 20:59:46] line:58->>元素定位成功：耗时4.137秒!
[base.py]: [INFO] [2021-06-29 20:59:46] line:111->>点击元素：套餐1
[base.py]: [INFO] [2021-06-29 20:59:47] line:49->>定位商城主页页面元素：('xpath', '//li[@data-value="金色"]'), 元素描述：金色
[base.py]: [INFO] [2021-06-29 20:59:47] line:58->>元素定位成功：耗时0.029秒!
[base.py]: [INFO] [2021-06-29 20:59:47] line:111->>点击元素：金色
[base.py]: [INFO] [2021-06-29 20:59:47] line:49->>定位商城主页页面元素：('xpath', '//li[@data-value="32G"]'), 元素描述：32G
[base.py]: [INFO] [2021-06-29 20:59:47] line:58->>元素定位成功：耗时0.021秒!
[base.py]: [INFO] [2021-06-29 20:59:47] line:111->>点击元素：32G
[base.py]: [INFO] [2021-06-29 20:59:48] line:49->>定位商城主页页面元素：('xpath', '/html/body/div[4]/div[2]/div[2]/div/div[3]/div[2]/button[1]'), 元素描述：立即购买
[base.py]: [INFO] [2021-06-29 20:59:48] line:58->>元素定位成功：耗时0.019秒!
[base.py]: [INFO] [2021-06-29 20:59:48] line:111->>点击元素：立即购买
[base.py]: [INFO] [2021-06-29 20:59:49] line:49->>定位订单确认页面元素：('xpath', '//button[text()="使用新地址"]'), 元素描述：使用新地址
[base.py]: [INFO] [2021-06-29 20:59:49] line:58->>元素定位成功：耗时0.022秒!
[base.py]: [INFO] [2021-06-29 20:59:49] line:111->>点击元素：使用新地址
[base.py]: [INFO] [2021-06-29 20:59:49] line:237->>iframe切换：('xpath', '//iframe[@src="http://123.56.183.84/index.php?s=/index/useraddress/saveinfo.html"]')
[base.py]: [INFO] [2021-06-29 20:59:50] line:242->>切换成功
[base.py]: [INFO] [2021-06-29 20:59:50] line:49->>定位新增地址页面元素：('xpath', '//input[@placeholder="别名"]'), 元素描述：别名
[base.py]: [INFO] [2021-06-29 20:59:50] line:58->>元素定位成功：耗时0.015秒!
[base.py]: [INFO] [2021-06-29 20:59:50] line:94->>输入内容：ak67
[base.py]: [INFO] [2021-06-29 20:59:50] line:49->>定位新增地址页面元素：('xpath', '//input[@placeholder="姓名"]'), 元素描述：姓名
[base.py]: [INFO] [2021-06-29 20:59:50] line:58->>元素定位成功：耗时0.021秒!
[base.py]: [INFO] [2021-06-29 20:59:50] line:94->>输入内容：mik123
[base.py]: [INFO] [2021-06-29 20:59:50] line:49->>定位新增地址页面元素：('xpath', '//input[@placeholder="电话"]'), 元素描述：电话
[base.py]: [INFO] [2021-06-29 20:59:50] line:58->>元素定位成功：耗时0.019秒!
[base.py]: [INFO] [2021-06-29 20:59:50] line:94->>输入内容：18923234567
[base.py]: [INFO] [2021-06-29 20:59:51] line:49->>定位新增地址页面元素：('xpath', '/html/body/div[1]/form/div[4]/div[1]/a/div'), 元素描述：省下拉框
[base.py]: [INFO] [2021-06-29 20:59:51] line:58->>元素定位成功：耗时0.016秒!
[base.py]: [INFO] [2021-06-29 20:59:51] line:111->>点击元素：省下拉框
[base.py]: [INFO] [2021-06-29 20:59:51] line:49->>定位新增地址页面元素：('xpath', '/html/body/div[1]/form/div[4]/div[1]/div/ul/li[text()="湖北省"]'), 元素描述：选择省
[base.py]: [INFO] [2021-06-29 20:59:51] line:58->>元素定位成功：耗时0.021秒!
[base.py]: [INFO] [2021-06-29 20:59:51] line:111->>点击元素：选择省
[base.py]: [INFO] [2021-06-29 20:59:53] line:49->>定位新增地址页面元素：('xpath', '/html/body/div[1]/form/div[4]/div[2]/a/div'), 元素描述：市下拉框
[base.py]: [INFO] [2021-06-29 20:59:53] line:58->>元素定位成功：耗时0.015秒!
[base.py]: [INFO] [2021-06-29 20:59:53] line:111->>点击元素：市下拉框
[base.py]: [INFO] [2021-06-29 20:59:53] line:49->>定位新增地址页面元素：('xpath', '/html/body/div[1]/form/div[4]/div[2]/div/ul/li[text()="武汉市"]'), 元素描述：选择市
[base.py]: [INFO] [2021-06-29 21:00:01] line:58->>元素定位成功：耗时8.304秒!
[base.py]: [INFO] [2021-06-29 21:00:01] line:111->>点击元素：选择市
[base.py]: [INFO] [2021-06-29 21:00:02] line:49->>定位新增地址页面元素：('xpath', '/html/body/div[1]/form/div[4]/div[3]/a/div'), 元素描述：区下拉框
[base.py]: [INFO] [2021-06-29 21:00:02] line:58->>元素定位成功：耗时0.019秒!
[base.py]: [INFO] [2021-06-29 21:00:02] line:111->>点击元素：区下拉框
[base.py]: [INFO] [2021-06-29 21:00:02] line:49->>定位新增地址页面元素：('xpath', '/html/body/div[1]/form/div[4]/div[3]/div/ul/li[text()="江夏区"]'), 元素描述：选择区
[base.py]: [INFO] [2021-06-29 21:00:04] line:58->>元素定位成功：耗时2.074秒!
[base.py]: [INFO] [2021-06-29 21:00:04] line:111->>点击元素：选择区
[base.py]: [INFO] [2021-06-29 21:00:04] line:49->>定位新增地址页面元素：('xpath', '//input[@placeholder="详细地址"]'), 元素描述：详细地址
[base.py]: [INFO] [2021-06-29 21:00:04] line:58->>元素定位成功：耗时0.022秒!
[base.py]: [INFO] [2021-06-29 21:00:04] line:94->>输入内容：湖北省
[base.py]: [INFO] [2021-06-29 21:00:04] line:49->>定位新增地址页面元素：('xpath', '//button[text()="保存"]'), 元素描述：保存按钮
[base.py]: [INFO] [2021-06-29 21:00:04] line:58->>元素定位成功：耗时0.019秒!
[base.py]: [INFO] [2021-06-29 21:00:04] line:111->>点击元素：保存按钮
[conftest.py]: [INFO] [2021-06-29 21:00:09] line:49->>*************** 结束执行用例：test_case01 ***************
[conftest.py]: [INFO] [2021-06-29 21:00:09] line:35->>关闭浏览器
[run_web.py]: [INFO] [2021-06-29 21:00:12] line:50->>==>>>web自动化测试结束
