[run_web.py]: [INFO] [2021-06-30 17:45:24] line:48->>==>>>开始执行web自动化测试
[rd_yaml.py]: [INFO] [2021-06-30 17:45:25] line:23->>加载 E:\My_code\UIAutoTest\testdata\web_data.yaml 文件......
[rd_yaml.py]: [INFO] [2021-06-30 17:45:25] line:23->>加载 E:\My_code\UIAutoTest\testdata\web_data.yaml 文件......
[conftest.py]: [INFO] [2021-06-30 17:45:25] line:24->>打开浏览器
[browser.py]: [INFO] [2021-06-30 17:45:27] line:46->>在localhost使用chrome执行
[test_01_register.py]: [INFO] [2021-06-30 17:45:27] line:20->>开始执行TestRegister模块测试
[conftest.py]: [INFO] [2021-06-30 17:45:27] line:47->>*************** 开始执行用例：testcase_01 ***************
[base.py]: [INFO] [2021-06-30 17:45:33] line:49->>定位商城主页页面元素：('xpath', '/html/body/div[6]/div/div[1]/div[2]/a[2]'), 元素描述：注册
[base.py]: [INFO] [2021-06-30 17:45:34] line:58->>元素定位成功：耗时0.063秒!
[base.py]: [INFO] [2021-06-30 17:45:34] line:111->>点击元素：注册
[base.py]: [INFO] [2021-06-30 17:45:36] line:49->>定位注册页面元素：('xpath', '/html/body/div[4]/div/div/div/div[2]/div/div/div[1]/form/div[1]/input'), 元素描述：用户名输入框
[base.py]: [INFO] [2021-06-30 17:45:36] line:58->>元素定位成功：耗时0.032秒!
[base.py]: [INFO] [2021-06-30 17:45:36] line:94->>输入内容：mik_73
[base.py]: [INFO] [2021-06-30 17:45:37] line:49->>定位注册页面元素：('xpath', '/html/body/div[4]/div/div/div/div[2]/div/div/div[1]/form/div[2]/div/input'), 元素描述：密码输入框
[base.py]: [INFO] [2021-06-30 17:45:37] line:58->>元素定位成功：耗时0.023秒!
[base.py]: [INFO] [2021-06-30 17:45:37] line:94->>输入内容：123456
[base.py]: [INFO] [2021-06-30 17:45:37] line:49->>定位注册页面元素：('xpath', '/html/body/div[4]/div/div/div/div[2]/div/div/div[1]/form/div[3]/button'), 元素描述：提交
[base.py]: [ERROR] [2021-06-30 17:45:48] line:54->>元素定位失败!
[base.py]: [INFO] [2021-06-30 17:45:49] line:225->>截屏成功,图片路径为E:\My_code\UIAutoTest\imgs\2021-06-30-17-45-48.png
[conftest.py]: [INFO] [2021-06-30 17:45:50] line:49->>*************** 结束执行用例：testcase_01 ***************
[conftest.py]: [INFO] [2021-06-30 17:45:50] line:47->>*************** 开始执行用例：testcase_01 ***************
[base.py]: [INFO] [2021-06-30 17:45:51] line:49->>定位商城主页页面元素：('xpath', '/html/body/div[6]/div/div[1]/div[2]/a[2]'), 元素描述：注册
[base.py]: [INFO] [2021-06-30 17:45:51] line:58->>元素定位成功：耗时0.034秒!
[base.py]: [INFO] [2021-06-30 17:45:51] line:111->>点击元素：注册
[base.py]: [INFO] [2021-06-30 17:45:51] line:49->>定位注册页面元素：('xpath', '/html/body/div[4]/div/div/div/div[2]/div/div/div[1]/form/div[1]/input'), 元素描述：用户名输入框
[base.py]: [INFO] [2021-06-30 17:45:51] line:58->>元素定位成功：耗时0.022秒!
[base.py]: [INFO] [2021-06-30 17:45:51] line:94->>输入内容：mik_74
[base.py]: [INFO] [2021-06-30 17:45:52] line:49->>定位注册页面元素：('xpath', '/html/body/div[4]/div/div/div/div[2]/div/div/div[1]/form/div[2]/div/input'), 元素描述：密码输入框
[base.py]: [INFO] [2021-06-30 17:45:52] line:58->>元素定位成功：耗时0.017秒!
[base.py]: [INFO] [2021-06-30 17:45:52] line:94->>输入内容：123456
[base.py]: [INFO] [2021-06-30 17:45:52] line:49->>定位注册页面元素：('xpath', '/html/body/div[4]/div/div/div/div[2]/div/div/div[1]/form/div[3]/button'), 元素描述：提交
