[run.py]: [INFO] [2021-05-30 22:00:37] line:10-->>开始执行web自动化测试
[browser_init.py]: [INFO] [2021-05-30 22:00:47] line:53-->>在localhost使用chrome执行
[test_register.py]: [INFO] [2021-05-30 22:00:48] line:21-->>开始执行TestZc测试
[browser_init.py]: [INFO] [2021-05-30 22:01:01] line:82-->>开始等待页面元素<('xpath', '/html/body/div[6]/div/div[1]/div[2]/a[2]')>是否可见！
[browser_init.py]: [INFO] [2021-05-30 22:01:01] line:92-->>页面元素<('xpath', '/html/body/div[6]/div/div[1]/div[2]/a[2]')>可见，等待时间：0.033秒!
[browser_init.py]: [INFO] [2021-05-30 22:01:02] line:112-->>点击<('xpath', '/html/body/div[6]/div/div[1]/div[2]/a[2]')>
[browser_init.py]: [INFO] [2021-05-30 22:01:02] line:82-->>开始等待页面元素<('xpath', '/html/body/div[4]/div/div/div/div[2]/div/div/div[1]/form/div[1]/input')>是否可见！
[browser_init.py]: [INFO] [2021-05-30 22:01:02] line:92-->>页面元素<('xpath', '/html/body/div[4]/div/div/div/div[2]/div/div/div[1]/form/div[1]/input')>可见，等待时间：0.046秒!
[browser_init.py]: [INFO] [2021-05-30 22:01:02] line:103-->>在<('xpath', '/html/body/div[4]/div/div/div/div[2]/div/div/div[1]/form/div[1]/input')>输入<mik_50>
[browser_init.py]: [INFO] [2021-05-30 22:01:02] line:82-->>开始等待页面元素<('xpath', '/html/body/div[4]/div/div/div/div[2]/div/div/div[1]/form/div[2]/div/input')>是否可见！
[browser_init.py]: [INFO] [2021-05-30 22:01:02] line:92-->>页面元素<('xpath', '/html/body/div[4]/div/div/div/div[2]/div/div/div[1]/form/div[2]/div/input')>可见，等待时间：0.021秒!
[browser_init.py]: [INFO] [2021-05-30 22:01:02] line:103-->>在<('xpath', '/html/body/div[4]/div/div/div/div[2]/div/div/div[1]/form/div[2]/div/input')>输入<123456>
[browser_init.py]: [INFO] [2021-05-30 22:01:02] line:82-->>开始等待页面元素<('xpath', '/html/body/div[4]/div/div/div/div[2]/div/div/div[1]/form/div[3]/button')>是否可见！
[browser_init.py]: [INFO] [2021-05-30 22:01:02] line:92-->>页面元素<('xpath', '/html/body/div[4]/div/div/div/div[2]/div/div/div[1]/form/div[3]/button')>可见，等待时间：0.02秒!
[browser_init.py]: [INFO] [2021-05-30 22:01:03] line:112-->>点击<('xpath', '/html/body/div[4]/div/div/div/div[2]/div/div/div[1]/form/div[3]/button')>
[browser_init.py]: [INFO] [2021-05-30 22:01:03] line:82-->>开始等待页面元素<('xpath', '/html/body/div[2]/div/ul[1]/div/div/em[2]')>是否可见！
[browser_init.py]: [ERROR] [2021-05-30 22:01:13] line:87-->>等待页面元素<('xpath', '/html/body/div[2]/div/ul[1]/div/div/em[2]')>10秒失败！
[browser_init.py]: [INFO] [2021-05-30 22:01:14] line:82-->>开始等待页面元素<('xpath', '/html/body/div[6]/div/div[1]/div[2]/a[2]')>是否可见！
[browser_init.py]: [INFO] [2021-05-30 22:01:14] line:92-->>页面元素<('xpath', '/html/body/div[6]/div/div[1]/div[2]/a[2]')>可见，等待时间：0.14秒!
[browser_init.py]: [INFO] [2021-05-30 22:01:15] line:112-->>点击<('xpath', '/html/body/div[6]/div/div[1]/div[2]/a[2]')>
[browser_init.py]: [INFO] [2021-05-30 22:01:15] line:82-->>开始等待页面元素<('xpath', '/html/body/div[4]/div/div/div/div[2]/div/div/div[1]/form/div[1]/input')>是否可见！
[browser_init.py]: [INFO] [2021-05-30 22:01:15] line:92-->>页面元素<('xpath', '/html/body/div[4]/div/div/div/div[2]/div/div/div[1]/form/div[1]/input')>可见，等待时间：0.182秒!
[browser_init.py]: [INFO] [2021-05-30 22:01:15] line:103-->>在<('xpath', '/html/body/div[4]/div/div/div/div[2]/div/div/div[1]/form/div[1]/input')>输入<mik_51>
[browser_init.py]: [INFO] [2021-05-30 22:01:15] line:82-->>开始等待页面元素<('xpath', '/html/body/div[4]/div/div/div/div[2]/div/div/div[1]/form/div[2]/div/input')>是否可见！
[browser_init.py]: [INFO] [2021-05-30 22:01:15] line:92-->>页面元素<('xpath', '/html/body/div[4]/div/div/div/div[2]/div/div/div[1]/form/div[2]/div/input')>可见，等待时间：0.019秒!
[browser_init.py]: [INFO] [2021-05-30 22:01:15] line:103-->>在<('xpath', '/html/body/div[4]/div/div/div/div[2]/div/div/div[1]/form/div[2]/div/input')>输入<123456>
[browser_init.py]: [INFO] [2021-05-30 22:01:15] line:82-->>开始等待页面元素<('xpath', '/html/body/div[4]/div/div/div/div[2]/div/div/div[1]/form/div[3]/button')>是否可见！
[browser_init.py]: [INFO] [2021-05-30 22:01:15] line:92-->>页面元素<('xpath', '/html/body/div[4]/div/div/div/div[2]/div/div/div[1]/form/div[3]/button')>可见，等待时间：0.016秒!
[browser_init.py]: [INFO] [2021-05-30 22:01:15] line:112-->>点击<('xpath', '/html/body/div[4]/div/div/div/div[2]/div/div/div[1]/form/div[3]/button')>
[browser_init.py]: [INFO] [2021-05-30 22:01:15] line:82-->>开始等待页面元素<('xpath', '/html/body/div[2]/div/ul[1]/div/div/em[2]')>是否可见！
[browser_init.py]: [ERROR] [2021-05-30 22:01:26] line:87-->>等待页面元素<('xpath', '/html/body/div[2]/div/ul[1]/div/div/em[2]')>10秒失败！
[test_register.py]: [INFO] [2021-05-30 22:01:26] line:24-->>TestZc测试完成
[run.py]: [INFO] [2021-05-30 22:01:26] line:12-->>web自动化测试结束
