[run.py]: [INFO] [2021-05-31 21:21:34] line:10-->>开始执行web自动化测试
[browser_init.py]: [INFO] [2021-05-31 21:21:40] line:53-->>在localhost使用chrome执行
[test_register.py]: [INFO] [2021-05-31 21:21:41] line:22-->>开始执行TestZc测试
[browser_init.py]: [INFO] [2021-05-31 21:21:58] line:82-->>开始等待页面元素<('xpath', '/html/body/div[6]/div/div[1]/div[2]/a[2]')>是否可见！
[browser_init.py]: [INFO] [2021-05-31 21:21:58] line:92-->>页面元素<('xpath', '/html/body/div[6]/div/div[1]/div[2]/a[2]')>可见，等待时间：0.033秒!
[browser_init.py]: [INFO] [2021-05-31 21:21:59] line:112-->>点击<('xpath', '/html/body/div[6]/div/div[1]/div[2]/a[2]')>
[browser_init.py]: [INFO] [2021-05-31 21:21:59] line:82-->>开始等待页面元素<('xpath', '/html/body/div[4]/div/div/div/div[2]/div/div/div[1]/form/div[1]/input')>是否可见！
[browser_init.py]: [INFO] [2021-05-31 21:21:59] line:92-->>页面元素<('xpath', '/html/body/div[4]/div/div/div/div[2]/div/div/div[1]/form/div[1]/input')>可见，等待时间：0.026秒!
[browser_init.py]: [INFO] [2021-05-31 21:21:59] line:103-->>在<('xpath', '/html/body/div[4]/div/div/div/div[2]/div/div/div[1]/form/div[1]/input')>输入<mik_55>
[browser_init.py]: [INFO] [2021-05-31 21:21:59] line:82-->>开始等待页面元素<('xpath', '/html/body/div[4]/div/div/div/div[2]/div/div/div[1]/form/div[2]/div/input')>是否可见！
[browser_init.py]: [INFO] [2021-05-31 21:21:59] line:92-->>页面元素<('xpath', '/html/body/div[4]/div/div/div/div[2]/div/div/div[1]/form/div[2]/div/input')>可见，等待时间：0.02秒!
[browser_init.py]: [INFO] [2021-05-31 21:21:59] line:103-->>在<('xpath', '/html/body/div[4]/div/div/div/div[2]/div/div/div[1]/form/div[2]/div/input')>输入<123456>
[browser_init.py]: [INFO] [2021-05-31 21:21:59] line:82-->>开始等待页面元素<('xpath', '/html/body/div[4]/div/div/div/div[2]/div/div/div[1]/form/div[3]/button')>是否可见！
[browser_init.py]: [INFO] [2021-05-31 21:21:59] line:92-->>页面元素<('xpath', '/html/body/div[4]/div/div/div/div[2]/div/div/div[1]/form/div[3]/button')>可见，等待时间：0.018秒!
[browser_init.py]: [INFO] [2021-05-31 21:22:00] line:112-->>点击<('xpath', '/html/body/div[4]/div/div/div/div[2]/div/div/div[1]/form/div[3]/button')>
[browser_init.py]: [INFO] [2021-05-31 21:22:00] line:82-->>开始等待页面元素<('xpath', '/html/body/div[2]/div/ul[1]/div/div/em[2]')>是否可见！
[browser_init.py]: [INFO] [2021-05-31 21:22:02] line:92-->>页面元素<('xpath', '/html/body/div[2]/div/ul[1]/div/div/em[2]')>可见，等待时间：2.456秒!
[browser_init.py]: [INFO] [2021-05-31 21:22:02] line:185-->>元素<('xpath', '/html/body/div[2]/div/ul[1]/div/div/em[2]')>的内容为<mik_55，欢迎来到>
[test_register.py]: [INFO] [2021-05-31 21:22:02] line:44-->>注册成功
[browser_init.py]: [INFO] [2021-05-31 21:22:02] line:82-->>开始等待页面元素<('xpath', '/html/body/div[6]/div/div[1]/div[1]/a[2]')>是否可见！
[browser_init.py]: [INFO] [2021-05-31 21:22:02] line:92-->>页面元素<('xpath', '/html/body/div[6]/div/div[1]/div[1]/a[2]')>可见，等待时间：0.019秒!
[browser_init.py]: [INFO] [2021-05-31 21:22:03] line:112-->>点击<('xpath', '/html/body/div[6]/div/div[1]/div[1]/a[2]')>
[browser_init.py]: [INFO] [2021-05-31 21:22:06] line:82-->>开始等待页面元素<('xpath', '/html/body/div[6]/div/div[1]/div[2]/a[2]')>是否可见！
[browser_init.py]: [INFO] [2021-05-31 21:22:06] line:92-->>页面元素<('xpath', '/html/body/div[6]/div/div[1]/div[2]/a[2]')>可见，等待时间：0.029秒!
[browser_init.py]: [INFO] [2021-05-31 21:22:07] line:112-->>点击<('xpath', '/html/body/div[6]/div/div[1]/div[2]/a[2]')>
[browser_init.py]: [INFO] [2021-05-31 21:22:07] line:82-->>开始等待页面元素<('xpath', '/html/body/div[4]/div/div/div/div[2]/div/div/div[1]/form/div[1]/input')>是否可见！
[browser_init.py]: [INFO] [2021-05-31 21:22:07] line:92-->>页面元素<('xpath', '/html/body/div[4]/div/div/div/div[2]/div/div/div[1]/form/div[1]/input')>可见，等待时间：0.028秒!
[browser_init.py]: [INFO] [2021-05-31 21:22:08] line:103-->>在<('xpath', '/html/body/div[4]/div/div/div/div[2]/div/div/div[1]/form/div[1]/input')>输入<mik_56>
[browser_init.py]: [INFO] [2021-05-31 21:22:08] line:82-->>开始等待页面元素<('xpath', '/html/body/div[4]/div/div/div/div[2]/div/div/div[1]/form/div[2]/div/input')>是否可见！
[browser_init.py]: [INFO] [2021-05-31 21:22:08] line:92-->>页面元素<('xpath', '/html/body/div[4]/div/div/div/div[2]/div/div/div[1]/form/div[2]/div/input')>可见，等待时间：0.019秒!
[browser_init.py]: [INFO] [2021-05-31 21:22:08] line:103-->>在<('xpath', '/html/body/div[4]/div/div/div/div[2]/div/div/div[1]/form/div[2]/div/input')>输入<123456>
[browser_init.py]: [INFO] [2021-05-31 21:22:08] line:82-->>开始等待页面元素<('xpath', '/html/body/div[4]/div/div/div/div[2]/div/div/div[1]/form/div[3]/button')>是否可见！
[browser_init.py]: [INFO] [2021-05-31 21:22:08] line:92-->>页面元素<('xpath', '/html/body/div[4]/div/div/div/div[2]/div/div/div[1]/form/div[3]/button')>可见，等待时间：0.019秒!
[browser_init.py]: [INFO] [2021-05-31 21:22:08] line:112-->>点击<('xpath', '/html/body/div[4]/div/div/div/div[2]/div/div/div[1]/form/div[3]/button')>
[browser_init.py]: [INFO] [2021-05-31 21:22:08] line:82-->>开始等待页面元素<('xpath', '/html/body/div[2]/div/ul[1]/div/div/em[2]')>是否可见！
[browser_init.py]: [INFO] [2021-05-31 21:22:10] line:92-->>页面元素<('xpath', '/html/body/div[2]/div/ul[1]/div/div/em[2]')>可见，等待时间：2.182秒!
[browser_init.py]: [INFO] [2021-05-31 21:22:10] line:185-->>元素<('xpath', '/html/body/div[2]/div/ul[1]/div/div/em[2]')>的内容为<mik_56，欢迎来到>
[test_register.py]: [INFO] [2021-05-31 21:22:10] line:44-->>注册成功
[browser_init.py]: [INFO] [2021-05-31 21:22:10] line:82-->>开始等待页面元素<('xpath', '/html/body/div[6]/div/div[1]/div[1]/a[2]')>是否可见！
[browser_init.py]: [INFO] [2021-05-31 21:22:10] line:92-->>页面元素<('xpath', '/html/body/div[6]/div/div[1]/div[1]/a[2]')>可见，等待时间：0.025秒!
[browser_init.py]: [INFO] [2021-05-31 21:22:11] line:112-->>点击<('xpath', '/html/body/div[6]/div/div[1]/div[1]/a[2]')>
[browser_init.py]: [INFO] [2021-05-31 21:22:15] line:82-->>开始等待页面元素<('xpath', '/html/body/div[6]/div/div[1]/div[2]/a[2]')>是否可见！
[browser_init.py]: [INFO] [2021-05-31 21:22:15] line:92-->>页面元素<('xpath', '/html/body/div[6]/div/div[1]/div[2]/a[2]')>可见，等待时间：0.025秒!
[browser_init.py]: [INFO] [2021-05-31 21:22:16] line:112-->>点击<('xpath', '/html/body/div[6]/div/div[1]/div[2]/a[2]')>
[browser_init.py]: [INFO] [2021-05-31 21:22:16] line:82-->>开始等待页面元素<('xpath', '/html/body/div[4]/div/div/div/div[2]/div/div/div[1]/form/div[1]/input')>是否可见！
[browser_init.py]: [INFO] [2021-05-31 21:22:16] line:92-->>页面元素<('xpath', '/html/body/div[4]/div/div/div/div[2]/div/div/div[1]/form/div[1]/input')>可见，等待时间：0.168秒!
[browser_init.py]: [INFO] [2021-05-31 21:22:16] line:103-->>在<('xpath', '/html/body/div[4]/div/div/div/div[2]/div/div/div[1]/form/div[1]/input')>输入<mik_57>
[browser_init.py]: [INFO] [2021-05-31 21:22:16] line:82-->>开始等待页面元素<('xpath', '/html/body/div[4]/div/div/div/div[2]/div/div/div[1]/form/div[2]/div/input')>是否可见！
[browser_init.py]: [INFO] [2021-05-31 21:22:16] line:92-->>页面元素<('xpath', '/html/body/div[4]/div/div/div/div[2]/div/div/div[1]/form/div[2]/div/input')>可见，等待时间：0.022秒!
[browser_init.py]: [INFO] [2021-05-31 21:22:16] line:103-->>在<('xpath', '/html/body/div[4]/div/div/div/div[2]/div/div/div[1]/form/div[2]/div/input')>输入<123456>
[browser_init.py]: [INFO] [2021-05-31 21:22:16] line:82-->>开始等待页面元素<('xpath', '/html/body/div[4]/div/div/div/div[2]/div/div/div[1]/form/div[3]/button')>是否可见！
[browser_init.py]: [INFO] [2021-05-31 21:22:16] line:92-->>页面元素<('xpath', '/html/body/div[4]/div/div/div/div[2]/div/div/div[1]/form/div[3]/button')>可见，等待时间：0.021秒!
[browser_init.py]: [INFO] [2021-05-31 21:22:16] line:112-->>点击<('xpath', '/html/body/div[4]/div/div/div/div[2]/div/div/div[1]/form/div[3]/button')>
[browser_init.py]: [INFO] [2021-05-31 21:22:16] line:82-->>开始等待页面元素<('xpath', '/html/body/div[2]/div/ul[1]/div/div/em[2]')>是否可见！
[browser_init.py]: [INFO] [2021-05-31 21:22:18] line:92-->>页面元素<('xpath', '/html/body/div[2]/div/ul[1]/div/div/em[2]')>可见，等待时间：2.182秒!
[browser_init.py]: [INFO] [2021-05-31 21:22:18] line:185-->>元素<('xpath', '/html/body/div[2]/div/ul[1]/div/div/em[2]')>的内容为<mik_57，欢迎来到>
[test_register.py]: [INFO] [2021-05-31 21:22:18] line:44-->>注册成功
[browser_init.py]: [INFO] [2021-05-31 21:22:18] line:82-->>开始等待页面元素<('xpath', '/html/body/div[6]/div/div[1]/div[1]/a[2]')>是否可见！
[browser_init.py]: [INFO] [2021-05-31 21:22:18] line:92-->>页面元素<('xpath', '/html/body/div[6]/div/div[1]/div[1]/a[2]')>可见，等待时间：0.025秒!
[browser_init.py]: [INFO] [2021-05-31 21:22:19] line:112-->>点击<('xpath', '/html/body/div[6]/div/div[1]/div[1]/a[2]')>
[browser_init.py]: [INFO] [2021-05-31 21:22:23] line:82-->>开始等待页面元素<('xpath', '/html/body/div[6]/div/div[1]/div[2]/a[2]')>是否可见！
[browser_init.py]: [INFO] [2021-05-31 21:22:23] line:92-->>页面元素<('xpath', '/html/body/div[6]/div/div[1]/div[2]/a[2]')>可见，等待时间：0.171秒!
[browser_init.py]: [INFO] [2021-05-31 21:22:23] line:112-->>点击<('xpath', '/html/body/div[6]/div/div[1]/div[2]/a[2]')>
[browser_init.py]: [INFO] [2021-05-31 21:22:23] line:82-->>开始等待页面元素<('xpath', '/html/body/div[4]/div/div/div/div[2]/div/div/div[1]/form/div[1]/input')>是否可见！
[browser_init.py]: [INFO] [2021-05-31 21:22:23] line:92-->>页面元素<('xpath', '/html/body/div[4]/div/div/div/div[2]/div/div/div[1]/form/div[1]/input')>可见，等待时间：0.021秒!
[browser_init.py]: [INFO] [2021-05-31 21:22:23] line:103-->>在<('xpath', '/html/body/div[4]/div/div/div/div[2]/div/div/div[1]/form/div[1]/input')>输入<mik_58>
[browser_init.py]: [INFO] [2021-05-31 21:22:23] line:82-->>开始等待页面元素<('xpath', '/html/body/div[4]/div/div/div/div[2]/div/div/div[1]/form/div[2]/div/input')>是否可见！
[browser_init.py]: [INFO] [2021-05-31 21:22:24] line:92-->>页面元素<('xpath', '/html/body/div[4]/div/div/div/div[2]/div/div/div[1]/form/div[2]/div/input')>可见，等待时间：0.02秒!
[browser_init.py]: [INFO] [2021-05-31 21:22:24] line:103-->>在<('xpath', '/html/body/div[4]/div/div/div/div[2]/div/div/div[1]/form/div[2]/div/input')>输入<123456>
[browser_init.py]: [INFO] [2021-05-31 21:22:24] line:82-->>开始等待页面元素<('xpath', '/html/body/div[4]/div/div/div/div[2]/div/div/div[1]/form/div[3]/button')>是否可见！
[browser_init.py]: [INFO] [2021-05-31 21:22:24] line:92-->>页面元素<('xpath', '/html/body/div[4]/div/div/div/div[2]/div/div/div[1]/form/div[3]/button')>可见，等待时间：0.018秒!
[browser_init.py]: [INFO] [2021-05-31 21:22:24] line:112-->>点击<('xpath', '/html/body/div[4]/div/div/div/div[2]/div/div/div[1]/form/div[3]/button')>
[browser_init.py]: [INFO] [2021-05-31 21:22:24] line:82-->>开始等待页面元素<('xpath', '/html/body/div[2]/div/ul[1]/div/div/em[2]')>是否可见！
[browser_init.py]: [INFO] [2021-05-31 21:22:26] line:92-->>页面元素<('xpath', '/html/body/div[2]/div/ul[1]/div/div/em[2]')>可见，等待时间：2.337秒!
[browser_init.py]: [INFO] [2021-05-31 21:22:26] line:185-->>元素<('xpath', '/html/body/div[2]/div/ul[1]/div/div/em[2]')>的内容为<mik_58，欢迎来到>
[test_register.py]: [INFO] [2021-05-31 21:22:26] line:44-->>注册成功
[browser_init.py]: [INFO] [2021-05-31 21:22:26] line:82-->>开始等待页面元素<('xpath', '/html/body/div[6]/div/div[1]/div[1]/a[2]')>是否可见！
[browser_init.py]: [INFO] [2021-05-31 21:22:26] line:92-->>页面元素<('xpath', '/html/body/div[6]/div/div[1]/div[1]/a[2]')>可见，等待时间：0.042秒!
[browser_init.py]: [INFO] [2021-05-31 21:22:27] line:112-->>点击<('xpath', '/html/body/div[6]/div/div[1]/div[1]/a[2]')>
[test_register.py]: [INFO] [2021-05-31 21:22:30] line:25-->>TestZc测试完成
[run.py]: [INFO] [2021-05-31 21:22:30] line:12-->>web自动化测试结束
