[run_web.py]: [INFO] [2021-06-30 19:49:49] line:48->>==>>>开始执行web自动化测试
[rd_yaml.py]: [INFO] [2021-06-30 19:49:50] line:23->>加载 E:\My_code\UIAutoTest\testdata\web_data.yaml 文件......
[rd_yaml.py]: [INFO] [2021-06-30 19:49:50] line:23->>加载 E:\My_code\UIAutoTest\testdata\web_data.yaml 文件......
[conftest.py]: [INFO] [2021-06-30 19:49:51] line:24->>打开浏览器
[browser.py]: [INFO] [2021-06-30 19:49:52] line:46->>在localhost使用chrome执行
[test_01_register.py]: [INFO] [2021-06-30 19:49:52] line:20->>开始执行TestRegister模块测试
[conftest.py]: [INFO] [2021-06-30 19:49:52] line:47->>*************** 开始执行用例：testcase_01 ***************
[base.py]: [INFO] [2021-06-30 19:49:58] line:49->>定位商城主页页面元素：('xpath', '//a[text()="注册"]'), 元素描述：注册
[base.py]: [INFO] [2021-06-30 19:49:58] line:58->>元素定位成功：耗时0.027秒!
[base.py]: [INFO] [2021-06-30 19:49:58] line:111->>点击元素：注册
[base.py]: [INFO] [2021-06-30 19:49:59] line:49->>定位注册页面元素：('xpath', '/html/body/div[4]/div/div/div/div[2]/div/div/div[1]/form/div[1]/input'), 元素描述：用户名输入框
[base.py]: [INFO] [2021-06-30 19:49:59] line:58->>元素定位成功：耗时0.031秒!
[base.py]: [INFO] [2021-06-30 19:49:59] line:94->>输入内容：mik_73
[base.py]: [INFO] [2021-06-30 19:49:59] line:49->>定位注册页面元素：('xpath', '/html/body/div[4]/div/div/div/div[2]/div/div/div[1]/form/div[2]/div/input'), 元素描述：密码输入框
[base.py]: [INFO] [2021-06-30 19:49:59] line:58->>元素定位成功：耗时0.017秒!
[base.py]: [INFO] [2021-06-30 19:49:59] line:94->>输入内容：123456
[base.py]: [INFO] [2021-06-30 19:50:00] line:49->>定位注册页面元素：('xpath', '/html/body/div[4]/div/div/div/div[2]/div/div/div[1]/form/div[3]/label'), 元素描述：阅读并同意
[base.py]: [INFO] [2021-06-30 19:50:00] line:58->>元素定位成功：耗时0.024秒!
[base.py]: [INFO] [2021-06-30 19:50:00] line:111->>点击元素：阅读并同意
[base.py]: [INFO] [2021-06-30 19:50:00] line:49->>定位注册页面元素：('xpath', '/html/body/div[4]/div/div/div/div[2]/div/div/div[1]/form/div[2]/div/input'), 元素描述：提交
[base.py]: [INFO] [2021-06-30 19:50:00] line:58->>元素定位成功：耗时0.022秒!
[base.py]: [INFO] [2021-06-30 19:50:00] line:127->>点击提交
[base.py]: [INFO] [2021-06-30 19:50:00] line:49->>定位注册页面元素：('xpath', '//*[@id="common-prompt"]/p'), 元素描述：弹出框
[base.py]: [INFO] [2021-06-30 19:50:00] line:58->>元素定位成功：耗时0.637秒!
[base.py]: [INFO] [2021-06-30 19:50:00] line:185->>弹出框元素文本：账号已存在
[conftest.py]: [INFO] [2021-06-30 19:50:00] line:49->>*************** 结束执行用例：testcase_01 ***************
[conftest.py]: [INFO] [2021-06-30 19:50:00] line:47->>*************** 开始执行用例：testcase_01 ***************
[base.py]: [INFO] [2021-06-30 19:50:01] line:49->>定位商城主页页面元素：('xpath', '//a[text()="注册"]'), 元素描述：注册
[base.py]: [INFO] [2021-06-30 19:50:01] line:58->>元素定位成功：耗时0.018秒!
[base.py]: [INFO] [2021-06-30 19:50:01] line:111->>点击元素：注册
[base.py]: [INFO] [2021-06-30 19:50:02] line:49->>定位注册页面元素：('xpath', '/html/body/div[4]/div/div/div/div[2]/div/div/div[1]/form/div[1]/input'), 元素描述：用户名输入框
[base.py]: [INFO] [2021-06-30 19:50:02] line:58->>元素定位成功：耗时0.018秒!
[base.py]: [INFO] [2021-06-30 19:50:02] line:94->>输入内容：mik_74
[base.py]: [INFO] [2021-06-30 19:50:02] line:49->>定位注册页面元素：('xpath', '/html/body/div[4]/div/div/div/div[2]/div/div/div[1]/form/div[2]/div/input'), 元素描述：密码输入框
[base.py]: [INFO] [2021-06-30 19:50:02] line:58->>元素定位成功：耗时0.019秒!
[base.py]: [INFO] [2021-06-30 19:50:02] line:94->>输入内容：123456
[base.py]: [INFO] [2021-06-30 19:50:02] line:49->>定位注册页面元素：('xpath', '/html/body/div[4]/div/div/div/div[2]/div/div/div[1]/form/div[3]/label'), 元素描述：阅读并同意
[base.py]: [INFO] [2021-06-30 19:50:02] line:58->>元素定位成功：耗时0.022秒!
[base.py]: [INFO] [2021-06-30 19:50:02] line:111->>点击元素：阅读并同意
[base.py]: [INFO] [2021-06-30 19:50:02] line:49->>定位注册页面元素：('xpath', '/html/body/div[4]/div/div/div/div[2]/div/div/div[1]/form/div[2]/div/input'), 元素描述：提交
[base.py]: [INFO] [2021-06-30 19:50:02] line:58->>元素定位成功：耗时0.014秒!
[base.py]: [INFO] [2021-06-30 19:50:02] line:127->>点击提交
[base.py]: [INFO] [2021-06-30 19:50:02] line:49->>定位注册页面元素：('xpath', '//*[@id="common-prompt"]/p'), 元素描述：弹出框
[base.py]: [INFO] [2021-06-30 19:50:02] line:58->>元素定位成功：耗时0.589秒!
[base.py]: [INFO] [2021-06-30 19:50:02] line:185->>弹出框元素文本：账号已存在
[conftest.py]: [INFO] [2021-06-30 19:50:02] line:49->>*************** 结束执行用例：testcase_01 ***************
[test_01_register.py]: [INFO] [2021-06-30 19:50:02] line:23->>TestRegister模块测试完成
[test_02_login.py]: [INFO] [2021-06-30 19:50:02] line:20->>开始执行TestLogin模块测试
[conftest.py]: [INFO] [2021-06-30 19:50:02] line:47->>*************** 开始执行用例：testcase_01 ***************
[base.py]: [INFO] [2021-06-30 19:50:03] line:49->>定位商城主页页面元素：('xpath', '//a[text()="登录"]'), 元素描述：登录
[base.py]: [INFO] [2021-06-30 19:50:03] line:58->>元素定位成功：耗时0.021秒!
[base.py]: [INFO] [2021-06-30 19:50:03] line:111->>点击元素：登录
[base.py]: [INFO] [2021-06-30 19:50:03] line:49->>定位登录页面元素：('xpath', '//input[@placeholder="用户名/手机/邮箱"]'), 元素描述：用户名输入框
[base.py]: [INFO] [2021-06-30 19:50:03] line:58->>元素定位成功：耗时0.018秒!
[base.py]: [INFO] [2021-06-30 19:50:03] line:94->>输入内容：mik_73
[base.py]: [INFO] [2021-06-30 19:50:04] line:49->>定位登录页面元素：('xpath', '//input[@placeholder="登录密码"]'), 元素描述：密码输入框
[base.py]: [INFO] [2021-06-30 19:50:04] line:58->>元素定位成功：耗时0.019秒!
[base.py]: [INFO] [2021-06-30 19:50:04] line:94->>输入内容：123456
[base.py]: [INFO] [2021-06-30 19:50:04] line:49->>定位登录页面元素：('xpath', '//input[@placeholder="登录密码"]'), 元素描述：提交
[base.py]: [INFO] [2021-06-30 19:50:04] line:58->>元素定位成功：耗时0.015秒!
[base.py]: [INFO] [2021-06-30 19:50:04] line:127->>点击提交
[base.py]: [INFO] [2021-06-30 19:50:04] line:49->>定位登录页面元素：('xpath', '//*[@id="common-prompt"]/p'), 元素描述：弹出框
[base.py]: [INFO] [2021-06-30 19:50:04] line:58->>元素定位成功：耗时0.585秒!
[base.py]: [INFO] [2021-06-30 19:50:04] line:185->>弹出框元素文本：登录成功
[base.py]: [INFO] [2021-06-30 19:50:04] line:49->>定位登录主页页面元素：('xpath', '/html/body/div[6]/div/div[1]/div[1]/a[2]'), 元素描述：退出登录
[base.py]: [INFO] [2021-06-30 19:50:06] line:58->>元素定位成功：耗时1.451秒!
[base.py]: [INFO] [2021-06-30 19:50:06] line:111->>点击元素：退出登录
[conftest.py]: [INFO] [2021-06-30 19:50:07] line:49->>*************** 结束执行用例：testcase_01 ***************
[conftest.py]: [INFO] [2021-06-30 19:50:07] line:47->>*************** 开始执行用例：testcase_01 ***************
[base.py]: [INFO] [2021-06-30 19:50:07] line:49->>定位商城主页页面元素：('xpath', '//a[text()="登录"]'), 元素描述：登录
[base.py]: [INFO] [2021-06-30 19:50:07] line:58->>元素定位成功：耗时0.023秒!
[base.py]: [INFO] [2021-06-30 19:50:07] line:111->>点击元素：登录
[base.py]: [INFO] [2021-06-30 19:50:08] line:49->>定位登录页面元素：('xpath', '//input[@placeholder="用户名/手机/邮箱"]'), 元素描述：用户名输入框
[base.py]: [INFO] [2021-06-30 19:50:08] line:58->>元素定位成功：耗时0.017秒!
[base.py]: [INFO] [2021-06-30 19:50:08] line:94->>输入内容：mik_74
[base.py]: [INFO] [2021-06-30 19:50:08] line:49->>定位登录页面元素：('xpath', '//input[@placeholder="登录密码"]'), 元素描述：密码输入框
[base.py]: [INFO] [2021-06-30 19:50:08] line:58->>元素定位成功：耗时0.014秒!
[base.py]: [INFO] [2021-06-30 19:50:08] line:94->>输入内容：123456
[base.py]: [INFO] [2021-06-30 19:50:08] line:49->>定位登录页面元素：('xpath', '//input[@placeholder="登录密码"]'), 元素描述：提交
[base.py]: [INFO] [2021-06-30 19:50:08] line:58->>元素定位成功：耗时0.014秒!
[base.py]: [INFO] [2021-06-30 19:50:08] line:127->>点击提交
[base.py]: [INFO] [2021-06-30 19:50:08] line:49->>定位登录页面元素：('xpath', '//*[@id="common-prompt"]/p'), 元素描述：弹出框
[base.py]: [INFO] [2021-06-30 19:50:09] line:58->>元素定位成功：耗时0.599秒!
[base.py]: [INFO] [2021-06-30 19:50:09] line:185->>弹出框元素文本：登录成功
[base.py]: [INFO] [2021-06-30 19:50:09] line:49->>定位登录主页页面元素：('xpath', '/html/body/div[6]/div/div[1]/div[1]/a[2]'), 元素描述：退出登录
[base.py]: [INFO] [2021-06-30 19:50:15] line:58->>元素定位成功：耗时5.643秒!
[base.py]: [INFO] [2021-06-30 19:50:15] line:111->>点击元素：退出登录
[conftest.py]: [INFO] [2021-06-30 19:50:15] line:49->>*************** 结束执行用例：testcase_01 ***************
[test_02_login.py]: [INFO] [2021-06-30 19:50:15] line:23->>TestLogin模块测试完成
[conftest.py]: [INFO] [2021-06-30 19:50:16] line:47->>*************** 开始执行用例：test_case01 ***************
[base.py]: [INFO] [2021-06-30 19:50:16] line:49->>定位商城主页页面元素：('xpath', '//a[text()="登录"]'), 元素描述：登录
[base.py]: [INFO] [2021-06-30 19:50:16] line:58->>元素定位成功：耗时0.029秒!
[base.py]: [INFO] [2021-06-30 19:50:16] line:111->>点击元素：登录
[base.py]: [INFO] [2021-06-30 19:50:17] line:49->>定位登录页面元素：('xpath', '//input[@placeholder="用户名/手机/邮箱"]'), 元素描述：用户名输入框
[base.py]: [INFO] [2021-06-30 19:50:17] line:58->>元素定位成功：耗时0.025秒!
[base.py]: [INFO] [2021-06-30 19:50:17] line:94->>输入内容：mik_2
[base.py]: [INFO] [2021-06-30 19:50:17] line:49->>定位登录页面元素：('xpath', '//input[@placeholder="登录密码"]'), 元素描述：密码输入框
[base.py]: [INFO] [2021-06-30 19:50:17] line:58->>元素定位成功：耗时0.016秒!
[base.py]: [INFO] [2021-06-30 19:50:17] line:94->>输入内容：123456
[base.py]: [INFO] [2021-06-30 19:50:18] line:49->>定位登录页面元素：('xpath', '//input[@placeholder="登录密码"]'), 元素描述：提交
[base.py]: [INFO] [2021-06-30 19:50:18] line:58->>元素定位成功：耗时0.014秒!
[base.py]: [INFO] [2021-06-30 19:50:18] line:127->>点击提交
[base.py]: [INFO] [2021-06-30 19:50:18] line:49->>定位登录成功主页页面元素：('id', 'search-input'), 元素描述：搜索框
[base.py]: [INFO] [2021-06-30 19:50:18] line:58->>元素定位成功：耗时0.017秒!
[base.py]: [INFO] [2021-06-30 19:50:18] line:94->>输入内容：手机
[base.py]: [INFO] [2021-06-30 19:50:18] line:49->>定位登录成功主页页面元素：('id', 'ai-topsearch'), 元素描述：搜索按钮
[base.py]: [INFO] [2021-06-30 19:50:18] line:58->>元素定位成功：耗时0.021秒!
[base.py]: [INFO] [2021-06-30 19:50:18] line:111->>点击元素：搜索按钮
[base.py]: [INFO] [2021-06-30 19:50:18] line:139->>获取所有句柄
[base.py]: [INFO] [2021-06-30 19:50:18] line:49->>定位显示商品页面页面元素：('xpath', '/html/body/div[4]/div/ul/li[1]/div'), 元素描述：第一个商品
[base.py]: [INFO] [2021-06-30 19:50:19] line:58->>元素定位成功：耗时0.594秒!
[base.py]: [INFO] [2021-06-30 19:50:19] line:111->>点击元素：第一个商品
[base.py]: [INFO] [2021-06-30 19:50:19] line:158->>切换到最新打开的窗口
[base.py]: [INFO] [2021-06-30 19:50:19] line:49->>定位商城主页页面元素：('xpath', '//li[@data-value="套餐一"]'), 元素描述：套餐1
[base.py]: [INFO] [2021-06-30 19:50:20] line:58->>元素定位成功：耗时1.359秒!
[base.py]: [INFO] [2021-06-30 19:50:20] line:111->>点击元素：套餐1
[base.py]: [INFO] [2021-06-30 19:50:21] line:49->>定位商城主页页面元素：('xpath', '//li[@data-value="金色"]'), 元素描述：金色
[base.py]: [INFO] [2021-06-30 19:50:21] line:58->>元素定位成功：耗时0.03秒!
[base.py]: [INFO] [2021-06-30 19:50:21] line:111->>点击元素：金色
[base.py]: [INFO] [2021-06-30 19:50:22] line:49->>定位商城主页页面元素：('xpath', '//li[@data-value="32G"]'), 元素描述：32G
[base.py]: [INFO] [2021-06-30 19:50:22] line:58->>元素定位成功：耗时0.023秒!
[base.py]: [INFO] [2021-06-30 19:50:22] line:111->>点击元素：32G
[base.py]: [INFO] [2021-06-30 19:50:22] line:49->>定位商城主页页面元素：('xpath', '//button[text()="立即购买"]'), 元素描述：立即购买
[base.py]: [INFO] [2021-06-30 19:50:22] line:58->>元素定位成功：耗时0.02秒!
[base.py]: [INFO] [2021-06-30 19:50:22] line:111->>点击元素：立即购买
[base.py]: [INFO] [2021-06-30 19:50:24] line:49->>定位订单确认页面元素：('xpath', '//button[text()="使用新地址"]'), 元素描述：使用新地址
[base.py]: [INFO] [2021-06-30 19:50:24] line:58->>元素定位成功：耗时0.025秒!
[base.py]: [INFO] [2021-06-30 19:50:24] line:111->>点击元素：使用新地址
[base.py]: [INFO] [2021-06-30 19:50:25] line:237->>iframe切换：('xpath', '//div[@id="popup-modal-address"]/div/iframe')
[base.py]: [INFO] [2021-06-30 19:50:25] line:242->>切换成功
[base.py]: [INFO] [2021-06-30 19:50:25] line:49->>定位新增地址页面元素：('xpath', '//input[@placeholder="别名"]'), 元素描述：别名
[base.py]: [INFO] [2021-06-30 19:50:25] line:58->>元素定位成功：耗时0.016秒!
[base.py]: [INFO] [2021-06-30 19:50:25] line:94->>输入内容：ak67
[base.py]: [INFO] [2021-06-30 19:50:25] line:49->>定位新增地址页面元素：('xpath', '//input[@placeholder="姓名"]'), 元素描述：姓名
[base.py]: [INFO] [2021-06-30 19:50:25] line:58->>元素定位成功：耗时0.018秒!
[base.py]: [INFO] [2021-06-30 19:50:25] line:94->>输入内容：mik123
[base.py]: [INFO] [2021-06-30 19:50:25] line:49->>定位新增地址页面元素：('xpath', '//input[@placeholder="电话"]'), 元素描述：电话
[base.py]: [INFO] [2021-06-30 19:50:25] line:58->>元素定位成功：耗时0.017秒!
[base.py]: [INFO] [2021-06-30 19:50:25] line:94->>输入内容：18923234567
[base.py]: [INFO] [2021-06-30 19:50:26] line:49->>定位新增地址页面元素：('xpath', '//span[text()="省份"]'), 元素描述：省下拉框
[base.py]: [INFO] [2021-06-30 19:50:26] line:58->>元素定位成功：耗时0.026秒!
[base.py]: [INFO] [2021-06-30 19:50:26] line:111->>点击元素：省下拉框
[base.py]: [INFO] [2021-06-30 19:50:26] line:49->>定位新增地址页面元素：('xpath', '//li[text()="湖北省"]'), 元素描述：湖北省
[base.py]: [INFO] [2021-06-30 19:50:26] line:58->>元素定位成功：耗时0.019秒!
[base.py]: [INFO] [2021-06-30 19:50:26] line:111->>点击元素：湖北省
[base.py]: [INFO] [2021-06-30 19:50:26] line:49->>定位新增地址页面元素：('xpath', '//span[text()="城市"]'), 元素描述：市下拉框
[base.py]: [INFO] [2021-06-30 19:50:26] line:58->>元素定位成功：耗时0.018秒!
[base.py]: [INFO] [2021-06-30 19:50:26] line:111->>点击元素：市下拉框
[base.py]: [INFO] [2021-06-30 19:50:26] line:49->>定位新增地址页面元素：('xpath', '//li[text()="武汉市"]'), 元素描述：武汉市
[base.py]: [INFO] [2021-06-30 19:50:26] line:58->>元素定位成功：耗时0.027秒!
[base.py]: [INFO] [2021-06-30 19:50:26] line:111->>点击元素：武汉市
[base.py]: [INFO] [2021-06-30 19:50:26] line:49->>定位新增地址页面元素：('xpath', '/html/body/div[1]/form/div[3]/div[3]/a/span'), 元素描述：区下拉框
[base.py]: [INFO] [2021-06-30 19:50:26] line:58->>元素定位成功：耗时0.017秒!
[base.py]: [INFO] [2021-06-30 19:50:26] line:111->>点击元素：区下拉框
[base.py]: [INFO] [2021-06-30 19:50:26] line:49->>定位新增地址页面元素：('xpath', '//li[text()="江夏区"]'), 元素描述：江夏区
[base.py]: [INFO] [2021-06-30 19:50:26] line:58->>元素定位成功：耗时0.017秒!
[base.py]: [INFO] [2021-06-30 19:50:26] line:111->>点击元素：江夏区
[base.py]: [INFO] [2021-06-30 19:50:26] line:49->>定位新增地址页面元素：('xpath', '//input[@placeholder="详细地址"]'), 元素描述：详细地址
[base.py]: [INFO] [2021-06-30 19:50:26] line:58->>元素定位成功：耗时0.021秒!
[base.py]: [INFO] [2021-06-30 19:50:26] line:94->>输入内容：湖北省
[base.py]: [INFO] [2021-06-30 19:50:26] line:49->>定位新增地址页面元素：('xpath', '//button[text()="保存"]'), 元素描述：保存按钮
[base.py]: [INFO] [2021-06-30 19:50:26] line:58->>元素定位成功：耗时0.029秒!
[base.py]: [INFO] [2021-06-30 19:50:26] line:111->>点击元素：保存按钮
[conftest.py]: [INFO] [2021-06-30 19:50:31] line:49->>*************** 结束执行用例：test_case01 ***************
[conftest.py]: [INFO] [2021-06-30 19:50:31] line:35->>关闭浏览器
[run_web.py]: [INFO] [2021-06-30 19:50:34] line:50->>==>>>web自动化测试结束
