[run_web.py]: [INFO] [2021-06-29 17:59:34] line:48->>==>>>开始执行web自动化测试
[conftest.py]: [INFO] [2021-06-29 17:59:36] line:24->>打开浏览器
[browser.py]: [INFO] [2021-06-29 17:59:38] line:46->>在localhost使用chrome执行
[conftest.py]: [INFO] [2021-06-29 17:59:38] line:47->>*************** 开始执行用例：test_case01 ***************
[base.py]: [INFO] [2021-06-29 17:59:50] line:49->>定位商城主页页面元素：('xpath', '/html/body/div[6]/div/div[1]/div[2]/a[1]'), 元素描述：登录
[base.py]: [INFO] [2021-06-29 17:59:50] line:58->>元素定位成功：耗时0.081秒!
[base.py]: [INFO] [2021-06-29 17:59:50] line:111->>点击元素：登录
[base.py]: [INFO] [2021-06-29 17:59:52] line:49->>定位登录页面元素：('xpath', '/html/body/div[4]/div/div[2]/div[2]/div/div/div[1]/form/div[1]/input'), 元素描述：用户名输入框
[base.py]: [INFO] [2021-06-29 17:59:52] line:58->>元素定位成功：耗时0.033秒!
[base.py]: [INFO] [2021-06-29 17:59:52] line:94->>输入内容：mik_2
[base.py]: [INFO] [2021-06-29 17:59:52] line:49->>定位登录页面元素：('xpath', '/html/body/div[4]/div/div[2]/div[2]/div/div/div[1]/form/div[2]/div/input'), 元素描述：密码输入框
[base.py]: [INFO] [2021-06-29 17:59:52] line:58->>元素定位成功：耗时0.026秒!
[base.py]: [INFO] [2021-06-29 17:59:52] line:94->>输入内容：123456
[base.py]: [INFO] [2021-06-29 17:59:52] line:49->>定位登录页面元素：('xpath', '/html/body/div[4]/div/div[2]/div[2]/div/div/div[1]/form/div[2]/div/input'), 元素描述：提交
[base.py]: [INFO] [2021-06-29 17:59:52] line:58->>元素定位成功：耗时0.019秒!
[base.py]: [INFO] [2021-06-29 17:59:52] line:127->>点击提交
[base.py]: [INFO] [2021-06-29 17:59:52] line:49->>定位登录主页页面元素：('xpath', '/html/body/div[2]/div/ul[2]/div[1]/div/a/span'), 元素描述：个人中心
[base.py]: [INFO] [2021-06-29 17:59:55] line:58->>元素定位成功：耗时2.398秒!
[base.py]: [INFO] [2021-06-29 17:59:55] line:111->>点击元素：个人中心
[conftest.py]: [INFO] [2021-06-29 18:00:00] line:49->>*************** 结束执行用例：test_case01 ***************
[conftest.py]: [INFO] [2021-06-29 18:00:00] line:35->>关闭浏览器
[run_web.py]: [INFO] [2021-06-29 18:00:03] line:50->>==>>>web自动化测试结束
