[run_web.py]: [INFO] [2021-06-10 19:53:14] line:48->>开始执行web自动化测试
[conftest.py]: [INFO] [2021-06-10 19:53:15] line:24->>打开浏览器
[browser_init.py]: [INFO] [2021-06-10 19:53:19] line:53->>在localhost使用chrome执行
[test_register.py]: [INFO] [2021-06-10 19:53:21] line:24->>开始执行TestZc模块测试
[conftest.py]: [INFO] [2021-06-10 19:53:21] line:47->>testcase_01开始测试
[browser_init.py]: [INFO] [2021-06-10 19:53:38] line:86->>开始等待页面元素<('xpath', '/html/body/div[6]/div/div[1]/div[2]/a[2]')>是否可见！
[browser_init.py]: [INFO] [2021-06-10 19:53:38] line:96->>页面元素<('xpath', '/html/body/div[6]/div/div[1]/div[2]/a[2]')>可见，等待时间：0.033秒!
[browser_init.py]: [INFO] [2021-06-10 19:53:38] line:123->>点击<('xpath', '/html/body/div[6]/div/div[1]/div[2]/a[2]')>
[browser_init.py]: [INFO] [2021-06-10 19:53:39] line:86->>开始等待页面元素<('xpath', '/html/body/div[4]/div/div/div/div[2]/div/div/div[1]/form/div[1]/input')>是否可见！
[browser_init.py]: [INFO] [2021-06-10 19:53:39] line:96->>页面元素<('xpath', '/html/body/div[4]/div/div/div/div[2]/div/div/div[1]/form/div[1]/input')>可见，等待时间：0.027秒!
[browser_init.py]: [INFO] [2021-06-10 19:53:39] line:107->>在<('xpath', '/html/body/div[4]/div/div/div/div[2]/div/div/div[1]/form/div[1]/input')>输入<mik_73>
[browser_init.py]: [INFO] [2021-06-10 19:53:39] line:86->>开始等待页面元素<('xpath', '/html/body/div[4]/div/div/div/div[2]/div/div/div[1]/form/div[2]/div/input')>是否可见！
[browser_init.py]: [INFO] [2021-06-10 19:53:39] line:96->>页面元素<('xpath', '/html/body/div[4]/div/div/div/div[2]/div/div/div[1]/form/div[2]/div/input')>可见，等待时间：0.02秒!
[browser_init.py]: [INFO] [2021-06-10 19:53:39] line:107->>在<('xpath', '/html/body/div[4]/div/div/div/div[2]/div/div/div[1]/form/div[2]/div/input')>输入<123456>
[browser_init.py]: [INFO] [2021-06-10 19:53:39] line:86->>开始等待页面元素<('xpath', '/html/body/div[4]/div/div/div/div[2]/div/div/div[1]/form/div[2]/div/input')>是否可见！
[browser_init.py]: [INFO] [2021-06-10 19:53:39] line:96->>页面元素<('xpath', '/html/body/div[4]/div/div/div/div[2]/div/div/div[1]/form/div[2]/div/input')>可见，等待时间：0.016秒!
[browser_init.py]: [INFO] [2021-06-10 19:53:39] line:139->>点击<('xpath', '/html/body/div[4]/div/div/div/div[2]/div/div/div[1]/form/div[2]/div/input')>提交
[browser_init.py]: [INFO] [2021-06-10 19:53:39] line:86->>开始等待页面元素<('xpath', '/html/body/div[2]/div/ul[1]/div/div/em[2]')>是否可见！
[browser_init.py]: [ERROR] [2021-06-10 19:53:50] line:92->>等待页面元素<('xpath', '/html/body/div[2]/div/ul[1]/div/div/em[2]')>10秒失败！
[browser_init.py]: [INFO] [2021-06-10 19:53:51] line:257->>截屏成功,图片路径为E:\My_code\AutoTest\imgs\2021-06-10-19-53-50.png
[conftest.py]: [INFO] [2021-06-10 19:53:52] line:49->>testcase_01测试结束
[conftest.py]: [INFO] [2021-06-10 19:53:52] line:47->>testcase_01开始测试
[browser_init.py]: [INFO] [2021-06-10 19:53:52] line:86->>开始等待页面元素<('xpath', '/html/body/div[6]/div/div[1]/div[2]/a[2]')>是否可见！
[browser_init.py]: [INFO] [2021-06-10 19:53:52] line:96->>页面元素<('xpath', '/html/body/div[6]/div/div[1]/div[2]/a[2]')>可见，等待时间：0.022秒!
[browser_init.py]: [INFO] [2021-06-10 19:53:52] line:123->>点击<('xpath', '/html/body/div[6]/div/div[1]/div[2]/a[2]')>
[browser_init.py]: [INFO] [2021-06-10 19:53:53] line:86->>开始等待页面元素<('xpath', '/html/body/div[4]/div/div/div/div[2]/div/div/div[1]/form/div[1]/input')>是否可见！
[browser_init.py]: [INFO] [2021-06-10 19:53:53] line:96->>页面元素<('xpath', '/html/body/div[4]/div/div/div/div[2]/div/div/div[1]/form/div[1]/input')>可见，等待时间：0.184秒!
[browser_init.py]: [INFO] [2021-06-10 19:53:53] line:107->>在<('xpath', '/html/body/div[4]/div/div/div/div[2]/div/div/div[1]/form/div[1]/input')>输入<mik_74>
[browser_init.py]: [INFO] [2021-06-10 19:53:53] line:86->>开始等待页面元素<('xpath', '/html/body/div[4]/div/div/div/div[2]/div/div/div[1]/form/div[2]/div/input')>是否可见！
[browser_init.py]: [INFO] [2021-06-10 19:53:53] line:96->>页面元素<('xpath', '/html/body/div[4]/div/div/div/div[2]/div/div/div[1]/form/div[2]/div/input')>可见，等待时间：0.019秒!
[browser_init.py]: [INFO] [2021-06-10 19:53:53] line:107->>在<('xpath', '/html/body/div[4]/div/div/div/div[2]/div/div/div[1]/form/div[2]/div/input')>输入<123456>
[browser_init.py]: [INFO] [2021-06-10 19:53:53] line:86->>开始等待页面元素<('xpath', '/html/body/div[4]/div/div/div/div[2]/div/div/div[1]/form/div[2]/div/input')>是否可见！
[browser_init.py]: [INFO] [2021-06-10 19:53:53] line:96->>页面元素<('xpath', '/html/body/div[4]/div/div/div/div[2]/div/div/div[1]/form/div[2]/div/input')>可见，等待时间：0.011秒!
[browser_init.py]: [INFO] [2021-06-10 19:53:53] line:139->>点击<('xpath', '/html/body/div[4]/div/div/div/div[2]/div/div/div[1]/form/div[2]/div/input')>提交
[browser_init.py]: [INFO] [2021-06-10 19:53:53] line:86->>开始等待页面元素<('xpath', '/html/body/div[2]/div/ul[1]/div/div/em[2]')>是否可见！
[browser_init.py]: [ERROR] [2021-06-10 19:54:04] line:92->>等待页面元素<('xpath', '/html/body/div[2]/div/ul[1]/div/div/em[2]')>10秒失败！
[browser_init.py]: [INFO] [2021-06-10 19:54:05] line:257->>截屏成功,图片路径为E:\My_code\AutoTest\imgs\2021-06-10-19-54-04.png
[conftest.py]: [INFO] [2021-06-10 19:54:06] line:49->>testcase_01测试结束
[test_register.py]: [INFO] [2021-06-10 19:54:06] line:27->>TestZc模块测试完成
[conftest.py]: [INFO] [2021-06-10 19:54:06] line:35->>关闭浏览器
[run_web.py]: [INFO] [2021-06-10 19:54:09] line:50->>web自动化测试结束
