[run_web.py]: [INFO] [2021-06-30 19:05:22] line:48->>==>>>开始执行web自动化测试
[rd_yaml.py]: [INFO] [2021-06-30 19:05:22] line:23->>加载 E:\My_code\UIAutoTest\testdata\web_data.yaml 文件......
[rd_yaml.py]: [INFO] [2021-06-30 19:05:23] line:23->>加载 E:\My_code\UIAutoTest\testdata\web_data.yaml 文件......
[conftest.py]: [INFO] [2021-06-30 19:05:23] line:24->>打开浏览器
[browser.py]: [INFO] [2021-06-30 19:05:24] line:46->>在localhost使用chrome执行
[test_01_register.py]: [INFO] [2021-06-30 19:05:25] line:20->>开始执行TestRegister模块测试
[conftest.py]: [INFO] [2021-06-30 19:05:25] line:47->>*************** 开始执行用例：testcase_01 ***************
[base.py]: [INFO] [2021-06-30 19:05:30] line:49->>定位商城主页页面元素：('xpath', '//a[text()="注册"]'), 元素描述：注册
[base.py]: [INFO] [2021-06-30 19:05:30] line:58->>元素定位成功：耗时0.023秒!
[base.py]: [INFO] [2021-06-30 19:05:30] line:111->>点击元素：注册
[base.py]: [INFO] [2021-06-30 19:05:32] line:49->>定位注册页面元素：('xpath', '/html/body/div[4]/div/div/div/div[2]/div/div/div[1]/form/div[1]/input'), 元素描述：用户名输入框
[base.py]: [INFO] [2021-06-30 19:05:32] line:58->>元素定位成功：耗时0.025秒!
[base.py]: [INFO] [2021-06-30 19:05:32] line:94->>输入内容：mik_73
[base.py]: [INFO] [2021-06-30 19:05:32] line:49->>定位注册页面元素：('xpath', '/html/body/div[4]/div/div/div/div[2]/div/div/div[1]/form/div[2]/div/input'), 元素描述：密码输入框
[base.py]: [INFO] [2021-06-30 19:05:32] line:58->>元素定位成功：耗时0.02秒!
[base.py]: [INFO] [2021-06-30 19:05:32] line:94->>输入内容：123456
[base.py]: [INFO] [2021-06-30 19:05:32] line:49->>定位注册页面元素：('xpath', '/html/body/div[4]/div/div/div/div[2]/div/div/div[1]/form/div[3]/label'), 元素描述：阅读并同意
[base.py]: [INFO] [2021-06-30 19:05:32] line:58->>元素定位成功：耗时0.023秒!
[base.py]: [INFO] [2021-06-30 19:05:32] line:111->>点击元素：阅读并同意
[base.py]: [INFO] [2021-06-30 19:05:32] line:49->>定位注册页面元素：('xpath', '/html/body/div[4]/div/div/div/div[2]/div/div/div[1]/form/div[2]/div/input'), 元素描述：提交
[base.py]: [INFO] [2021-06-30 19:05:32] line:58->>元素定位成功：耗时0.017秒!
[base.py]: [INFO] [2021-06-30 19:05:32] line:127->>点击提交
[base.py]: [INFO] [2021-06-30 19:05:32] line:49->>定位注册页面元素：('xpath', '//*[@id="common-prompt"]/p'), 元素描述：弹出框
[base.py]: [INFO] [2021-06-30 19:05:33] line:58->>元素定位成功：耗时0.607秒!
[base.py]: [INFO] [2021-06-30 19:05:33] line:185->>弹出框元素文本：账号已存在
[conftest.py]: [INFO] [2021-06-30 19:05:33] line:49->>*************** 结束执行用例：testcase_01 ***************
[conftest.py]: [INFO] [2021-06-30 19:05:33] line:47->>*************** 开始执行用例：testcase_01 ***************
[base.py]: [INFO] [2021-06-30 19:05:34] line:49->>定位商城主页页面元素：('xpath', '//a[text()="注册"]'), 元素描述：注册
[base.py]: [INFO] [2021-06-30 19:05:34] line:58->>元素定位成功：耗时0.018秒!
[base.py]: [INFO] [2021-06-30 19:05:34] line:111->>点击元素：注册
[base.py]: [INFO] [2021-06-30 19:05:35] line:49->>定位注册页面元素：('xpath', '/html/body/div[4]/div/div/div/div[2]/div/div/div[1]/form/div[1]/input'), 元素描述：用户名输入框
[base.py]: [INFO] [2021-06-30 19:05:35] line:58->>元素定位成功：耗时0.023秒!
[base.py]: [INFO] [2021-06-30 19:05:35] line:94->>输入内容：mik_74
[base.py]: [INFO] [2021-06-30 19:05:35] line:49->>定位注册页面元素：('xpath', '/html/body/div[4]/div/div/div/div[2]/div/div/div[1]/form/div[2]/div/input'), 元素描述：密码输入框
[base.py]: [INFO] [2021-06-30 19:05:35] line:58->>元素定位成功：耗时0.017秒!
[base.py]: [INFO] [2021-06-30 19:05:35] line:94->>输入内容：123456
[base.py]: [INFO] [2021-06-30 19:05:35] line:49->>定位注册页面元素：('xpath', '/html/body/div[4]/div/div/div/div[2]/div/div/div[1]/form/div[3]/label'), 元素描述：阅读并同意
[base.py]: [INFO] [2021-06-30 19:05:35] line:58->>元素定位成功：耗时0.016秒!
[base.py]: [INFO] [2021-06-30 19:05:35] line:111->>点击元素：阅读并同意
[base.py]: [INFO] [2021-06-30 19:05:35] line:49->>定位注册页面元素：('xpath', '/html/body/div[4]/div/div/div/div[2]/div/div/div[1]/form/div[2]/div/input'), 元素描述：提交
[base.py]: [INFO] [2021-06-30 19:05:35] line:58->>元素定位成功：耗时0.017秒!
[base.py]: [INFO] [2021-06-30 19:05:35] line:127->>点击提交
[base.py]: [INFO] [2021-06-30 19:05:35] line:49->>定位注册页面元素：('xpath', '//*[@id="common-prompt"]/p'), 元素描述：弹出框
[base.py]: [INFO] [2021-06-30 19:05:36] line:58->>元素定位成功：耗时0.589秒!
[base.py]: [INFO] [2021-06-30 19:05:36] line:185->>弹出框元素文本：账号已存在
[conftest.py]: [INFO] [2021-06-30 19:05:36] line:49->>*************** 结束执行用例：testcase_01 ***************
[test_01_register.py]: [INFO] [2021-06-30 19:05:36] line:23->>TestRegister模块测试完成
[test_02_login.py]: [INFO] [2021-06-30 19:05:36] line:20->>开始执行TestLogin模块测试
[conftest.py]: [INFO] [2021-06-30 19:05:36] line:47->>*************** 开始执行用例：testcase_01 ***************
[base.py]: [INFO] [2021-06-30 19:05:36] line:49->>定位商城主页页面元素：('xpath', '//a[text()="登录"]'), 元素描述：登录
[base.py]: [INFO] [2021-06-30 19:05:36] line:58->>元素定位成功：耗时0.025秒!
[base.py]: [INFO] [2021-06-30 19:05:36] line:111->>点击元素：登录
[base.py]: [INFO] [2021-06-30 19:05:37] line:49->>定位登录页面元素：('xpath', '//input[@placeholder="用户名/手机/邮箱"]'), 元素描述：用户名输入框
[base.py]: [INFO] [2021-06-30 19:05:37] line:58->>元素定位成功：耗时0.024秒!
[base.py]: [INFO] [2021-06-30 19:05:37] line:94->>输入内容：mik_73
[base.py]: [INFO] [2021-06-30 19:05:37] line:49->>定位登录页面元素：('xpath', '//input[@placeholder="登录密码"]'), 元素描述：密码输入框
[base.py]: [INFO] [2021-06-30 19:05:37] line:58->>元素定位成功：耗时0.019秒!
[base.py]: [INFO] [2021-06-30 19:05:37] line:94->>输入内容：123456
[base.py]: [INFO] [2021-06-30 19:05:37] line:49->>定位登录页面元素：('xpath', '//input[@placeholder="登录密码"]'), 元素描述：提交
[base.py]: [INFO] [2021-06-30 19:05:37] line:58->>元素定位成功：耗时0.016秒!
[base.py]: [INFO] [2021-06-30 19:05:37] line:127->>点击提交
[base.py]: [INFO] [2021-06-30 19:05:37] line:49->>定位登录页面元素：('xpath', '//*[@id="common-prompt"]/p'), 元素描述：弹出框
[base.py]: [INFO] [2021-06-30 19:05:38] line:58->>元素定位成功：耗时0.591秒!
[base.py]: [INFO] [2021-06-30 19:05:38] line:185->>弹出框元素文本：登录成功
[base.py]: [INFO] [2021-06-30 19:05:38] line:49->>定位登录主页页面元素：('xpath', '/html/body/div[6]/div/div[1]/div[1]/a[2]'), 元素描述：退出登录
[base.py]: [INFO] [2021-06-30 19:05:39] line:58->>元素定位成功：耗时1.518秒!
[base.py]: [INFO] [2021-06-30 19:05:39] line:111->>点击元素：退出登录
[conftest.py]: [INFO] [2021-06-30 19:05:40] line:49->>*************** 结束执行用例：testcase_01 ***************
[conftest.py]: [INFO] [2021-06-30 19:05:40] line:47->>*************** 开始执行用例：testcase_01 ***************
[base.py]: [INFO] [2021-06-30 19:05:41] line:49->>定位商城主页页面元素：('xpath', '//a[text()="登录"]'), 元素描述：登录
[base.py]: [INFO] [2021-06-30 19:05:41] line:58->>元素定位成功：耗时0.022秒!
[base.py]: [INFO] [2021-06-30 19:05:41] line:111->>点击元素：登录
[base.py]: [INFO] [2021-06-30 19:05:42] line:49->>定位登录页面元素：('xpath', '//input[@placeholder="用户名/手机/邮箱"]'), 元素描述：用户名输入框
[base.py]: [INFO] [2021-06-30 19:05:42] line:58->>元素定位成功：耗时0.018秒!
[base.py]: [INFO] [2021-06-30 19:05:42] line:94->>输入内容：mik_74
[base.py]: [INFO] [2021-06-30 19:05:42] line:49->>定位登录页面元素：('xpath', '//input[@placeholder="登录密码"]'), 元素描述：密码输入框
[base.py]: [INFO] [2021-06-30 19:05:42] line:58->>元素定位成功：耗时0.015秒!
[base.py]: [INFO] [2021-06-30 19:05:42] line:94->>输入内容：123456
[base.py]: [INFO] [2021-06-30 19:05:42] line:49->>定位登录页面元素：('xpath', '//input[@placeholder="登录密码"]'), 元素描述：提交
[base.py]: [INFO] [2021-06-30 19:05:42] line:58->>元素定位成功：耗时0.014秒!
[base.py]: [INFO] [2021-06-30 19:05:42] line:127->>点击提交
[base.py]: [INFO] [2021-06-30 19:05:42] line:49->>定位登录页面元素：('xpath', '//*[@id="common-prompt"]/p'), 元素描述：弹出框
[base.py]: [INFO] [2021-06-30 19:05:42] line:58->>元素定位成功：耗时0.586秒!
[base.py]: [INFO] [2021-06-30 19:05:42] line:185->>弹出框元素文本：登录成功
[base.py]: [INFO] [2021-06-30 19:05:42] line:49->>定位登录主页页面元素：('xpath', '/html/body/div[6]/div/div[1]/div[1]/a[2]'), 元素描述：退出登录
[base.py]: [INFO] [2021-06-30 19:05:44] line:58->>元素定位成功：耗时1.75秒!
[base.py]: [INFO] [2021-06-30 19:05:44] line:111->>点击元素：退出登录
[conftest.py]: [INFO] [2021-06-30 19:05:45] line:49->>*************** 结束执行用例：testcase_01 ***************
[test_02_login.py]: [INFO] [2021-06-30 19:05:45] line:23->>TestLogin模块测试完成
[conftest.py]: [INFO] [2021-06-30 19:05:45] line:47->>*************** 开始执行用例：test_case01 ***************
[base.py]: [INFO] [2021-06-30 19:05:45] line:49->>定位商城主页页面元素：('xpath', '//a[text()="登录"]'), 元素描述：登录
[base.py]: [INFO] [2021-06-30 19:05:45] line:58->>元素定位成功：耗时0.018秒!
[base.py]: [INFO] [2021-06-30 19:05:45] line:111->>点击元素：登录
[base.py]: [INFO] [2021-06-30 19:05:46] line:49->>定位登录页面元素：('xpath', '//input[@placeholder="用户名/手机/邮箱"]'), 元素描述：用户名输入框
[base.py]: [INFO] [2021-06-30 19:05:46] line:58->>元素定位成功：耗时0.022秒!
[base.py]: [INFO] [2021-06-30 19:05:46] line:94->>输入内容：mik_2
[base.py]: [INFO] [2021-06-30 19:05:46] line:49->>定位登录页面元素：('xpath', '//input[@placeholder="登录密码"]'), 元素描述：密码输入框
[base.py]: [INFO] [2021-06-30 19:05:46] line:58->>元素定位成功：耗时0.021秒!
[base.py]: [INFO] [2021-06-30 19:05:46] line:94->>输入内容：123456
[base.py]: [INFO] [2021-06-30 19:05:46] line:49->>定位登录页面元素：('xpath', '//input[@placeholder="登录密码"]'), 元素描述：提交
[base.py]: [INFO] [2021-06-30 19:05:46] line:58->>元素定位成功：耗时0.018秒!
[base.py]: [INFO] [2021-06-30 19:05:46] line:127->>点击提交
[base.py]: [INFO] [2021-06-30 19:05:46] line:49->>定位登录成功主页页面元素：('id', 'search-input'), 元素描述：搜索框
[base.py]: [INFO] [2021-06-30 19:05:46] line:58->>元素定位成功：耗时0.017秒!
[base.py]: [INFO] [2021-06-30 19:05:46] line:94->>输入内容：手机
[base.py]: [INFO] [2021-06-30 19:05:46] line:49->>定位登录成功主页页面元素：('id', 'ai-topsearch'), 元素描述：搜索按钮
[base.py]: [INFO] [2021-06-30 19:05:46] line:58->>元素定位成功：耗时0.021秒!
[base.py]: [INFO] [2021-06-30 19:05:46] line:111->>点击元素：搜索按钮
[base.py]: [INFO] [2021-06-30 19:05:47] line:139->>获取所有句柄
[base.py]: [INFO] [2021-06-30 19:05:47] line:49->>定位显示商品页面页面元素：('xpath', '/html/body/div[4]/div/ul/li[1]/div'), 元素描述：第一个商品
[base.py]: [INFO] [2021-06-30 19:05:48] line:58->>元素定位成功：耗时0.598秒!
[base.py]: [INFO] [2021-06-30 19:05:48] line:111->>点击元素：第一个商品
[base.py]: [INFO] [2021-06-30 19:05:48] line:158->>切换到最新打开的窗口
[base.py]: [INFO] [2021-06-30 19:05:48] line:49->>定位商城主页页面元素：('xpath', '//li[@data-value="套餐一"]'), 元素描述：套餐1
[base.py]: [INFO] [2021-06-30 19:05:49] line:58->>元素定位成功：耗时1.392秒!
[base.py]: [INFO] [2021-06-30 19:05:49] line:111->>点击元素：套餐1
[base.py]: [INFO] [2021-06-30 19:05:50] line:49->>定位商城主页页面元素：('xpath', '//li[@data-value="金色"]'), 元素描述：金色
[base.py]: [INFO] [2021-06-30 19:05:50] line:58->>元素定位成功：耗时0.024秒!
[base.py]: [INFO] [2021-06-30 19:05:50] line:111->>点击元素：金色
[base.py]: [INFO] [2021-06-30 19:05:50] line:49->>定位商城主页页面元素：('xpath', '//li[@data-value="32G"]'), 元素描述：32G
[base.py]: [INFO] [2021-06-30 19:05:50] line:58->>元素定位成功：耗时0.02秒!
[base.py]: [INFO] [2021-06-30 19:05:50] line:111->>点击元素：32G
[base.py]: [INFO] [2021-06-30 19:05:51] line:49->>定位商城主页页面元素：('xpath', '//button[text()="立即购买"]'), 元素描述：立即购买
[base.py]: [INFO] [2021-06-30 19:05:51] line:58->>元素定位成功：耗时0.019秒!
[base.py]: [INFO] [2021-06-30 19:05:51] line:111->>点击元素：立即购买
[base.py]: [INFO] [2021-06-30 19:05:53] line:49->>定位订单确认页面元素：('xpath', '//button[text()="使用新地址"]'), 元素描述：使用新地址
[base.py]: [INFO] [2021-06-30 19:05:53] line:58->>元素定位成功：耗时0.027秒!
[base.py]: [INFO] [2021-06-30 19:05:53] line:111->>点击元素：使用新地址
[base.py]: [INFO] [2021-06-30 19:05:53] line:237->>iframe切换：('xpath', '//*[@id="popup-modal-address"]/div/iframe"]')
[base.py]: [ERROR] [2021-06-30 19:06:03] line:244->>iframe切换失败！
[base.py]: [INFO] [2021-06-30 19:06:03] line:225->>截屏成功,图片路径为E:\My_code\UIAutoTest\imgs\2021-06-30-19-06-03.png
[conftest.py]: [INFO] [2021-06-30 19:06:04] line:49->>*************** 结束执行用例：test_case01 ***************
[conftest.py]: [INFO] [2021-06-30 19:06:04] line:35->>关闭浏览器
[run_web.py]: [INFO] [2021-06-30 19:06:07] line:50->>==>>>web自动化测试结束
