[run_web.py]: [INFO] [2021-06-14 09:41:52] line:48->>==>>>开始执行web自动化测试
[conftest.py]: [INFO] [2021-06-14 09:42:01] line:24->>打开浏览器
[browser_init.py]: [INFO] [2021-06-14 09:42:08] line:53->>在localhost使用chrome执行
[conftest.py]: [INFO] [2021-06-14 09:42:09] line:47->>testcase_01开始测试
[browser_init.py]: [INFO] [2021-06-14 09:42:26] line:86->>开始等待页面元素<('xpath', '/html/body/div[6]/div/div[1]/div[2]/a[2]')>是否可见！
[browser_init.py]: [INFO] [2021-06-14 09:42:26] line:96->>页面元素<('xpath', '/html/body/div[6]/div/div[1]/div[2]/a[2]')>可见，等待时间：0.158秒!
[browser_init.py]: [INFO] [2021-06-14 09:42:26] line:123->>点击<('xpath', '/html/body/div[6]/div/div[1]/div[2]/a[2]')>
[browser_init.py]: [INFO] [2021-06-14 09:42:28] line:86->>开始等待页面元素<('xpath', '/html/body/div[4]/div/div/div/div[2]/div/div/div[1]/form/div[1]/input')>是否可见！
[browser_init.py]: [INFO] [2021-06-14 09:42:28] line:96->>页面元素<('xpath', '/html/body/div[4]/div/div/div/div[2]/div/div/div[1]/form/div[1]/input')>可见，等待时间：0.042秒!
[browser_init.py]: [INFO] [2021-06-14 09:42:28] line:107->>在<('xpath', '/html/body/div[4]/div/div/div/div[2]/div/div/div[1]/form/div[1]/input')>输入<mik_73>
[browser_init.py]: [INFO] [2021-06-14 09:42:28] line:86->>开始等待页面元素<('xpath', '/html/body/div[4]/div/div/div/div[2]/div/div/div[1]/form/div[2]/div/input')>是否可见！
[browser_init.py]: [INFO] [2021-06-14 09:42:28] line:96->>页面元素<('xpath', '/html/body/div[4]/div/div/div/div[2]/div/div/div[1]/form/div[2]/div/input')>可见，等待时间：0.021秒!
[browser_init.py]: [INFO] [2021-06-14 09:42:28] line:107->>在<('xpath', '/html/body/div[4]/div/div/div/div[2]/div/div/div[1]/form/div[2]/div/input')>输入<123456>
[browser_init.py]: [INFO] [2021-06-14 09:42:28] line:86->>开始等待页面元素<('xpath', '/html/body/div[4]/div/div/div/div[2]/div/div/div[1]/form/div[3]/button')>是否可见！
[browser_init.py]: [INFO] [2021-06-14 09:42:28] line:96->>页面元素<('xpath', '/html/body/div[4]/div/div/div/div[2]/div/div/div[1]/form/div[3]/button')>可见，等待时间：0.02秒!
[browser_init.py]: [INFO] [2021-06-14 09:42:28] line:139->>点击<('xpath', '/html/body/div[4]/div/div/div/div[2]/div/div/div[1]/form/div[3]/button')>提交
[browser_init.py]: [INFO] [2021-06-14 09:42:28] line:86->>开始等待页面元素<('class name', 'prompt-msg')>是否可见！
[browser_init.py]: [INFO] [2021-06-14 09:42:29] line:96->>页面元素<('class name', 'prompt-msg')>可见，等待时间：0.648秒!
[browser_init.py]: [INFO] [2021-06-14 09:42:29] line:213->>获取元素<('class name', 'prompt-msg')>的内容
[browser_init.py]: [INFO] [2021-06-14 09:42:29] line:216->>元素<('class name', 'prompt-msg')>的内容为<账号已存在>
[conftest.py]: [INFO] [2021-06-14 09:42:29] line:49->>testcase_01测试结束
[conftest.py]: [INFO] [2021-06-14 09:42:29] line:47->>testcase_01开始测试
[browser_init.py]: [INFO] [2021-06-14 09:42:29] line:86->>开始等待页面元素<('xpath', '/html/body/div[6]/div/div[1]/div[2]/a[2]')>是否可见！
[browser_init.py]: [INFO] [2021-06-14 09:42:29] line:96->>页面元素<('xpath', '/html/body/div[6]/div/div[1]/div[2]/a[2]')>可见，等待时间：0.024秒!
[browser_init.py]: [INFO] [2021-06-14 09:42:29] line:123->>点击<('xpath', '/html/body/div[6]/div/div[1]/div[2]/a[2]')>
[browser_init.py]: [INFO] [2021-06-14 09:42:31] line:86->>开始等待页面元素<('xpath', '/html/body/div[4]/div/div/div/div[2]/div/div/div[1]/form/div[1]/input')>是否可见！
[browser_init.py]: [INFO] [2021-06-14 09:42:31] line:96->>页面元素<('xpath', '/html/body/div[4]/div/div/div/div[2]/div/div/div[1]/form/div[1]/input')>可见，等待时间：0.022秒!
[browser_init.py]: [INFO] [2021-06-14 09:42:31] line:107->>在<('xpath', '/html/body/div[4]/div/div/div/div[2]/div/div/div[1]/form/div[1]/input')>输入<mik_74>
[browser_init.py]: [INFO] [2021-06-14 09:42:31] line:86->>开始等待页面元素<('xpath', '/html/body/div[4]/div/div/div/div[2]/div/div/div[1]/form/div[2]/div/input')>是否可见！
[browser_init.py]: [INFO] [2021-06-14 09:42:31] line:96->>页面元素<('xpath', '/html/body/div[4]/div/div/div/div[2]/div/div/div[1]/form/div[2]/div/input')>可见，等待时间：0.02秒!
[browser_init.py]: [INFO] [2021-06-14 09:42:31] line:107->>在<('xpath', '/html/body/div[4]/div/div/div/div[2]/div/div/div[1]/form/div[2]/div/input')>输入<123456>
[browser_init.py]: [INFO] [2021-06-14 09:42:31] line:86->>开始等待页面元素<('xpath', '/html/body/div[4]/div/div/div/div[2]/div/div/div[1]/form/div[3]/button')>是否可见！
[browser_init.py]: [INFO] [2021-06-14 09:42:31] line:96->>页面元素<('xpath', '/html/body/div[4]/div/div/div/div[2]/div/div/div[1]/form/div[3]/button')>可见，等待时间：0.017秒!
[browser_init.py]: [INFO] [2021-06-14 09:42:31] line:139->>点击<('xpath', '/html/body/div[4]/div/div/div/div[2]/div/div/div[1]/form/div[3]/button')>提交
[browser_init.py]: [INFO] [2021-06-14 09:42:31] line:86->>开始等待页面元素<('class name', 'prompt-msg')>是否可见！
[browser_init.py]: [INFO] [2021-06-14 09:42:31] line:96->>页面元素<('class name', 'prompt-msg')>可见，等待时间：0.593秒!
[browser_init.py]: [INFO] [2021-06-14 09:42:31] line:213->>获取元素<('class name', 'prompt-msg')>的内容
[browser_init.py]: [INFO] [2021-06-14 09:42:31] line:216->>元素<('class name', 'prompt-msg')>的内容为<账号已存在>
[conftest.py]: [INFO] [2021-06-14 09:42:31] line:49->>testcase_01测试结束
[test_02_login.py]: [INFO] [2021-06-14 09:42:31] line:21->>开始执行TestLogin模块测试
[conftest.py]: [INFO] [2021-06-14 09:42:31] line:47->>testcase_01开始测试
[browser_init.py]: [INFO] [2021-06-14 09:42:32] line:86->>开始等待页面元素<('xpath', '/html/body/div[6]/div/div[1]/div[2]/a[1]')>是否可见！
[browser_init.py]: [INFO] [2021-06-14 09:42:32] line:96->>页面元素<('xpath', '/html/body/div[6]/div/div[1]/div[2]/a[1]')>可见，等待时间：0.032秒!
[browser_init.py]: [INFO] [2021-06-14 09:42:32] line:123->>点击<('xpath', '/html/body/div[6]/div/div[1]/div[2]/a[1]')>
[browser_init.py]: [INFO] [2021-06-14 09:42:33] line:86->>开始等待页面元素<('xpath', '/html/body/div[4]/div/div[2]/div[2]/div/div/div[1]/form/div[1]/input')>是否可见！
[browser_init.py]: [INFO] [2021-06-14 09:42:33] line:96->>页面元素<('xpath', '/html/body/div[4]/div/div[2]/div[2]/div/div/div[1]/form/div[1]/input')>可见，等待时间：0.026秒!
[browser_init.py]: [INFO] [2021-06-14 09:42:33] line:107->>在<('xpath', '/html/body/div[4]/div/div[2]/div[2]/div/div/div[1]/form/div[1]/input')>输入<mik_73>
[browser_init.py]: [INFO] [2021-06-14 09:42:33] line:86->>开始等待页面元素<('xpath', '/html/body/div[4]/div/div[2]/div[2]/div/div/div[1]/form/div[2]/div/input')>是否可见！
[browser_init.py]: [INFO] [2021-06-14 09:42:33] line:96->>页面元素<('xpath', '/html/body/div[4]/div/div[2]/div[2]/div/div/div[1]/form/div[2]/div/input')>可见，等待时间：0.023秒!
[browser_init.py]: [INFO] [2021-06-14 09:42:33] line:107->>在<('xpath', '/html/body/div[4]/div/div[2]/div[2]/div/div/div[1]/form/div[2]/div/input')>输入<123456>
[browser_init.py]: [INFO] [2021-06-14 09:42:33] line:86->>开始等待页面元素<('xpath', '/html/body/div[4]/div/div[2]/div[2]/div/div/div[1]/form/div[2]/div/input')>是否可见！
[browser_init.py]: [INFO] [2021-06-14 09:42:33] line:96->>页面元素<('xpath', '/html/body/div[4]/div/div[2]/div[2]/div/div/div[1]/form/div[2]/div/input')>可见，等待时间：0.013秒!
[browser_init.py]: [INFO] [2021-06-14 09:42:33] line:139->>点击<('xpath', '/html/body/div[4]/div/div[2]/div[2]/div/div/div[1]/form/div[2]/div/input')>提交
[browser_init.py]: [INFO] [2021-06-14 09:42:33] line:86->>开始等待页面元素<('class name', 'prompt-msg')>是否可见！
[browser_init.py]: [INFO] [2021-06-14 09:42:34] line:96->>页面元素<('class name', 'prompt-msg')>可见，等待时间：0.637秒!
[browser_init.py]: [INFO] [2021-06-14 09:42:34] line:213->>获取元素<('class name', 'prompt-msg')>的内容
[browser_init.py]: [INFO] [2021-06-14 09:42:34] line:216->>元素<('class name', 'prompt-msg')>的内容为<登录成功>
[browser_init.py]: [INFO] [2021-06-14 09:42:34] line:86->>开始等待页面元素<('xpath', '/html/body/div[6]/div/div[1]/div[1]/a[2]')>是否可见！
[browser_init.py]: [INFO] [2021-06-14 09:42:35] line:96->>页面元素<('xpath', '/html/body/div[6]/div/div[1]/div[1]/a[2]')>可见，等待时间：1.577秒!
[browser_init.py]: [INFO] [2021-06-14 09:42:35] line:123->>点击<('xpath', '/html/body/div[6]/div/div[1]/div[1]/a[2]')>
[conftest.py]: [INFO] [2021-06-14 09:42:36] line:49->>testcase_01测试结束
[conftest.py]: [INFO] [2021-06-14 09:42:36] line:47->>testcase_01开始测试
[browser_init.py]: [INFO] [2021-06-14 09:42:37] line:86->>开始等待页面元素<('xpath', '/html/body/div[6]/div/div[1]/div[2]/a[1]')>是否可见！
[browser_init.py]: [INFO] [2021-06-14 09:42:37] line:96->>页面元素<('xpath', '/html/body/div[6]/div/div[1]/div[2]/a[1]')>可见，等待时间：0.148秒!
[browser_init.py]: [INFO] [2021-06-14 09:42:37] line:123->>点击<('xpath', '/html/body/div[6]/div/div[1]/div[2]/a[1]')>
[browser_init.py]: [INFO] [2021-06-14 09:42:37] line:86->>开始等待页面元素<('xpath', '/html/body/div[4]/div/div[2]/div[2]/div/div/div[1]/form/div[1]/input')>是否可见！
[browser_init.py]: [INFO] [2021-06-14 09:42:37] line:96->>页面元素<('xpath', '/html/body/div[4]/div/div[2]/div[2]/div/div/div[1]/form/div[1]/input')>可见，等待时间：0.023秒!
[browser_init.py]: [INFO] [2021-06-14 09:42:37] line:107->>在<('xpath', '/html/body/div[4]/div/div[2]/div[2]/div/div/div[1]/form/div[1]/input')>输入<mik_74>
[browser_init.py]: [INFO] [2021-06-14 09:42:37] line:86->>开始等待页面元素<('xpath', '/html/body/div[4]/div/div[2]/div[2]/div/div/div[1]/form/div[2]/div/input')>是否可见！
[browser_init.py]: [INFO] [2021-06-14 09:42:37] line:96->>页面元素<('xpath', '/html/body/div[4]/div/div[2]/div[2]/div/div/div[1]/form/div[2]/div/input')>可见，等待时间：0.016秒!
[browser_init.py]: [INFO] [2021-06-14 09:42:37] line:107->>在<('xpath', '/html/body/div[4]/div/div[2]/div[2]/div/div/div[1]/form/div[2]/div/input')>输入<123456>
[browser_init.py]: [INFO] [2021-06-14 09:42:37] line:86->>开始等待页面元素<('xpath', '/html/body/div[4]/div/div[2]/div[2]/div/div/div[1]/form/div[2]/div/input')>是否可见！
[browser_init.py]: [INFO] [2021-06-14 09:42:37] line:96->>页面元素<('xpath', '/html/body/div[4]/div/div[2]/div[2]/div/div/div[1]/form/div[2]/div/input')>可见，等待时间：0.014秒!
[browser_init.py]: [INFO] [2021-06-14 09:42:37] line:139->>点击<('xpath', '/html/body/div[4]/div/div[2]/div[2]/div/div/div[1]/form/div[2]/div/input')>提交
[browser_init.py]: [INFO] [2021-06-14 09:42:37] line:86->>开始等待页面元素<('class name', 'prompt-msg')>是否可见！
[browser_init.py]: [INFO] [2021-06-14 09:42:38] line:96->>页面元素<('class name', 'prompt-msg')>可见，等待时间：0.643秒!
[browser_init.py]: [INFO] [2021-06-14 09:42:38] line:213->>获取元素<('class name', 'prompt-msg')>的内容
[browser_init.py]: [INFO] [2021-06-14 09:42:38] line:216->>元素<('class name', 'prompt-msg')>的内容为<登录成功>
[browser_init.py]: [INFO] [2021-06-14 09:42:38] line:86->>开始等待页面元素<('xpath', '/html/body/div[6]/div/div[1]/div[1]/a[2]')>是否可见！
[browser_init.py]: [INFO] [2021-06-14 09:42:40] line:96->>页面元素<('xpath', '/html/body/div[6]/div/div[1]/div[1]/a[2]')>可见，等待时间：1.475秒!
[browser_init.py]: [INFO] [2021-06-14 09:42:40] line:123->>点击<('xpath', '/html/body/div[6]/div/div[1]/div[1]/a[2]')>
[conftest.py]: [INFO] [2021-06-14 09:42:40] line:49->>testcase_01测试结束
[test_02_login.py]: [INFO] [2021-06-14 09:42:40] line:24->>TestLogin模块测试完成
[conftest.py]: [INFO] [2021-06-14 09:42:40] line:35->>关闭浏览器
[run_web.py]: [INFO] [2021-06-14 09:42:44] line:50->>==>>>web自动化测试结束
