[run.py]: [INFO] [2021-06-04 15:22:06] line:17-->>开始执行web自动化测试
[browser_init.py]: [INFO] [2021-06-04 15:22:14] line:56-->>在localhost使用chrome执行
[test_register.py]: [INFO] [2021-06-04 15:22:15] line:24-->>开始执行TestZc测试
[browser_init.py]: [INFO] [2021-06-04 15:22:32] line:87-->>开始等待页面元素<('xpath', '/html/body/div[6]/div/div[1]/div[2]/a[2]')>是否可见！
[browser_init.py]: [INFO] [2021-06-04 15:22:32] line:98-->>页面元素<('xpath', '/html/body/div[6]/div/div[1]/div[2]/a[2]')>可见，等待时间：0.02秒!
[browser_init.py]: [INFO] [2021-06-04 15:22:32] line:125-->>点击<('xpath', '/html/body/div[6]/div/div[1]/div[2]/a[2]')>
[browser_init.py]: [INFO] [2021-06-04 15:22:33] line:87-->>开始等待页面元素<('xpath', '/html/body/div[4]/div/div/div/div[2]/div/div/div[1]/form/div[1]/input')>是否可见！
[browser_init.py]: [INFO] [2021-06-04 15:22:33] line:98-->>页面元素<('xpath', '/html/body/div[4]/div/div/div/div[2]/div/div/div[1]/form/div[1]/input')>可见，等待时间：0.025秒!
[browser_init.py]: [INFO] [2021-06-04 15:22:33] line:109-->>在<('xpath', '/html/body/div[4]/div/div/div/div[2]/div/div/div[1]/form/div[1]/input')>输入<mik_73>
[browser_init.py]: [INFO] [2021-06-04 15:22:33] line:87-->>开始等待页面元素<('xpath', '/html/body/div[4]/div/div/div/div[2]/div/div/div[1]/form/div[2]/div/input')>是否可见！
[browser_init.py]: [INFO] [2021-06-04 15:22:33] line:98-->>页面元素<('xpath', '/html/body/div[4]/div/div/div/div[2]/div/div/div[1]/form/div[2]/div/input')>可见，等待时间：0.019秒!
[browser_init.py]: [INFO] [2021-06-04 15:22:33] line:109-->>在<('xpath', '/html/body/div[4]/div/div/div/div[2]/div/div/div[1]/form/div[2]/div/input')>输入<123456>
[browser_init.py]: [INFO] [2021-06-04 15:22:33] line:87-->>开始等待页面元素<('xpath', '/html/body/div[4]/div/div/div/div[2]/div/div/div[1]/form/div[2]/div/input')>是否可见！
[browser_init.py]: [INFO] [2021-06-04 15:22:33] line:98-->>页面元素<('xpath', '/html/body/div[4]/div/div/div/div[2]/div/div/div[1]/form/div[2]/div/input')>可见，等待时间：0.014秒!
[browser_init.py]: [INFO] [2021-06-04 15:22:33] line:141-->>点击<('xpath', '/html/body/div[4]/div/div/div/div[2]/div/div/div[1]/form/div[2]/div/input')>提交
[browser_init.py]: [ERROR] [2021-06-04 15:22:43] line:245-->>alert切换失败！
[browser_init.py]: [INFO] [2021-06-04 15:22:43] line:259-->>截屏成功,图片路径为E:\My_code\AutoTest\imgs\XO商城注册_2021-06-04-15-22-43.png
[browser_init.py]: [INFO] [2021-06-04 15:22:45] line:87-->>开始等待页面元素<('xpath', '/html/body/div[6]/div/div[1]/div[2]/a[2]')>是否可见！
[browser_init.py]: [INFO] [2021-06-04 15:22:45] line:98-->>页面元素<('xpath', '/html/body/div[6]/div/div[1]/div[2]/a[2]')>可见，等待时间：0.141秒!
[browser_init.py]: [INFO] [2021-06-04 15:22:45] line:125-->>点击<('xpath', '/html/body/div[6]/div/div[1]/div[2]/a[2]')>
[browser_init.py]: [INFO] [2021-06-04 15:22:46] line:87-->>开始等待页面元素<('xpath', '/html/body/div[4]/div/div/div/div[2]/div/div/div[1]/form/div[1]/input')>是否可见！
[browser_init.py]: [INFO] [2021-06-04 15:22:46] line:98-->>页面元素<('xpath', '/html/body/div[4]/div/div/div/div[2]/div/div/div[1]/form/div[1]/input')>可见，等待时间：0.03秒!
[browser_init.py]: [INFO] [2021-06-04 15:22:46] line:109-->>在<('xpath', '/html/body/div[4]/div/div/div/div[2]/div/div/div[1]/form/div[1]/input')>输入<mik_74>
[browser_init.py]: [INFO] [2021-06-04 15:22:46] line:87-->>开始等待页面元素<('xpath', '/html/body/div[4]/div/div/div/div[2]/div/div/div[1]/form/div[2]/div/input')>是否可见！
[browser_init.py]: [INFO] [2021-06-04 15:22:46] line:98-->>页面元素<('xpath', '/html/body/div[4]/div/div/div/div[2]/div/div/div[1]/form/div[2]/div/input')>可见，等待时间：0.019秒!
[browser_init.py]: [INFO] [2021-06-04 15:22:46] line:109-->>在<('xpath', '/html/body/div[4]/div/div/div/div[2]/div/div/div[1]/form/div[2]/div/input')>输入<123456>
[browser_init.py]: [INFO] [2021-06-04 15:22:46] line:87-->>开始等待页面元素<('xpath', '/html/body/div[4]/div/div/div/div[2]/div/div/div[1]/form/div[2]/div/input')>是否可见！
[browser_init.py]: [INFO] [2021-06-04 15:22:46] line:98-->>页面元素<('xpath', '/html/body/div[4]/div/div/div/div[2]/div/div/div[1]/form/div[2]/div/input')>可见，等待时间：0.011秒!
[browser_init.py]: [INFO] [2021-06-04 15:22:46] line:141-->>点击<('xpath', '/html/body/div[4]/div/div/div/div[2]/div/div/div[1]/form/div[2]/div/input')>提交
[browser_init.py]: [ERROR] [2021-06-04 15:22:56] line:245-->>alert切换失败！
[browser_init.py]: [INFO] [2021-06-04 15:22:57] line:259-->>截屏成功,图片路径为E:\My_code\AutoTest\imgs\XO商城注册_2021-06-04-15-22-56.png
[test_register.py]: [INFO] [2021-06-04 15:22:58] line:27-->>TestZc测试完成
[run.py]: [INFO] [2021-06-04 15:22:58] line:19-->>web自动化测试结束
