[run_web.py]: [INFO] [2021-06-18 13:47:37] line:48->>==>>>开始执行web自动化测试
[rd_yaml.py]: [INFO] [2021-06-18 13:47:38] line:23->>加载 E:\My_code\UIAutoTest\testdata\web_data.yaml 文件......
[rd_yaml.py]: [INFO] [2021-06-18 13:47:39] line:23->>加载 E:\My_code\UIAutoTest\testdata\web_data.yaml 文件......
[conftest.py]: [INFO] [2021-06-18 13:47:39] line:24->>打开浏览器
[browser.py]: [INFO] [2021-06-18 13:47:44] line:46->>在localhost使用chrome执行
[test_01_register.py]: [INFO] [2021-06-18 13:47:45] line:20->>开始执行TestRegister模块测试
[conftest.py]: [INFO] [2021-06-18 13:47:45] line:47->>*************** 开始执行用例：testcase_01 ***************
[base.py]: [INFO] [2021-06-18 13:48:01] line:49->>定位商城主页页面元素：('xpath', '/html/body/div[6]/div/div[1]/div[2]/a[2]'), 元素描述：注册
[base.py]: [INFO] [2021-06-18 13:48:01] line:58->>元素定位成功：耗时0.026秒!
[base.py]: [INFO] [2021-06-18 13:48:01] line:111->>点击元素：注册
[base.py]: [INFO] [2021-06-18 13:48:02] line:49->>定位注册页面元素：('xpath', '/html/body/div[4]/div/div/div/div[2]/div/div/div[1]/form/div[1]/input'), 元素描述：用户名输入框
[base.py]: [INFO] [2021-06-18 13:48:02] line:58->>元素定位成功：耗时0.03秒!
[base.py]: [INFO] [2021-06-18 13:48:02] line:94->>输入内容：mik_73
[base.py]: [INFO] [2021-06-18 13:48:02] line:49->>定位注册页面元素：('xpath', '/html/body/div[4]/div/div/div/div[2]/div/div/div[1]/form/div[2]/div/input'), 元素描述：密码输入框
[base.py]: [INFO] [2021-06-18 13:48:02] line:58->>元素定位成功：耗时0.017秒!
[base.py]: [INFO] [2021-06-18 13:48:02] line:94->>输入内容：123456
[base.py]: [INFO] [2021-06-18 13:48:02] line:49->>定位注册页面元素：('xpath', '/html/body/div[4]/div/div/div/div[2]/div/div/div[1]/form/div[3]/button'), 元素描述：提交
[base.py]: [INFO] [2021-06-18 13:48:03] line:58->>元素定位成功：耗时0.019秒!
[base.py]: [INFO] [2021-06-18 13:48:03] line:127->>点击提交
[base.py]: [INFO] [2021-06-18 13:48:03] line:49->>定位注册页面元素：('class name', 'prompt-msg'), 元素描述：弹出框
[base.py]: [INFO] [2021-06-18 13:48:03] line:58->>元素定位成功：耗时0.634秒!
[base.py]: [INFO] [2021-06-18 13:48:03] line:185->>弹出框元素文本：账号已存在
[conftest.py]: [INFO] [2021-06-18 13:48:03] line:49->>*************** 结束执行用例：testcase_01 ***************
[conftest.py]: [INFO] [2021-06-18 13:48:03] line:47->>*************** 开始执行用例：testcase_01 ***************
[base.py]: [INFO] [2021-06-18 13:48:04] line:49->>定位商城主页页面元素：('xpath', '/html/body/div[6]/div/div[1]/div[2]/a[2]'), 元素描述：注册
[base.py]: [INFO] [2021-06-18 13:48:04] line:58->>元素定位成功：耗时0.027秒!
[base.py]: [INFO] [2021-06-18 13:48:04] line:111->>点击元素：注册
[base.py]: [INFO] [2021-06-18 13:48:05] line:49->>定位注册页面元素：('xpath', '/html/body/div[4]/div/div/div/div[2]/div/div/div[1]/form/div[1]/input'), 元素描述：用户名输入框
[base.py]: [INFO] [2021-06-18 13:48:05] line:58->>元素定位成功：耗时0.231秒!
[base.py]: [INFO] [2021-06-18 13:48:05] line:94->>输入内容：mik_74
[base.py]: [INFO] [2021-06-18 13:48:05] line:49->>定位注册页面元素：('xpath', '/html/body/div[4]/div/div/div/div[2]/div/div/div[1]/form/div[2]/div/input'), 元素描述：密码输入框
[base.py]: [INFO] [2021-06-18 13:48:05] line:58->>元素定位成功：耗时0.017秒!
[base.py]: [INFO] [2021-06-18 13:48:05] line:94->>输入内容：123456
[base.py]: [INFO] [2021-06-18 13:48:05] line:49->>定位注册页面元素：('xpath', '/html/body/div[4]/div/div/div/div[2]/div/div/div[1]/form/div[3]/button'), 元素描述：提交
[base.py]: [INFO] [2021-06-18 13:48:05] line:58->>元素定位成功：耗时0.015秒!
[base.py]: [INFO] [2021-06-18 13:48:05] line:127->>点击提交
[base.py]: [INFO] [2021-06-18 13:48:05] line:49->>定位注册页面元素：('class name', 'prompt-msg'), 元素描述：弹出框
[base.py]: [INFO] [2021-06-18 13:48:06] line:58->>元素定位成功：耗时0.635秒!
[base.py]: [INFO] [2021-06-18 13:48:06] line:185->>弹出框元素文本：账号已存在
[conftest.py]: [INFO] [2021-06-18 13:48:06] line:49->>*************** 结束执行用例：testcase_01 ***************
[test_01_register.py]: [INFO] [2021-06-18 13:48:06] line:23->>TestRegister模块测试完成
[test_02_login.py]: [INFO] [2021-06-18 13:48:06] line:20->>开始执行TestLogin模块测试
[conftest.py]: [INFO] [2021-06-18 13:48:06] line:47->>*************** 开始执行用例：testcase_01 ***************
[base.py]: [INFO] [2021-06-18 13:48:07] line:49->>定位商城主页页面元素：('xpath', '/html/body/div[6]/div/div[1]/div[2]/a[1]'), 元素描述：登录
[base.py]: [INFO] [2021-06-18 13:48:07] line:58->>元素定位成功：耗时0.022秒!
[base.py]: [INFO] [2021-06-18 13:48:07] line:111->>点击元素：登录
[base.py]: [INFO] [2021-06-18 13:48:07] line:49->>定位登录页面元素：('xpath', '/html/body/div[4]/div/div[2]/div[2]/div/div/div[1]/form/div[1]/input'), 元素描述：用户名输入框
[base.py]: [INFO] [2021-06-18 13:48:07] line:58->>元素定位成功：耗时0.022秒!
[base.py]: [INFO] [2021-06-18 13:48:07] line:94->>输入内容：mik_73
[base.py]: [INFO] [2021-06-18 13:48:07] line:49->>定位登录页面元素：('xpath', '/html/body/div[4]/div/div[2]/div[2]/div/div/div[1]/form/div[2]/div/input'), 元素描述：密码输入框
[base.py]: [INFO] [2021-06-18 13:48:07] line:58->>元素定位成功：耗时0.018秒!
[base.py]: [INFO] [2021-06-18 13:48:07] line:94->>输入内容：123456
[base.py]: [INFO] [2021-06-18 13:48:07] line:49->>定位登录页面元素：('xpath', '/html/body/div[4]/div/div[2]/div[2]/div/div/div[1]/form/div[2]/div/input'), 元素描述：提交
[base.py]: [INFO] [2021-06-18 13:48:07] line:58->>元素定位成功：耗时0.011秒!
[base.py]: [INFO] [2021-06-18 13:48:07] line:127->>点击提交
[base.py]: [INFO] [2021-06-18 13:48:07] line:49->>定位登录页面元素：('class name', 'prompt-msg'), 元素描述：弹出框
[base.py]: [INFO] [2021-06-18 13:48:08] line:58->>元素定位成功：耗时0.651秒!
[base.py]: [INFO] [2021-06-18 13:48:08] line:185->>弹出框元素文本：登录成功
[base.py]: [INFO] [2021-06-18 13:48:08] line:49->>定位登录主页页面元素：('xpath', '/html/body/div[6]/div/div[1]/div[1]/a[2]'), 元素描述：退出登录
[base.py]: [INFO] [2021-06-18 13:48:10] line:58->>元素定位成功：耗时1.685秒!
[base.py]: [INFO] [2021-06-18 13:48:10] line:111->>点击元素：退出登录
[conftest.py]: [INFO] [2021-06-18 13:48:11] line:49->>*************** 结束执行用例：testcase_01 ***************
[conftest.py]: [INFO] [2021-06-18 13:48:11] line:47->>*************** 开始执行用例：testcase_01 ***************
[base.py]: [INFO] [2021-06-18 13:48:12] line:49->>定位商城主页页面元素：('xpath', '/html/body/div[6]/div/div[1]/div[2]/a[1]'), 元素描述：登录
[base.py]: [INFO] [2021-06-18 13:48:12] line:58->>元素定位成功：耗时0.02秒!
[base.py]: [INFO] [2021-06-18 13:48:12] line:111->>点击元素：登录
[base.py]: [INFO] [2021-06-18 13:48:12] line:49->>定位登录页面元素：('xpath', '/html/body/div[4]/div/div[2]/div[2]/div/div/div[1]/form/div[1]/input'), 元素描述：用户名输入框
[base.py]: [INFO] [2021-06-18 13:48:12] line:58->>元素定位成功：耗时0.02秒!
[base.py]: [INFO] [2021-06-18 13:48:12] line:94->>输入内容：mik_74
[base.py]: [INFO] [2021-06-18 13:48:12] line:49->>定位登录页面元素：('xpath', '/html/body/div[4]/div/div[2]/div[2]/div/div/div[1]/form/div[2]/div/input'), 元素描述：密码输入框
[base.py]: [INFO] [2021-06-18 13:48:12] line:58->>元素定位成功：耗时0.018秒!
[base.py]: [INFO] [2021-06-18 13:48:12] line:94->>输入内容：123456
[base.py]: [INFO] [2021-06-18 13:48:12] line:49->>定位登录页面元素：('xpath', '/html/body/div[4]/div/div[2]/div[2]/div/div/div[1]/form/div[2]/div/input'), 元素描述：提交
[base.py]: [INFO] [2021-06-18 13:48:13] line:58->>元素定位成功：耗时0.017秒!
[base.py]: [INFO] [2021-06-18 13:48:13] line:127->>点击提交
[base.py]: [INFO] [2021-06-18 13:48:13] line:49->>定位登录页面元素：('class name', 'prompt-msg'), 元素描述：弹出框
[base.py]: [INFO] [2021-06-18 13:48:13] line:58->>元素定位成功：耗时0.633秒!
[base.py]: [INFO] [2021-06-18 13:48:13] line:185->>弹出框元素文本：登录成功
[base.py]: [INFO] [2021-06-18 13:48:13] line:49->>定位登录主页页面元素：('xpath', '/html/body/div[6]/div/div[1]/div[1]/a[2]'), 元素描述：退出登录
[base.py]: [INFO] [2021-06-18 13:48:15] line:58->>元素定位成功：耗时1.73秒!
[base.py]: [INFO] [2021-06-18 13:48:15] line:111->>点击元素：退出登录
[conftest.py]: [INFO] [2021-06-18 13:48:16] line:49->>*************** 结束执行用例：testcase_01 ***************
[test_02_login.py]: [INFO] [2021-06-18 13:48:16] line:23->>TestLogin模块测试完成
[conftest.py]: [INFO] [2021-06-18 13:48:16] line:35->>关闭浏览器
