[run_web.py]: [INFO] [2021-06-13 09:18:09] line:48->>==>>>开始执行web自动化测试
[conftest.py]: [INFO] [2021-06-13 09:18:12] line:24->>打开浏览器
[browser_init.py]: [INFO] [2021-06-13 09:18:18] line:53->>在localhost使用chrome执行
[test_01_register.py]: [INFO] [2021-06-13 09:18:19] line:22->>开始执行TestZc模块测试
[conftest.py]: [INFO] [2021-06-13 09:18:19] line:47->>testcase_01开始测试
[browser_init.py]: [INFO] [2021-06-13 09:18:24] line:86->>开始等待页面元素<('xpath', '/html/body/div[6]/div/div[1]/div[2]/a[2]')>是否可见！
[browser_init.py]: [ERROR] [2021-06-13 09:18:24] line:92->>等待页面元素<('xpath', '/html/body/div[6]/div/div[1]/div[2]/a[2]')>10秒失败！
[browser_init.py]: [ERROR] [2021-06-13 09:18:24] line:261->>截屏失败
[conftest.py]: [INFO] [2021-06-13 09:18:25] line:49->>testcase_01测试结束
[conftest.py]: [INFO] [2021-06-13 09:18:25] line:47->>testcase_01开始测试
[conftest.py]: [INFO] [2021-06-13 09:18:25] line:49->>testcase_01测试结束
[test_01_register.py]: [INFO] [2021-06-13 09:18:25] line:25->>TestZc模块测试完成
[conftest.py]: [INFO] [2021-06-13 09:18:25] line:35->>关闭浏览器
[run_web.py]: [INFO] [2021-06-13 09:18:44] line:48->>==>>>开始执行web自动化测试
[conftest.py]: [INFO] [2021-06-13 09:18:45] line:24->>打开浏览器
[browser_init.py]: [INFO] [2021-06-13 09:18:50] line:53->>在localhost使用chrome执行
[test_01_register.py]: [INFO] [2021-06-13 09:18:51] line:22->>开始执行TestZc模块测试
[conftest.py]: [INFO] [2021-06-13 09:18:51] line:47->>testcase_01开始测试
[browser_init.py]: [INFO] [2021-06-13 09:19:08] line:86->>开始等待页面元素<('xpath', '/html/body/div[6]/div/div[1]/div[2]/a[2]')>是否可见！
[browser_init.py]: [INFO] [2021-06-13 09:19:08] line:96->>页面元素<('xpath', '/html/body/div[6]/div/div[1]/div[2]/a[2]')>可见，等待时间：0.022秒!
[browser_init.py]: [INFO] [2021-06-13 09:19:08] line:123->>点击<('xpath', '/html/body/div[6]/div/div[1]/div[2]/a[2]')>
[browser_init.py]: [INFO] [2021-06-13 09:19:08] line:86->>开始等待页面元素<('xpath', '/html/body/div[4]/div/div/div/div[2]/div/div/div[1]/form/div[1]/input')>是否可见！
[browser_init.py]: [INFO] [2021-06-13 09:19:08] line:96->>页面元素<('xpath', '/html/body/div[4]/div/div/div/div[2]/div/div/div[1]/form/div[1]/input')>可见，等待时间：0.022秒!
[browser_init.py]: [INFO] [2021-06-13 09:19:08] line:107->>在<('xpath', '/html/body/div[4]/div/div/div/div[2]/div/div/div[1]/form/div[1]/input')>输入<mik_73>
[browser_init.py]: [INFO] [2021-06-13 09:19:09] line:86->>开始等待页面元素<('xpath', '/html/body/div[4]/div/div/div/div[2]/div/div/div[1]/form/div[2]/div/input')>是否可见！
[browser_init.py]: [INFO] [2021-06-13 09:19:09] line:96->>页面元素<('xpath', '/html/body/div[4]/div/div/div/div[2]/div/div/div[1]/form/div[2]/div/input')>可见，等待时间：0.02秒!
[browser_init.py]: [INFO] [2021-06-13 09:19:09] line:107->>在<('xpath', '/html/body/div[4]/div/div/div/div[2]/div/div/div[1]/form/div[2]/div/input')>输入<123456>
[browser_init.py]: [INFO] [2021-06-13 09:19:09] line:86->>开始等待页面元素<('xpath', '/html/body/div[4]/div/div/div/div[2]/div/div/div[1]/form/div[2]/div/input')>是否可见！
[browser_init.py]: [INFO] [2021-06-13 09:19:09] line:96->>页面元素<('xpath', '/html/body/div[4]/div/div/div/div[2]/div/div/div[1]/form/div[2]/div/input')>可见，等待时间：0.012秒!
[browser_init.py]: [INFO] [2021-06-13 09:19:09] line:139->>点击<('xpath', '/html/body/div[4]/div/div/div/div[2]/div/div/div[1]/form/div[2]/div/input')>提交
[browser_init.py]: [INFO] [2021-06-13 09:19:09] line:86->>开始等待页面元素<('class name', 'prompt-msg')>是否可见！
[browser_init.py]: [INFO] [2021-06-13 09:19:09] line:96->>页面元素<('class name', 'prompt-msg')>可见，等待时间：0.604秒!
[browser_init.py]: [INFO] [2021-06-13 09:19:09] line:213->>获取元素<('class name', 'prompt-msg')>的内容
[browser_init.py]: [INFO] [2021-06-13 09:19:09] line:216->>元素<('class name', 'prompt-msg')>的内容为<账号已存在>
[conftest.py]: [INFO] [2021-06-13 09:19:09] line:49->>testcase_01测试结束
[conftest.py]: [INFO] [2021-06-13 09:19:09] line:47->>testcase_01开始测试
[browser_init.py]: [INFO] [2021-06-13 09:19:10] line:86->>开始等待页面元素<('xpath', '/html/body/div[6]/div/div[1]/div[2]/a[2]')>是否可见！
[browser_init.py]: [INFO] [2021-06-13 09:19:10] line:96->>页面元素<('xpath', '/html/body/div[6]/div/div[1]/div[2]/a[2]')>可见，等待时间：0.026秒!
[browser_init.py]: [INFO] [2021-06-13 09:19:10] line:123->>点击<('xpath', '/html/body/div[6]/div/div[1]/div[2]/a[2]')>
[browser_init.py]: [INFO] [2021-06-13 09:19:11] line:86->>开始等待页面元素<('xpath', '/html/body/div[4]/div/div/div/div[2]/div/div/div[1]/form/div[1]/input')>是否可见！
[browser_init.py]: [INFO] [2021-06-13 09:19:11] line:96->>页面元素<('xpath', '/html/body/div[4]/div/div/div/div[2]/div/div/div[1]/form/div[1]/input')>可见，等待时间：0.051秒!
[browser_init.py]: [INFO] [2021-06-13 09:19:11] line:107->>在<('xpath', '/html/body/div[4]/div/div/div/div[2]/div/div/div[1]/form/div[1]/input')>输入<mik_74>
[browser_init.py]: [INFO] [2021-06-13 09:19:11] line:86->>开始等待页面元素<('xpath', '/html/body/div[4]/div/div/div/div[2]/div/div/div[1]/form/div[2]/div/input')>是否可见！
[browser_init.py]: [INFO] [2021-06-13 09:19:11] line:96->>页面元素<('xpath', '/html/body/div[4]/div/div/div/div[2]/div/div/div[1]/form/div[2]/div/input')>可见，等待时间：0.016秒!
[browser_init.py]: [INFO] [2021-06-13 09:19:11] line:107->>在<('xpath', '/html/body/div[4]/div/div/div/div[2]/div/div/div[1]/form/div[2]/div/input')>输入<123456>
[browser_init.py]: [INFO] [2021-06-13 09:19:11] line:86->>开始等待页面元素<('xpath', '/html/body/div[4]/div/div/div/div[2]/div/div/div[1]/form/div[2]/div/input')>是否可见！
[browser_init.py]: [INFO] [2021-06-13 09:19:11] line:96->>页面元素<('xpath', '/html/body/div[4]/div/div/div/div[2]/div/div/div[1]/form/div[2]/div/input')>可见，等待时间：0.013秒!
[browser_init.py]: [INFO] [2021-06-13 09:19:11] line:139->>点击<('xpath', '/html/body/div[4]/div/div/div/div[2]/div/div/div[1]/form/div[2]/div/input')>提交
[browser_init.py]: [INFO] [2021-06-13 09:19:11] line:86->>开始等待页面元素<('class name', 'prompt-msg')>是否可见！
[browser_init.py]: [INFO] [2021-06-13 09:19:12] line:96->>页面元素<('class name', 'prompt-msg')>可见，等待时间：0.658秒!
[browser_init.py]: [INFO] [2021-06-13 09:19:12] line:213->>获取元素<('class name', 'prompt-msg')>的内容
[browser_init.py]: [INFO] [2021-06-13 09:19:12] line:216->>元素<('class name', 'prompt-msg')>的内容为<账号已存在>
[conftest.py]: [INFO] [2021-06-13 09:19:12] line:49->>testcase_01测试结束
[test_01_register.py]: [INFO] [2021-06-13 09:19:12] line:25->>TestZc模块测试完成
[test_02_login.py]: [INFO] [2021-06-13 09:19:12] line:23->>开始执行TestLogin模块测试
[conftest.py]: [INFO] [2021-06-13 09:19:12] line:47->>testcase_01开始测试
[browser_init.py]: [INFO] [2021-06-13 09:19:13] line:86->>开始等待页面元素<('xpath', '/html/body/div[6]/div/div[1]/div[2]/a[1]')>是否可见！
[browser_init.py]: [INFO] [2021-06-13 09:19:13] line:96->>页面元素<('xpath', '/html/body/div[6]/div/div[1]/div[2]/a[1]')>可见，等待时间：0.024秒!
[browser_init.py]: [INFO] [2021-06-13 09:19:13] line:123->>点击<('xpath', '/html/body/div[6]/div/div[1]/div[2]/a[1]')>
[browser_init.py]: [INFO] [2021-06-13 09:19:13] line:86->>开始等待页面元素<('xpath', '/html/body/div[4]/div/div[2]/div[2]/div/div/div[1]/form/div[1]/input')>是否可见！
[browser_init.py]: [INFO] [2021-06-13 09:19:13] line:96->>页面元素<('xpath', '/html/body/div[4]/div/div[2]/div[2]/div/div/div[1]/form/div[1]/input')>可见，等待时间：0.021秒!
[browser_init.py]: [INFO] [2021-06-13 09:19:13] line:107->>在<('xpath', '/html/body/div[4]/div/div[2]/div[2]/div/div/div[1]/form/div[1]/input')>输入<mik_73>
[browser_init.py]: [INFO] [2021-06-13 09:19:13] line:86->>开始等待页面元素<('xpath', '/html/body/div[4]/div/div[2]/div[2]/div/div/div[1]/form/div[2]/div/input')>是否可见！
[browser_init.py]: [INFO] [2021-06-13 09:19:13] line:96->>页面元素<('xpath', '/html/body/div[4]/div/div[2]/div[2]/div/div/div[1]/form/div[2]/div/input')>可见，等待时间：0.018秒!
[browser_init.py]: [INFO] [2021-06-13 09:19:13] line:107->>在<('xpath', '/html/body/div[4]/div/div[2]/div[2]/div/div/div[1]/form/div[2]/div/input')>输入<123456>
[browser_init.py]: [INFO] [2021-06-13 09:19:14] line:86->>开始等待页面元素<('xpath', '/html/body/div[4]/div/div[2]/div[2]/div/div/div[1]/form/div[2]/div/input')>是否可见！
[browser_init.py]: [INFO] [2021-06-13 09:19:14] line:96->>页面元素<('xpath', '/html/body/div[4]/div/div[2]/div[2]/div/div/div[1]/form/div[2]/div/input')>可见，等待时间：0.01秒!
[browser_init.py]: [INFO] [2021-06-13 09:19:14] line:139->>点击<('xpath', '/html/body/div[4]/div/div[2]/div[2]/div/div/div[1]/form/div[2]/div/input')>提交
[browser_init.py]: [INFO] [2021-06-13 09:19:14] line:86->>开始等待页面元素<('class name', 'prompt-msg')>是否可见！
[browser_init.py]: [INFO] [2021-06-13 09:19:14] line:96->>页面元素<('class name', 'prompt-msg')>可见，等待时间：0.616秒!
[browser_init.py]: [INFO] [2021-06-13 09:19:14] line:213->>获取元素<('class name', 'prompt-msg')>的内容
[browser_init.py]: [INFO] [2021-06-13 09:19:14] line:216->>元素<('class name', 'prompt-msg')>的内容为<登录成功>
[conftest.py]: [INFO] [2021-06-13 09:19:14] line:49->>testcase_01测试结束
[conftest.py]: [INFO] [2021-06-13 09:19:14] line:47->>testcase_01开始测试
[browser_init.py]: [INFO] [2021-06-13 09:19:15] line:86->>开始等待页面元素<('xpath', '/html/body/div[6]/div/div[1]/div[2]/a[1]')>是否可见！
[browser_init.py]: [INFO] [2021-06-13 09:19:15] line:96->>页面元素<('xpath', '/html/body/div[6]/div/div[1]/div[2]/a[1]')>可见，等待时间：0.016秒!
[browser_init.py]: [INFO] [2021-06-13 09:19:15] line:123->>点击<('xpath', '/html/body/div[6]/div/div[1]/div[2]/a[1]')>
[browser_init.py]: [INFO] [2021-06-13 09:19:15] line:86->>开始等待页面元素<('xpath', '/html/body/div[4]/div/div[2]/div[2]/div/div/div[1]/form/div[1]/input')>是否可见！
[browser_init.py]: [ERROR] [2021-06-13 09:19:26] line:92->>等待页面元素<('xpath', '/html/body/div[4]/div/div[2]/div[2]/div/div/div[1]/form/div[1]/input')>10秒失败！
[browser_init.py]: [INFO] [2021-06-13 09:19:27] line:257->>截屏成功,图片路径为E:\My_code\UIAutoTest\imgs\2021-06-13-09-19-26.png
[conftest.py]: [INFO] [2021-06-13 09:19:28] line:49->>testcase_01测试结束
[test_02_login.py]: [INFO] [2021-06-13 09:19:28] line:26->>TestLogin模块测试完成
[conftest.py]: [INFO] [2021-06-13 09:19:28] line:35->>关闭浏览器
[run_web.py]: [INFO] [2021-06-13 09:19:31] line:50->>==>>>web自动化测试结束
