[run_web.py]: [INFO] [2021-06-07 12:36:27] line:45->>开始执行web自动化测试
[conftest.py]: [INFO] [2021-06-07 12:36:28] line:24->>打开浏览器
[browser_init.py]: [INFO] [2021-06-07 12:36:33] line:55->>在localhost使用chrome执行
[test_register.py]: [INFO] [2021-06-07 12:36:34] line:24->>开始执行TestZc测试
[browser_init.py]: [INFO] [2021-06-07 12:36:48] line:85->>开始等待页面元素<('xpath', '/html/body/div[6]/div/div[1]/div[2]/a[2]')>是否可见！
[browser_init.py]: [INFO] [2021-06-07 12:36:48] line:96->>页面元素<('xpath', '/html/body/div[6]/div/div[1]/div[2]/a[2]')>可见，等待时间：0.028秒!
[browser_init.py]: [INFO] [2021-06-07 12:36:48] line:123->>点击<('xpath', '/html/body/div[6]/div/div[1]/div[2]/a[2]')>
[browser_init.py]: [INFO] [2021-06-07 12:36:49] line:85->>开始等待页面元素<('xpath', '/html/body/div[4]/div/div/div/div[2]/div/div/div[1]/form/div[1]/input')>是否可见！
[browser_init.py]: [INFO] [2021-06-07 12:36:49] line:96->>页面元素<('xpath', '/html/body/div[4]/div/div/div/div[2]/div/div/div[1]/form/div[1]/input')>可见，等待时间：0.022秒!
[browser_init.py]: [INFO] [2021-06-07 12:36:49] line:107->>在<('xpath', '/html/body/div[4]/div/div/div/div[2]/div/div/div[1]/form/div[1]/input')>输入<mik_73>
[browser_init.py]: [INFO] [2021-06-07 12:36:49] line:85->>开始等待页面元素<('xpath', '/html/body/div[4]/div/div/div/div[2]/div/div/div[1]/form/div[2]/div/input')>是否可见！
[browser_init.py]: [INFO] [2021-06-07 12:36:49] line:96->>页面元素<('xpath', '/html/body/div[4]/div/div/div/div[2]/div/div/div[1]/form/div[2]/div/input')>可见，等待时间：0.02秒!
[browser_init.py]: [INFO] [2021-06-07 12:36:49] line:107->>在<('xpath', '/html/body/div[4]/div/div/div/div[2]/div/div/div[1]/form/div[2]/div/input')>输入<123456>
[browser_init.py]: [INFO] [2021-06-07 12:36:49] line:85->>开始等待页面元素<('xpath', '/html/body/div[4]/div/div/div/div[2]/div/div/div[1]/form/div[2]/div/input')>是否可见！
[browser_init.py]: [INFO] [2021-06-07 12:36:49] line:96->>页面元素<('xpath', '/html/body/div[4]/div/div/div/div[2]/div/div/div[1]/form/div[2]/div/input')>可见，等待时间：0.01秒!
[browser_init.py]: [INFO] [2021-06-07 12:36:49] line:139->>点击<('xpath', '/html/body/div[4]/div/div/div/div[2]/div/div/div[1]/form/div[2]/div/input')>提交
[browser_init.py]: [INFO] [2021-06-07 12:36:49] line:85->>开始等待页面元素<('xpath', '/html/body/div[2]/div/ul[1]/div/div/em[2]')>是否可见！
[browser_init.py]: [ERROR] [2021-06-07 12:37:00] line:91->>等待页面元素<('xpath', '/html/body/div[2]/div/ul[1]/div/div/em[2]')>10秒失败！
[browser_init.py]: [INFO] [2021-06-07 12:37:00] line:257->>截屏成功,图片路径为E:\My_code\AutoTest\imgs\2021-06-07-12-37-00.png
[browser_init.py]: [INFO] [2021-06-07 12:37:02] line:85->>开始等待页面元素<('xpath', '/html/body/div[6]/div/div[1]/div[2]/a[2]')>是否可见！
[browser_init.py]: [INFO] [2021-06-07 12:37:02] line:96->>页面元素<('xpath', '/html/body/div[6]/div/div[1]/div[2]/a[2]')>可见，等待时间：0.31秒!
[browser_init.py]: [INFO] [2021-06-07 12:37:02] line:123->>点击<('xpath', '/html/body/div[6]/div/div[1]/div[2]/a[2]')>
[browser_init.py]: [INFO] [2021-06-07 12:37:03] line:85->>开始等待页面元素<('xpath', '/html/body/div[4]/div/div/div/div[2]/div/div/div[1]/form/div[1]/input')>是否可见！
[browser_init.py]: [INFO] [2021-06-07 12:37:03] line:96->>页面元素<('xpath', '/html/body/div[4]/div/div/div/div[2]/div/div/div[1]/form/div[1]/input')>可见，等待时间：0.021秒!
[browser_init.py]: [INFO] [2021-06-07 12:37:03] line:107->>在<('xpath', '/html/body/div[4]/div/div/div/div[2]/div/div/div[1]/form/div[1]/input')>输入<mik_74>
[browser_init.py]: [INFO] [2021-06-07 12:37:04] line:85->>开始等待页面元素<('xpath', '/html/body/div[4]/div/div/div/div[2]/div/div/div[1]/form/div[2]/div/input')>是否可见！
[browser_init.py]: [INFO] [2021-06-07 12:37:04] line:96->>页面元素<('xpath', '/html/body/div[4]/div/div/div/div[2]/div/div/div[1]/form/div[2]/div/input')>可见，等待时间：0.307秒!
[browser_init.py]: [INFO] [2021-06-07 12:37:04] line:107->>在<('xpath', '/html/body/div[4]/div/div/div/div[2]/div/div/div[1]/form/div[2]/div/input')>输入<123456>
[browser_init.py]: [INFO] [2021-06-07 12:37:04] line:85->>开始等待页面元素<('xpath', '/html/body/div[4]/div/div/div/div[2]/div/div/div[1]/form/div[2]/div/input')>是否可见！
[browser_init.py]: [INFO] [2021-06-07 12:37:04] line:96->>页面元素<('xpath', '/html/body/div[4]/div/div/div/div[2]/div/div/div[1]/form/div[2]/div/input')>可见，等待时间：0.008秒!
[browser_init.py]: [INFO] [2021-06-07 12:37:04] line:139->>点击<('xpath', '/html/body/div[4]/div/div/div/div[2]/div/div/div[1]/form/div[2]/div/input')>提交
[browser_init.py]: [INFO] [2021-06-07 12:37:04] line:85->>开始等待页面元素<('xpath', '/html/body/div[2]/div/ul[1]/div/div/em[2]')>是否可见！
[browser_init.py]: [ERROR] [2021-06-07 12:37:15] line:91->>等待页面元素<('xpath', '/html/body/div[2]/div/ul[1]/div/div/em[2]')>10秒失败！
[browser_init.py]: [INFO] [2021-06-07 12:37:15] line:257->>截屏成功,图片路径为E:\My_code\AutoTest\imgs\2021-06-07-12-37-15.png
[test_register.py]: [INFO] [2021-06-07 12:37:16] line:27->>TestZc测试完成
[conftest.py]: [INFO] [2021-06-07 12:37:16] line:33->>关闭浏览器
[run_web.py]: [INFO] [2021-06-07 12:37:20] line:47->>web自动化测试结束
