[run_web.py]: [INFO] [2021-06-30 18:53:01] line:48->>==>>>开始执行web自动化测试
[rd_yaml.py]: [INFO] [2021-06-30 18:53:02] line:23->>加载 E:\My_code\UIAutoTest\testdata\web_data.yaml 文件......
[rd_yaml.py]: [INFO] [2021-06-30 18:53:02] line:23->>加载 E:\My_code\UIAutoTest\testdata\web_data.yaml 文件......
[conftest.py]: [INFO] [2021-06-30 18:53:02] line:24->>打开浏览器
[browser.py]: [INFO] [2021-06-30 18:53:04] line:46->>在localhost使用chrome执行
[test_01_register.py]: [INFO] [2021-06-30 18:53:04] line:20->>开始执行TestRegister模块测试
[conftest.py]: [INFO] [2021-06-30 18:53:04] line:47->>*************** 开始执行用例：testcase_01 ***************
[base.py]: [INFO] [2021-06-30 18:53:10] line:49->>定位商城主页页面元素：('xpath', '//a[text()="注册"]'), 元素描述：注册
[base.py]: [INFO] [2021-06-30 18:53:10] line:58->>元素定位成功：耗时0.037秒!
[base.py]: [INFO] [2021-06-30 18:53:10] line:111->>点击元素：注册
[base.py]: [INFO] [2021-06-30 18:53:12] line:49->>定位注册页面元素：('xpath', '/html/body/div[4]/div/div/div/div[2]/div/div/div[1]/form/div[1]/input'), 元素描述：用户名输入框
[base.py]: [INFO] [2021-06-30 18:53:12] line:58->>元素定位成功：耗时0.024秒!
[base.py]: [INFO] [2021-06-30 18:53:12] line:94->>输入内容：mik_73
[base.py]: [INFO] [2021-06-30 18:53:12] line:49->>定位注册页面元素：('xpath', '/html/body/div[4]/div/div/div/div[2]/div/div/div[1]/form/div[2]/div/input'), 元素描述：密码输入框
[base.py]: [INFO] [2021-06-30 18:53:12] line:58->>元素定位成功：耗时0.024秒!
[base.py]: [INFO] [2021-06-30 18:53:12] line:94->>输入内容：123456
[base.py]: [INFO] [2021-06-30 18:53:12] line:49->>定位注册页面元素：('xpath', '/html/body/div[4]/div/div/div/div[2]/div/div/div[1]/form/div[3]/label'), 元素描述：阅读并同意
[base.py]: [INFO] [2021-06-30 18:53:12] line:58->>元素定位成功：耗时0.018秒!
[base.py]: [INFO] [2021-06-30 18:53:12] line:111->>点击元素：阅读并同意
[base.py]: [INFO] [2021-06-30 18:53:12] line:49->>定位注册页面元素：('xpath', '/html/body/div[4]/div/div/div/div[2]/div/div/div[1]/form/div[2]/div/input'), 元素描述：提交
[base.py]: [INFO] [2021-06-30 18:53:12] line:58->>元素定位成功：耗时0.014秒!
[base.py]: [INFO] [2021-06-30 18:53:12] line:127->>点击提交
[base.py]: [INFO] [2021-06-30 18:53:12] line:49->>定位注册页面元素：('class name', 'prompt-msg'), 元素描述：弹出框
[base.py]: [ERROR] [2021-06-30 18:53:23] line:54->>元素定位失败!
[base.py]: [INFO] [2021-06-30 18:53:23] line:225->>截屏成功,图片路径为E:\My_code\UIAutoTest\imgs\2021-06-30-18-53-23.png
[conftest.py]: [INFO] [2021-06-30 18:53:25] line:49->>*************** 结束执行用例：testcase_01 ***************
[conftest.py]: [INFO] [2021-06-30 18:53:25] line:47->>*************** 开始执行用例：testcase_01 ***************
[base.py]: [INFO] [2021-06-30 18:53:25] line:49->>定位商城主页页面元素：('xpath', '//a[text()="注册"]'), 元素描述：注册
[base.py]: [ERROR] [2021-06-30 18:53:36] line:54->>元素定位失败!
[base.py]: [INFO] [2021-06-30 18:53:37] line:225->>截屏成功,图片路径为E:\My_code\UIAutoTest\imgs\2021-06-30-18-53-36.png
[conftest.py]: [INFO] [2021-06-30 18:53:38] line:49->>*************** 结束执行用例：testcase_01 ***************
[test_01_register.py]: [INFO] [2021-06-30 18:53:38] line:23->>TestRegister模块测试完成
[test_02_login.py]: [INFO] [2021-06-30 18:53:38] line:20->>开始执行TestLogin模块测试
[conftest.py]: [INFO] [2021-06-30 18:53:38] line:47->>*************** 开始执行用例：testcase_01 ***************
[base.py]: [INFO] [2021-06-30 18:53:39] line:49->>定位商城主页页面元素：('xpath', '//a[text()="登录"]'), 元素描述：登录
[base.py]: [INFO] [2021-06-30 18:53:47] line:58->>元素定位成功：耗时8.546秒!
[base.py]: [INFO] [2021-06-30 18:53:47] line:111->>点击元素：登录
[base.py]: [INFO] [2021-06-30 18:53:48] line:49->>定位登录页面元素：('xpath', '//input[@placeholder="用户名/手机/邮箱"]'), 元素描述：用户名输入框
[base.py]: [INFO] [2021-06-30 18:53:48] line:58->>元素定位成功：耗时0.025秒!
[base.py]: [INFO] [2021-06-30 18:53:48] line:94->>输入内容：mik_73
[base.py]: [INFO] [2021-06-30 18:53:48] line:49->>定位登录页面元素：('xpath', '//input[@placeholder="登录密码"]'), 元素描述：密码输入框
[base.py]: [INFO] [2021-06-30 18:53:48] line:58->>元素定位成功：耗时0.024秒!
[base.py]: [INFO] [2021-06-30 18:53:48] line:94->>输入内容：123456
[base.py]: [INFO] [2021-06-30 18:53:48] line:49->>定位登录页面元素：('xpath', '//input[@placeholder="登录密码"]'), 元素描述：提交
[base.py]: [INFO] [2021-06-30 18:53:48] line:58->>元素定位成功：耗时0.032秒!
[base.py]: [INFO] [2021-06-30 18:53:48] line:127->>点击提交
[base.py]: [INFO] [2021-06-30 18:53:48] line:49->>定位登录页面元素：('class name', 'prompt-msg'), 元素描述：弹出框
[base.py]: [ERROR] [2021-06-30 18:53:59] line:54->>元素定位失败!
[base.py]: [INFO] [2021-06-30 18:54:00] line:225->>截屏成功,图片路径为E:\My_code\UIAutoTest\imgs\2021-06-30-18-53-59.png
[conftest.py]: [INFO] [2021-06-30 18:54:01] line:49->>*************** 结束执行用例：testcase_01 ***************
[conftest.py]: [INFO] [2021-06-30 18:54:01] line:47->>*************** 开始执行用例：testcase_01 ***************
[base.py]: [INFO] [2021-06-30 18:54:01] line:49->>定位商城主页页面元素：('xpath', '//a[text()="登录"]'), 元素描述：登录
[base.py]: [ERROR] [2021-06-30 18:54:12] line:54->>元素定位失败!
[base.py]: [INFO] [2021-06-30 18:54:13] line:225->>截屏成功,图片路径为E:\My_code\UIAutoTest\imgs\2021-06-30-18-54-12.png
[conftest.py]: [INFO] [2021-06-30 18:54:14] line:49->>*************** 结束执行用例：testcase_01 ***************
[test_02_login.py]: [INFO] [2021-06-30 18:54:14] line:23->>TestLogin模块测试完成
[conftest.py]: [INFO] [2021-06-30 18:54:14] line:47->>*************** 开始执行用例：test_case01 ***************
[base.py]: [INFO] [2021-06-30 18:54:15] line:49->>定位商城主页页面元素：('xpath', '//a[text()="登录"]'), 元素描述：登录
[base.py]: [ERROR] [2021-06-30 18:54:26] line:54->>元素定位失败!
[base.py]: [INFO] [2021-06-30 18:54:26] line:225->>截屏成功,图片路径为E:\My_code\UIAutoTest\imgs\2021-06-30-18-54-26.png
[conftest.py]: [INFO] [2021-06-30 18:54:27] line:49->>*************** 结束执行用例：test_case01 ***************
[conftest.py]: [INFO] [2021-06-30 18:54:27] line:35->>关闭浏览器
[run_web.py]: [INFO] [2021-06-30 18:54:30] line:50->>==>>>web自动化测试结束
