[run_web.py]: [INFO] [2021-06-29 19:43:08] line:48->>==>>>开始执行web自动化测试
[conftest.py]: [INFO] [2021-06-29 19:43:09] line:24->>打开浏览器
[browser.py]: [INFO] [2021-06-29 19:43:10] line:46->>在localhost使用chrome执行
[conftest.py]: [INFO] [2021-06-29 19:43:11] line:47->>*************** 开始执行用例：test_case01 ***************
[base.py]: [INFO] [2021-06-29 19:43:27] line:49->>定位商城主页页面元素：('xpath', '/html/body/div[6]/div/div[1]/div[2]/a[1]'), 元素描述：登录
[base.py]: [INFO] [2021-06-29 19:43:27] line:58->>元素定位成功：耗时0.027秒!
[base.py]: [INFO] [2021-06-29 19:43:27] line:111->>点击元素：登录
[base.py]: [INFO] [2021-06-29 19:43:29] line:49->>定位登录页面元素：('xpath', '/html/body/div[4]/div/div[2]/div[2]/div/div/div[1]/form/div[1]/input'), 元素描述：用户名输入框
[base.py]: [INFO] [2021-06-29 19:43:29] line:58->>元素定位成功：耗时0.018秒!
[base.py]: [INFO] [2021-06-29 19:43:29] line:94->>输入内容：mik_2
[base.py]: [INFO] [2021-06-29 19:43:29] line:49->>定位登录页面元素：('xpath', '/html/body/div[4]/div/div[2]/div[2]/div/div/div[1]/form/div[2]/div/input'), 元素描述：密码输入框
[base.py]: [INFO] [2021-06-29 19:43:29] line:58->>元素定位成功：耗时0.026秒!
[base.py]: [INFO] [2021-06-29 19:43:29] line:94->>输入内容：123456
[base.py]: [INFO] [2021-06-29 19:43:29] line:49->>定位登录页面元素：('xpath', '/html/body/div[4]/div/div[2]/div[2]/div/div/div[1]/form/div[2]/div/input'), 元素描述：提交
[base.py]: [INFO] [2021-06-29 19:43:29] line:58->>元素定位成功：耗时0.019秒!
[base.py]: [INFO] [2021-06-29 19:43:29] line:127->>点击提交
[base.py]: [INFO] [2021-06-29 19:43:29] line:49->>定位登录成功主页页面元素：('id', 'search-input'), 元素描述：搜索框
[base.py]: [INFO] [2021-06-29 19:43:29] line:58->>元素定位成功：耗时0.017秒!
[base.py]: [INFO] [2021-06-29 19:43:29] line:94->>输入内容：手机
[base.py]: [INFO] [2021-06-29 19:43:29] line:49->>定位登录成功主页页面元素：('id', 'ai-topsearch'), 元素描述：搜索按钮
[base.py]: [INFO] [2021-06-29 19:43:29] line:58->>元素定位成功：耗时0.02秒!
[base.py]: [INFO] [2021-06-29 19:43:29] line:111->>点击元素：搜索按钮
[base.py]: [INFO] [2021-06-29 19:43:31] line:139->>获取所有句柄
[base.py]: [INFO] [2021-06-29 19:43:31] line:49->>定位显示商品页面页面元素：('xpath', '/html/body/div[4]/div/ul/li[1]/div'), 元素描述：第一个商品
[base.py]: [INFO] [2021-06-29 19:43:32] line:58->>元素定位成功：耗时0.768秒!
[base.py]: [INFO] [2021-06-29 19:43:32] line:111->>点击元素：第一个商品
[base.py]: [INFO] [2021-06-29 19:43:32] line:158->>切换到最新打开的窗口
[base.py]: [INFO] [2021-06-29 19:43:32] line:49->>定位商城主页页面元素：('xpath', '//li[@data-value=‘套餐一’]'), 元素描述：套餐1
[base.py]: [ERROR] [2021-06-29 19:43:42] line:54->>元素定位失败!
[base.py]: [INFO] [2021-06-29 19:43:42] line:225->>截屏成功,图片路径为E:\My_code\UIAutoTest\imgs\2021-06-29-19-43-42.png
[conftest.py]: [INFO] [2021-06-29 19:43:44] line:49->>*************** 结束执行用例：test_case01 ***************
[conftest.py]: [INFO] [2021-06-29 19:43:44] line:35->>关闭浏览器
[run_web.py]: [INFO] [2021-06-29 19:43:46] line:50->>==>>>web自动化测试结束
