[run.py]: [INFO] [2021-06-04 18:32:48] line:17-->>开始执行web自动化测试
[browser_init.py]: [INFO] [2021-06-04 18:32:53] line:56-->>在localhost使用chrome执行
[test_register.py]: [INFO] [2021-06-04 18:32:54] line:24-->>开始执行TestZc测试
[browser_init.py]: [INFO] [2021-06-04 18:33:07] line:86-->>开始等待页面元素<('xpath', '/html/body/div[6]/div/div[1]/div[2]/a[2]')>是否可见！
[browser_init.py]: [INFO] [2021-06-04 18:33:07] line:97-->>页面元素<('xpath', '/html/body/div[6]/div/div[1]/div[2]/a[2]')>可见，等待时间：0.027秒!
[browser_init.py]: [INFO] [2021-06-04 18:33:07] line:124-->>点击<('xpath', '/html/body/div[6]/div/div[1]/div[2]/a[2]')>
[browser_init.py]: [INFO] [2021-06-04 18:33:08] line:86-->>开始等待页面元素<('xpath', '/html/body/div[4]/div/div/div/div[2]/div/div/div[1]/form/div[1]/input')>是否可见！
[browser_init.py]: [INFO] [2021-06-04 18:33:08] line:97-->>页面元素<('xpath', '/html/body/div[4]/div/div/div/div[2]/div/div/div[1]/form/div[1]/input')>可见，等待时间：0.022秒!
[browser_init.py]: [INFO] [2021-06-04 18:33:08] line:108-->>在<('xpath', '/html/body/div[4]/div/div/div/div[2]/div/div/div[1]/form/div[1]/input')>输入<mik_73>
[browser_init.py]: [INFO] [2021-06-04 18:33:08] line:86-->>开始等待页面元素<('xpath', '/html/body/div[4]/div/div/div/div[2]/div/div/div[1]/form/div[2]/div/input')>是否可见！
[browser_init.py]: [INFO] [2021-06-04 18:33:08] line:97-->>页面元素<('xpath', '/html/body/div[4]/div/div/div/div[2]/div/div/div[1]/form/div[2]/div/input')>可见，等待时间：0.019秒!
[browser_init.py]: [INFO] [2021-06-04 18:33:08] line:108-->>在<('xpath', '/html/body/div[4]/div/div/div/div[2]/div/div/div[1]/form/div[2]/div/input')>输入<123456>
[browser_init.py]: [INFO] [2021-06-04 18:33:08] line:86-->>开始等待页面元素<('xpath', '/html/body/div[4]/div/div/div/div[2]/div/div/div[1]/form/div[2]/div/input')>是否可见！
[browser_init.py]: [INFO] [2021-06-04 18:33:08] line:97-->>页面元素<('xpath', '/html/body/div[4]/div/div/div/div[2]/div/div/div[1]/form/div[2]/div/input')>可见，等待时间：0.011秒!
[browser_init.py]: [INFO] [2021-06-04 18:33:08] line:140-->>点击<('xpath', '/html/body/div[4]/div/div/div/div[2]/div/div/div[1]/form/div[2]/div/input')>提交
[browser_init.py]: [ERROR] [2021-06-04 18:33:18] line:244-->>alert切换失败！
[browser_init.py]: [INFO] [2021-06-04 18:33:18] line:258-->>截屏成功,图片路径为E:\My_code\AutoTest\imgs\2021-06-04-18-33-18.png
[browser_init.py]: [INFO] [2021-06-04 18:33:20] line:86-->>开始等待页面元素<('xpath', '/html/body/div[6]/div/div[1]/div[2]/a[2]')>是否可见！
[browser_init.py]: [INFO] [2021-06-04 18:33:20] line:97-->>页面元素<('xpath', '/html/body/div[6]/div/div[1]/div[2]/a[2]')>可见，等待时间：0.138秒!
[browser_init.py]: [INFO] [2021-06-04 18:33:20] line:124-->>点击<('xpath', '/html/body/div[6]/div/div[1]/div[2]/a[2]')>
[browser_init.py]: [INFO] [2021-06-04 18:33:21] line:86-->>开始等待页面元素<('xpath', '/html/body/div[4]/div/div/div/div[2]/div/div/div[1]/form/div[1]/input')>是否可见！
[browser_init.py]: [INFO] [2021-06-04 18:33:21] line:97-->>页面元素<('xpath', '/html/body/div[4]/div/div/div/div[2]/div/div/div[1]/form/div[1]/input')>可见，等待时间：0.17秒!
[browser_init.py]: [INFO] [2021-06-04 18:33:21] line:108-->>在<('xpath', '/html/body/div[4]/div/div/div/div[2]/div/div/div[1]/form/div[1]/input')>输入<mik_74>
[browser_init.py]: [INFO] [2021-06-04 18:33:21] line:86-->>开始等待页面元素<('xpath', '/html/body/div[4]/div/div/div/div[2]/div/div/div[1]/form/div[2]/div/input')>是否可见！
[browser_init.py]: [INFO] [2021-06-04 18:33:21] line:97-->>页面元素<('xpath', '/html/body/div[4]/div/div/div/div[2]/div/div/div[1]/form/div[2]/div/input')>可见，等待时间：0.022秒!
[browser_init.py]: [INFO] [2021-06-04 18:33:21] line:108-->>在<('xpath', '/html/body/div[4]/div/div/div/div[2]/div/div/div[1]/form/div[2]/div/input')>输入<123456>
[browser_init.py]: [INFO] [2021-06-04 18:33:21] line:86-->>开始等待页面元素<('xpath', '/html/body/div[4]/div/div/div/div[2]/div/div/div[1]/form/div[2]/div/input')>是否可见！
[browser_init.py]: [INFO] [2021-06-04 18:33:21] line:97-->>页面元素<('xpath', '/html/body/div[4]/div/div/div/div[2]/div/div/div[1]/form/div[2]/div/input')>可见，等待时间：0.011秒!
[browser_init.py]: [INFO] [2021-06-04 18:33:21] line:140-->>点击<('xpath', '/html/body/div[4]/div/div/div/div[2]/div/div/div[1]/form/div[2]/div/input')>提交
[browser_init.py]: [ERROR] [2021-06-04 18:33:32] line:244-->>alert切换失败！
[browser_init.py]: [INFO] [2021-06-04 18:33:32] line:258-->>截屏成功,图片路径为E:\My_code\AutoTest\imgs\2021-06-04-18-33-32.png
[test_register.py]: [INFO] [2021-06-04 18:33:33] line:27-->>TestZc测试完成
[run.py]: [INFO] [2021-06-04 18:33:33] line:19-->>web自动化测试结束
