[run_web.py]: [INFO] [2021-06-29 19:48:42] line:48->>==>>>开始执行web自动化测试
[conftest.py]: [INFO] [2021-06-29 19:48:42] line:24->>打开浏览器
[browser.py]: [INFO] [2021-06-29 19:48:44] line:46->>在localhost使用chrome执行
[conftest.py]: [INFO] [2021-06-29 19:48:44] line:47->>*************** 开始执行用例：test_case01 ***************
[base.py]: [INFO] [2021-06-29 19:49:00] line:49->>定位商城主页页面元素：('xpath', '/html/body/div[6]/div/div[1]/div[2]/a[1]'), 元素描述：登录
[base.py]: [INFO] [2021-06-29 19:49:00] line:58->>元素定位成功：耗时0.032秒!
[base.py]: [INFO] [2021-06-29 19:49:00] line:111->>点击元素：登录
[base.py]: [INFO] [2021-06-29 19:49:01] line:49->>定位登录页面元素：('xpath', '/html/body/div[4]/div/div[2]/div[2]/div/div/div[1]/form/div[1]/input'), 元素描述：用户名输入框
[base.py]: [INFO] [2021-06-29 19:49:02] line:58->>元素定位成功：耗时0.196秒!
[base.py]: [INFO] [2021-06-29 19:49:02] line:94->>输入内容：mik_2
[base.py]: [INFO] [2021-06-29 19:49:02] line:49->>定位登录页面元素：('xpath', '/html/body/div[4]/div/div[2]/div[2]/div/div/div[1]/form/div[2]/div/input'), 元素描述：密码输入框
[base.py]: [INFO] [2021-06-29 19:49:02] line:58->>元素定位成功：耗时0.025秒!
[base.py]: [INFO] [2021-06-29 19:49:02] line:94->>输入内容：123456
[base.py]: [INFO] [2021-06-29 19:49:02] line:49->>定位登录页面元素：('xpath', '/html/body/div[4]/div/div[2]/div[2]/div/div/div[1]/form/div[2]/div/input'), 元素描述：提交
[base.py]: [INFO] [2021-06-29 19:49:02] line:58->>元素定位成功：耗时0.017秒!
[base.py]: [INFO] [2021-06-29 19:49:02] line:127->>点击提交
[base.py]: [INFO] [2021-06-29 19:49:02] line:49->>定位登录成功主页页面元素：('id', 'search-input'), 元素描述：搜索框
[base.py]: [INFO] [2021-06-29 19:49:02] line:58->>元素定位成功：耗时0.019秒!
[base.py]: [INFO] [2021-06-29 19:49:02] line:94->>输入内容：手机
[base.py]: [INFO] [2021-06-29 19:49:02] line:49->>定位登录成功主页页面元素：('id', 'ai-topsearch'), 元素描述：搜索按钮
[base.py]: [INFO] [2021-06-29 19:49:02] line:58->>元素定位成功：耗时0.018秒!
[base.py]: [INFO] [2021-06-29 19:49:02] line:111->>点击元素：搜索按钮
[base.py]: [INFO] [2021-06-29 19:49:03] line:139->>获取所有句柄
[base.py]: [INFO] [2021-06-29 19:49:03] line:49->>定位显示商品页面页面元素：('xpath', '/html/body/div[4]/div/ul/li[1]/div'), 元素描述：第一个商品
[base.py]: [INFO] [2021-06-29 19:49:04] line:58->>元素定位成功：耗时0.734秒!
[base.py]: [INFO] [2021-06-29 19:49:04] line:111->>点击元素：第一个商品
[base.py]: [INFO] [2021-06-29 19:49:04] line:158->>切换到最新打开的窗口
[base.py]: [INFO] [2021-06-29 19:49:04] line:49->>定位商城主页页面元素：('xpath', '//li[@data-value="套餐一"]'), 元素描述：套餐1
[base.py]: [INFO] [2021-06-29 19:49:09] line:58->>元素定位成功：耗时4.834秒!
[base.py]: [INFO] [2021-06-29 19:49:09] line:111->>点击元素：套餐1
[base.py]: [INFO] [2021-06-29 19:49:09] line:49->>定位商城主页页面元素：('xpath', '//li[@data-value="金色"]'), 元素描述：金色
[base.py]: [INFO] [2021-06-29 19:49:09] line:58->>元素定位成功：耗时0.028秒!
[base.py]: [INFO] [2021-06-29 19:49:09] line:111->>点击元素：金色
[base.py]: [INFO] [2021-06-29 19:49:09] line:49->>定位商城主页页面元素：('xpath', '//li[@data-value="32G"]'), 元素描述：32G
[base.py]: [INFO] [2021-06-29 19:49:09] line:58->>元素定位成功：耗时0.263秒!
[base.py]: [INFO] [2021-06-29 19:49:09] line:111->>点击元素：32G
[base.py]: [INFO] [2021-06-29 19:49:09] line:49->>定位商城主页页面元素：('xpath', '/html/body/div[4]/div[2]/div[2]/div/div[3]/div[2]/button[1]'), 元素描述：立即购买
[base.py]: [INFO] [2021-06-29 19:49:09] line:58->>元素定位成功：耗时0.018秒!
[base.py]: [INFO] [2021-06-29 19:49:09] line:111->>点击元素：立即购买
[conftest.py]: [INFO] [2021-06-29 19:49:15] line:49->>*************** 结束执行用例：test_case01 ***************
[conftest.py]: [INFO] [2021-06-29 19:49:15] line:35->>关闭浏览器
[run_web.py]: [INFO] [2021-06-29 19:49:18] line:50->>==>>>web自动化测试结束
