[run_web.py]: [INFO] [2021-06-29 21:19:00] line:48->>==>>>开始执行web自动化测试
[rd_yaml.py]: [INFO] [2021-06-29 21:19:01] line:23->>加载 E:\My_code\UIAutoTest\testdata\web_data.yaml 文件......
[rd_yaml.py]: [INFO] [2021-06-29 21:19:02] line:23->>加载 E:\My_code\UIAutoTest\testdata\web_data.yaml 文件......
[conftest.py]: [INFO] [2021-06-29 21:19:02] line:24->>打开浏览器
[browser.py]: [INFO] [2021-06-29 21:19:03] line:46->>在localhost使用chrome执行
[test_01_register.py]: [INFO] [2021-06-29 21:19:03] line:20->>开始执行TestRegister模块测试
[conftest.py]: [INFO] [2021-06-29 21:19:03] line:47->>*************** 开始执行用例：testcase_01 ***************
[base.py]: [INFO] [2021-06-29 21:19:17] line:49->>定位商城主页页面元素：('xpath', '/html/body/div[6]/div/div[1]/div[2]/a[2]'), 元素描述：注册
[base.py]: [INFO] [2021-06-29 21:19:17] line:58->>元素定位成功：耗时0.026秒!
[base.py]: [INFO] [2021-06-29 21:19:17] line:111->>点击元素：注册
[base.py]: [INFO] [2021-06-29 21:19:18] line:49->>定位注册页面元素：('xpath', '/html/body/div[4]/div/div/div/div[2]/div/div/div[1]/form/div[1]/input'), 元素描述：用户名输入框
[base.py]: [INFO] [2021-06-29 21:19:18] line:58->>元素定位成功：耗时0.026秒!
[base.py]: [INFO] [2021-06-29 21:19:18] line:94->>输入内容：mik_73
[base.py]: [INFO] [2021-06-29 21:19:18] line:49->>定位注册页面元素：('xpath', '/html/body/div[4]/div/div/div/div[2]/div/div/div[1]/form/div[2]/div/input'), 元素描述：密码输入框
[base.py]: [INFO] [2021-06-29 21:19:18] line:58->>元素定位成功：耗时0.024秒!
[base.py]: [INFO] [2021-06-29 21:19:18] line:94->>输入内容：123456
[base.py]: [INFO] [2021-06-29 21:19:19] line:49->>定位注册页面元素：('xpath', '/html/body/div[4]/div/div/div/div[2]/div/div/div[1]/form/div[3]/button'), 元素描述：提交
[base.py]: [INFO] [2021-06-29 21:19:19] line:58->>元素定位成功：耗时0.019秒!
[base.py]: [INFO] [2021-06-29 21:19:19] line:127->>点击提交
[base.py]: [INFO] [2021-06-29 21:19:19] line:49->>定位注册页面元素：('class name', 'prompt-msg'), 元素描述：弹出框
[base.py]: [INFO] [2021-06-29 21:19:19] line:58->>元素定位成功：耗时0.603秒!
[base.py]: [INFO] [2021-06-29 21:19:19] line:185->>弹出框元素文本：账号已存在
[conftest.py]: [INFO] [2021-06-29 21:19:19] line:49->>*************** 结束执行用例：testcase_01 ***************
[conftest.py]: [INFO] [2021-06-29 21:19:19] line:47->>*************** 开始执行用例：testcase_01 ***************
[base.py]: [INFO] [2021-06-29 21:19:21] line:49->>定位商城主页页面元素：('xpath', '/html/body/div[6]/div/div[1]/div[2]/a[2]'), 元素描述：注册
[base.py]: [INFO] [2021-06-29 21:19:21] line:58->>元素定位成功：耗时0.019秒!
[base.py]: [INFO] [2021-06-29 21:19:21] line:111->>点击元素：注册
[base.py]: [INFO] [2021-06-29 21:19:22] line:49->>定位注册页面元素：('xpath', '/html/body/div[4]/div/div/div/div[2]/div/div/div[1]/form/div[1]/input'), 元素描述：用户名输入框
[base.py]: [INFO] [2021-06-29 21:19:22] line:58->>元素定位成功：耗时0.019秒!
[base.py]: [INFO] [2021-06-29 21:19:22] line:94->>输入内容：mik_74
[base.py]: [INFO] [2021-06-29 21:19:22] line:49->>定位注册页面元素：('xpath', '/html/body/div[4]/div/div/div/div[2]/div/div/div[1]/form/div[2]/div/input'), 元素描述：密码输入框
[base.py]: [INFO] [2021-06-29 21:19:22] line:58->>元素定位成功：耗时0.018秒!
[base.py]: [INFO] [2021-06-29 21:19:22] line:94->>输入内容：123456
[base.py]: [INFO] [2021-06-29 21:19:22] line:49->>定位注册页面元素：('xpath', '/html/body/div[4]/div/div/div/div[2]/div/div/div[1]/form/div[3]/button'), 元素描述：提交
[base.py]: [INFO] [2021-06-29 21:19:22] line:58->>元素定位成功：耗时0.017秒!
[base.py]: [INFO] [2021-06-29 21:19:22] line:127->>点击提交
[base.py]: [INFO] [2021-06-29 21:19:22] line:49->>定位注册页面元素：('class name', 'prompt-msg'), 元素描述：弹出框
[base.py]: [INFO] [2021-06-29 21:19:23] line:58->>元素定位成功：耗时0.588秒!
[base.py]: [INFO] [2021-06-29 21:19:23] line:185->>弹出框元素文本：账号已存在
[conftest.py]: [INFO] [2021-06-29 21:19:23] line:49->>*************** 结束执行用例：testcase_01 ***************
[test_01_register.py]: [INFO] [2021-06-29 21:19:23] line:23->>TestRegister模块测试完成
[test_02_login.py]: [INFO] [2021-06-29 21:19:23] line:20->>开始执行TestLogin模块测试
[conftest.py]: [INFO] [2021-06-29 21:19:23] line:47->>*************** 开始执行用例：testcase_01 ***************
[base.py]: [INFO] [2021-06-29 21:19:24] line:49->>定位商城主页页面元素：('xpath', '/html/body/div[6]/div/div[1]/div[2]/a[1]'), 元素描述：登录
[base.py]: [INFO] [2021-06-29 21:19:24] line:58->>元素定位成功：耗时0.021秒!
[base.py]: [INFO] [2021-06-29 21:19:24] line:111->>点击元素：登录
[base.py]: [INFO] [2021-06-29 21:19:25] line:49->>定位登录页面元素：('xpath', '/html/body/div[4]/div/div[2]/div[2]/div/div/div[1]/form/div[1]/input'), 元素描述：用户名输入框
[base.py]: [INFO] [2021-06-29 21:19:25] line:58->>元素定位成功：耗时0.039秒!
[base.py]: [INFO] [2021-06-29 21:19:25] line:94->>输入内容：mik_73
[base.py]: [INFO] [2021-06-29 21:19:25] line:49->>定位登录页面元素：('xpath', '/html/body/div[4]/div/div[2]/div[2]/div/div/div[1]/form/div[2]/div/input'), 元素描述：密码输入框
[base.py]: [INFO] [2021-06-29 21:19:25] line:58->>元素定位成功：耗时0.018秒!
[base.py]: [INFO] [2021-06-29 21:19:25] line:94->>输入内容：123456
[base.py]: [INFO] [2021-06-29 21:19:25] line:49->>定位登录页面元素：('xpath', '/html/body/div[4]/div/div[2]/div[2]/div/div/div[1]/form/div[2]/div/input'), 元素描述：提交
[base.py]: [INFO] [2021-06-29 21:19:25] line:58->>元素定位成功：耗时0.021秒!
[base.py]: [INFO] [2021-06-29 21:19:25] line:127->>点击提交
[base.py]: [INFO] [2021-06-29 21:19:25] line:49->>定位登录页面元素：('class name', 'prompt-msg'), 元素描述：弹出框
[base.py]: [INFO] [2021-06-29 21:19:26] line:58->>元素定位成功：耗时0.642秒!
[base.py]: [INFO] [2021-06-29 21:19:26] line:185->>弹出框元素文本：登录成功
[base.py]: [INFO] [2021-06-29 21:19:26] line:49->>定位登录主页页面元素：('xpath', '/html/body/div[6]/div/div[1]/div[1]/a[2]'), 元素描述：退出登录
[base.py]: [INFO] [2021-06-29 21:19:27] line:58->>元素定位成功：耗时1.71秒!
[base.py]: [INFO] [2021-06-29 21:19:27] line:111->>点击元素：退出登录
[conftest.py]: [INFO] [2021-06-29 21:19:28] line:49->>*************** 结束执行用例：testcase_01 ***************
[conftest.py]: [INFO] [2021-06-29 21:19:28] line:47->>*************** 开始执行用例：testcase_01 ***************
[base.py]: [INFO] [2021-06-29 21:19:29] line:49->>定位商城主页页面元素：('xpath', '/html/body/div[6]/div/div[1]/div[2]/a[1]'), 元素描述：登录
[base.py]: [INFO] [2021-06-29 21:19:29] line:58->>元素定位成功：耗时0.032秒!
[base.py]: [INFO] [2021-06-29 21:19:29] line:111->>点击元素：登录
[base.py]: [INFO] [2021-06-29 21:19:31] line:49->>定位登录页面元素：('xpath', '/html/body/div[4]/div/div[2]/div[2]/div/div/div[1]/form/div[1]/input'), 元素描述：用户名输入框
[base.py]: [INFO] [2021-06-29 21:19:31] line:58->>元素定位成功：耗时0.029秒!
[base.py]: [INFO] [2021-06-29 21:19:31] line:94->>输入内容：mik_74
[base.py]: [INFO] [2021-06-29 21:19:31] line:49->>定位登录页面元素：('xpath', '/html/body/div[4]/div/div[2]/div[2]/div/div/div[1]/form/div[2]/div/input'), 元素描述：密码输入框
[base.py]: [INFO] [2021-06-29 21:19:31] line:58->>元素定位成功：耗时0.017秒!
[base.py]: [INFO] [2021-06-29 21:19:31] line:94->>输入内容：123456
[base.py]: [INFO] [2021-06-29 21:19:31] line:49->>定位登录页面元素：('xpath', '/html/body/div[4]/div/div[2]/div[2]/div/div/div[1]/form/div[2]/div/input'), 元素描述：提交
[base.py]: [INFO] [2021-06-29 21:19:31] line:58->>元素定位成功：耗时0.013秒!
[base.py]: [INFO] [2021-06-29 21:19:31] line:127->>点击提交
[base.py]: [INFO] [2021-06-29 21:19:31] line:49->>定位登录页面元素：('class name', 'prompt-msg'), 元素描述：弹出框
[base.py]: [INFO] [2021-06-29 21:19:32] line:58->>元素定位成功：耗时0.707秒!
[base.py]: [INFO] [2021-06-29 21:19:32] line:185->>弹出框元素文本：登录成功
[base.py]: [INFO] [2021-06-29 21:19:32] line:49->>定位登录主页页面元素：('xpath', '/html/body/div[6]/div/div[1]/div[1]/a[2]'), 元素描述：退出登录
[base.py]: [INFO] [2021-06-29 21:19:33] line:58->>元素定位成功：耗时1.72秒!
[base.py]: [INFO] [2021-06-29 21:19:33] line:111->>点击元素：退出登录
[conftest.py]: [INFO] [2021-06-29 21:19:35] line:49->>*************** 结束执行用例：testcase_01 ***************
[test_02_login.py]: [INFO] [2021-06-29 21:19:35] line:23->>TestLogin模块测试完成
[conftest.py]: [INFO] [2021-06-29 21:19:35] line:47->>*************** 开始执行用例：test_case01 ***************
[base.py]: [INFO] [2021-06-29 21:19:36] line:49->>定位商城主页页面元素：('xpath', '/html/body/div[6]/div/div[1]/div[2]/a[1]'), 元素描述：登录
[base.py]: [INFO] [2021-06-29 21:19:36] line:58->>元素定位成功：耗时0.029秒!
[base.py]: [INFO] [2021-06-29 21:19:36] line:111->>点击元素：登录
[base.py]: [INFO] [2021-06-29 21:19:37] line:49->>定位登录页面元素：('xpath', '/html/body/div[4]/div/div[2]/div[2]/div/div/div[1]/form/div[1]/input'), 元素描述：用户名输入框
[base.py]: [INFO] [2021-06-29 21:19:37] line:58->>元素定位成功：耗时0.019秒!
[base.py]: [INFO] [2021-06-29 21:19:37] line:94->>输入内容：mik_2
[base.py]: [INFO] [2021-06-29 21:19:37] line:49->>定位登录页面元素：('xpath', '/html/body/div[4]/div/div[2]/div[2]/div/div/div[1]/form/div[2]/div/input'), 元素描述：密码输入框
[base.py]: [INFO] [2021-06-29 21:19:37] line:58->>元素定位成功：耗时0.019秒!
[base.py]: [INFO] [2021-06-29 21:19:37] line:94->>输入内容：123456
[base.py]: [INFO] [2021-06-29 21:19:38] line:49->>定位登录页面元素：('xpath', '/html/body/div[4]/div/div[2]/div[2]/div/div/div[1]/form/div[2]/div/input'), 元素描述：提交
[base.py]: [INFO] [2021-06-29 21:19:38] line:58->>元素定位成功：耗时0.014秒!
[base.py]: [INFO] [2021-06-29 21:19:38] line:127->>点击提交
[base.py]: [INFO] [2021-06-29 21:19:38] line:49->>定位登录成功主页页面元素：('id', 'search-input'), 元素描述：搜索框
[base.py]: [INFO] [2021-06-29 21:19:38] line:58->>元素定位成功：耗时0.016秒!
[base.py]: [INFO] [2021-06-29 21:19:38] line:94->>输入内容：手机
[base.py]: [INFO] [2021-06-29 21:19:38] line:49->>定位登录成功主页页面元素：('id', 'ai-topsearch'), 元素描述：搜索按钮
[base.py]: [INFO] [2021-06-29 21:19:38] line:58->>元素定位成功：耗时0.017秒!
[base.py]: [INFO] [2021-06-29 21:19:38] line:111->>点击元素：搜索按钮
[base.py]: [INFO] [2021-06-29 21:19:39] line:139->>获取所有句柄
[base.py]: [INFO] [2021-06-29 21:19:39] line:49->>定位显示商品页面页面元素：('xpath', '/html/body/div[4]/div/ul/li[1]/div'), 元素描述：第一个商品
[base.py]: [INFO] [2021-06-29 21:19:40] line:58->>元素定位成功：耗时0.549秒!
[base.py]: [INFO] [2021-06-29 21:19:40] line:111->>点击元素：第一个商品
[base.py]: [INFO] [2021-06-29 21:19:40] line:158->>切换到最新打开的窗口
[base.py]: [INFO] [2021-06-29 21:19:40] line:49->>定位商城主页页面元素：('xpath', '//li[@data-value="套餐一"]'), 元素描述：套餐1
[base.py]: [INFO] [2021-06-29 21:19:44] line:58->>元素定位成功：耗时4.424秒!
[base.py]: [INFO] [2021-06-29 21:19:44] line:111->>点击元素：套餐1
[base.py]: [INFO] [2021-06-29 21:19:45] line:49->>定位商城主页页面元素：('xpath', '//li[@data-value="金色"]'), 元素描述：金色
[base.py]: [INFO] [2021-06-29 21:19:45] line:58->>元素定位成功：耗时0.023秒!
[base.py]: [INFO] [2021-06-29 21:19:45] line:111->>点击元素：金色
[base.py]: [INFO] [2021-06-29 21:19:45] line:49->>定位商城主页页面元素：('xpath', '//li[@data-value="32G"]'), 元素描述：32G
[base.py]: [INFO] [2021-06-29 21:19:45] line:58->>元素定位成功：耗时0.026秒!
[base.py]: [INFO] [2021-06-29 21:19:45] line:111->>点击元素：32G
[base.py]: [INFO] [2021-06-29 21:19:46] line:49->>定位商城主页页面元素：('xpath', '/html/body/div[4]/div[2]/div[2]/div/div[3]/div[2]/button[1]'), 元素描述：立即购买
[base.py]: [INFO] [2021-06-29 21:19:46] line:58->>元素定位成功：耗时0.021秒!
[base.py]: [INFO] [2021-06-29 21:19:46] line:111->>点击元素：立即购买
[base.py]: [INFO] [2021-06-29 21:19:47] line:49->>定位订单确认页面元素：('xpath', '//button[text()="使用新地址"]'), 元素描述：使用新地址
[base.py]: [INFO] [2021-06-29 21:19:47] line:58->>元素定位成功：耗时0.132秒!
[base.py]: [INFO] [2021-06-29 21:19:47] line:111->>点击元素：使用新地址
[base.py]: [INFO] [2021-06-29 21:19:47] line:237->>iframe切换：('xpath', '//iframe[@src="http://123.56.183.84/index.php?s=/index/useraddress/saveinfo.html"]')
[base.py]: [INFO] [2021-06-29 21:19:48] line:242->>切换成功
[base.py]: [INFO] [2021-06-29 21:19:48] line:49->>定位新增地址页面元素：('xpath', '//input[@placeholder="别名"]'), 元素描述：别名
[base.py]: [INFO] [2021-06-29 21:19:48] line:58->>元素定位成功：耗时0.017秒!
[base.py]: [INFO] [2021-06-29 21:19:48] line:94->>输入内容：ak67
[base.py]: [INFO] [2021-06-29 21:19:48] line:49->>定位新增地址页面元素：('xpath', '//input[@placeholder="姓名"]'), 元素描述：姓名
[base.py]: [INFO] [2021-06-29 21:19:48] line:58->>元素定位成功：耗时0.018秒!
[base.py]: [INFO] [2021-06-29 21:19:48] line:94->>输入内容：mik123
[base.py]: [INFO] [2021-06-29 21:19:48] line:49->>定位新增地址页面元素：('xpath', '//input[@placeholder="电话"]'), 元素描述：电话
[base.py]: [INFO] [2021-06-29 21:19:48] line:58->>元素定位成功：耗时0.018秒!
[base.py]: [INFO] [2021-06-29 21:19:48] line:94->>输入内容：18923234567
[base.py]: [INFO] [2021-06-29 21:19:48] line:49->>定位新增地址页面元素：('xpath', '/html/body/div[1]/form/div[4]/div[1]/a/div'), 元素描述：省下拉框
[base.py]: [INFO] [2021-06-29 21:19:48] line:58->>元素定位成功：耗时0.021秒!
[base.py]: [INFO] [2021-06-29 21:19:48] line:111->>点击元素：省下拉框
[base.py]: [INFO] [2021-06-29 21:19:49] line:49->>定位新增地址页面元素：('xpath', '/html/body/div[1]/form/div[4]/div[1]/div/ul/li[text()="湖北省"]'), 元素描述：选择省
[base.py]: [INFO] [2021-06-29 21:19:49] line:58->>元素定位成功：耗时0.02秒!
[base.py]: [INFO] [2021-06-29 21:19:49] line:111->>点击元素：选择省
[base.py]: [INFO] [2021-06-29 21:19:49] line:49->>定位新增地址页面元素：('xpath', '/html/body/div[1]/form/div[4]/div[2]/a'), 元素描述：市下拉框
[base.py]: [INFO] [2021-06-29 21:19:49] line:58->>元素定位成功：耗时0.021秒!
[base.py]: [INFO] [2021-06-29 21:19:49] line:111->>点击元素：市下拉框
[base.py]: [INFO] [2021-06-29 21:19:49] line:49->>定位新增地址页面元素：('xpath', '/html/body/div[1]/form/div[4]/div[2]/div/ul/li[text()="武汉市"]'), 元素描述：选择市
[base.py]: [INFO] [2021-06-29 21:19:49] line:58->>元素定位成功：耗时0.019秒!
[base.py]: [INFO] [2021-06-29 21:19:49] line:111->>点击元素：选择市
[base.py]: [INFO] [2021-06-29 21:19:49] line:49->>定位新增地址页面元素：('xpath', '/html/body/div[1]/form/div[4]/div[3]/a'), 元素描述：区下拉框
[base.py]: [INFO] [2021-06-29 21:19:49] line:58->>元素定位成功：耗时0.017秒!
[base.py]: [INFO] [2021-06-29 21:19:49] line:111->>点击元素：区下拉框
[base.py]: [INFO] [2021-06-29 21:19:49] line:49->>定位新增地址页面元素：('xpath', '/html/body/div[1]/form/div[4]/div[3]/div/ul/li[text()="江夏区"]'), 元素描述：选择区
[base.py]: [INFO] [2021-06-29 21:19:49] line:58->>元素定位成功：耗时0.03秒!
[base.py]: [INFO] [2021-06-29 21:19:49] line:111->>点击元素：选择区
[base.py]: [INFO] [2021-06-29 21:19:49] line:49->>定位新增地址页面元素：('xpath', '//input[@placeholder="详细地址"]'), 元素描述：详细地址
[base.py]: [INFO] [2021-06-29 21:19:49] line:58->>元素定位成功：耗时0.018秒!
[base.py]: [INFO] [2021-06-29 21:19:49] line:94->>输入内容：湖北省
[base.py]: [INFO] [2021-06-29 21:19:49] line:49->>定位新增地址页面元素：('xpath', '//button[text()="保存"]'), 元素描述：保存按钮
[base.py]: [INFO] [2021-06-29 21:19:49] line:58->>元素定位成功：耗时0.021秒!
[base.py]: [INFO] [2021-06-29 21:19:49] line:111->>点击元素：保存按钮
[conftest.py]: [INFO] [2021-06-29 21:19:49] line:49->>*************** 结束执行用例：test_case01 ***************
[conftest.py]: [INFO] [2021-06-29 21:19:49] line:35->>关闭浏览器
[run_web.py]: [INFO] [2021-06-29 21:19:53] line:50->>==>>>web自动化测试结束
