[browser_init.py]: [INFO] [2021-05-13 21:09:43] line:43-->>开始等待页面元素<('link text', '注册')>是否可见！
[browser_init.py]: [INFO] [2021-05-13 21:09:43] line:53-->>页面元素<('link text', '注册')>可见，等待时间：0.03秒!
[browser_init.py]: [INFO] [2021-05-13 21:09:44] line:73-->>点击<('link text', '注册')>
[browser_init.py]: [INFO] [2021-05-13 21:09:44] line:123-->>切换到最新打开的窗口
[browser_init.py]: [INFO] [2021-05-13 21:09:44] line:43-->>开始等待页面元素<('name', 'username')>是否可见！
[browser_init.py]: [INFO] [2021-05-13 21:09:45] line:53-->>页面元素<('name', 'username')>可见，等待时间：1.036秒!
[browser_init.py]: [INFO] [2021-05-13 21:09:45] line:64-->>在<('name', 'username')>输入<mik4>
[browser_init.py]: [INFO] [2021-05-13 21:09:45] line:43-->>开始等待页面元素<('name', 'password')>是否可见！
[browser_init.py]: [INFO] [2021-05-13 21:09:45] line:53-->>页面元素<('name', 'password')>可见，等待时间：0.018秒!
[browser_init.py]: [INFO] [2021-05-13 21:09:45] line:64-->>在<('name', 'password')>输入<123456>
[browser_init.py]: [INFO] [2021-05-13 21:09:45] line:43-->>开始等待页面元素<('name', 'userpassword2')>是否可见！
[browser_init.py]: [INFO] [2021-05-13 21:09:45] line:53-->>页面元素<('name', 'userpassword2')>可见，等待时间：0.02秒!
[browser_init.py]: [INFO] [2021-05-13 21:09:45] line:64-->>在<('name', 'userpassword2')>输入<123456>
[browser_init.py]: [INFO] [2021-05-13 21:09:45] line:43-->>开始等待页面元素<('name', 'mobile_phone')>是否可见！
[browser_init.py]: [INFO] [2021-05-13 21:09:45] line:53-->>页面元素<('name', 'mobile_phone')>可见，等待时间：0.016秒!
[browser_init.py]: [INFO] [2021-05-13 21:09:45] line:64-->>在<('name', 'mobile_phone')>输入<15735755797>
[browser_init.py]: [INFO] [2021-05-13 21:09:45] line:43-->>开始等待页面元素<('name', 'email')>是否可见！
[browser_init.py]: [INFO] [2021-05-13 21:09:45] line:53-->>页面元素<('name', 'email')>可见，等待时间：0.017秒!
[browser_init.py]: [INFO] [2021-05-13 21:09:45] line:64-->>在<('name', 'email')>输入<123456790@qq.com>
[browser_init.py]: [INFO] [2021-05-13 21:09:45] line:43-->>开始等待页面元素<('class name', 'reg_btn')>是否可见！
[browser_init.py]: [INFO] [2021-05-13 21:09:45] line:53-->>页面元素<('class name', 'reg_btn')>可见，等待时间：0.017秒!
[browser_init.py]: [INFO] [2021-05-13 21:09:45] line:73-->>点击<('class name', 'reg_btn')>
