[run.py]: [INFO] [2021-06-03 10:00:21] line:17-->>开始执行web自动化测试
[browser_init.py]: [INFO] [2021-06-03 10:00:26] line:55-->>在localhost使用chrome执行
[test_register.py]: [INFO] [2021-06-03 10:00:27] line:24-->>开始执行TestZc测试
[browser_init.py]: [INFO] [2021-06-03 10:00:40] line:85-->>开始等待页面元素<('xpath', '/html/body/div[6]/div/div[1]/div[2]/a[2]')>是否可见！
[browser_init.py]: [INFO] [2021-06-03 10:00:40] line:96-->>页面元素<('xpath', '/html/body/div[6]/div/div[1]/div[2]/a[2]')>可见，等待时间：0.025秒!
[browser_init.py]: [INFO] [2021-06-03 10:00:40] line:122-->>点击<('xpath', '/html/body/div[6]/div/div[1]/div[2]/a[2]')>
[browser_init.py]: [INFO] [2021-06-03 10:00:41] line:85-->>开始等待页面元素<('xpath', '/html/body/div[4]/div/div/div/div[2]/div/div/div[1]/form/div[1]/input')>是否可见！
[browser_init.py]: [INFO] [2021-06-03 10:00:41] line:96-->>页面元素<('xpath', '/html/body/div[4]/div/div/div/div[2]/div/div/div[1]/form/div[1]/input')>可见，等待时间：0.027秒!
[browser_init.py]: [INFO] [2021-06-03 10:00:41] line:107-->>在<('xpath', '/html/body/div[4]/div/div/div/div[2]/div/div/div[1]/form/div[1]/input')>输入<mik_73>
[browser_init.py]: [INFO] [2021-06-03 10:00:41] line:85-->>开始等待页面元素<('xpath', '/html/body/div[4]/div/div/div/div[2]/div/div/div[1]/form/div[2]/div/input')>是否可见！
[browser_init.py]: [INFO] [2021-06-03 10:00:41] line:96-->>页面元素<('xpath', '/html/body/div[4]/div/div/div/div[2]/div/div/div[1]/form/div[2]/div/input')>可见，等待时间：0.018秒!
[browser_init.py]: [INFO] [2021-06-03 10:00:41] line:107-->>在<('xpath', '/html/body/div[4]/div/div/div/div[2]/div/div/div[1]/form/div[2]/div/input')>输入<123456>
[browser_init.py]: [INFO] [2021-06-03 10:00:41] line:85-->>开始等待页面元素<('xpath', '/html/body/div[4]/div/div/div/div[2]/div/div/div[1]/form/div[3]/button')>是否可见！
[browser_init.py]: [INFO] [2021-06-03 10:00:42] line:96-->>页面元素<('xpath', '/html/body/div[4]/div/div/div/div[2]/div/div/div[1]/form/div[3]/button')>可见，等待时间：0.018秒!
[browser_init.py]: [INFO] [2021-06-03 10:00:42] line:122-->>点击<('xpath', '/html/body/div[4]/div/div/div/div[2]/div/div/div[1]/form/div[3]/button')>
[browser_init.py]: [INFO] [2021-06-03 10:00:42] line:85-->>开始等待页面元素<('xpath', '/html/body/div[2]/div/ul[1]/div/div/em[2]')>是否可见！
[browser_init.py]: [ERROR] [2021-06-03 10:00:52] line:91-->>等待页面元素<('xpath', '/html/body/div[2]/div/ul[1]/div/div/em[2]')>10秒失败！
[browser_init.py]: [INFO] [2021-06-03 10:00:52] line:248-->>截屏成功,图片路径为E:\My_code\AutoTest\imgs\登录成功_2021-06-03-10-00-52.png
[browser_init.py]: [INFO] [2021-06-03 10:00:53] line:85-->>开始等待页面元素<('xpath', '/html/body/div[6]/div/div[1]/div[2]/a[2]')>是否可见！
[browser_init.py]: [INFO] [2021-06-03 10:00:54] line:96-->>页面元素<('xpath', '/html/body/div[6]/div/div[1]/div[2]/a[2]')>可见，等待时间：0.102秒!
[browser_init.py]: [INFO] [2021-06-03 10:00:54] line:122-->>点击<('xpath', '/html/body/div[6]/div/div[1]/div[2]/a[2]')>
[browser_init.py]: [INFO] [2021-06-03 10:00:54] line:85-->>开始等待页面元素<('xpath', '/html/body/div[4]/div/div/div/div[2]/div/div/div[1]/form/div[1]/input')>是否可见！
[browser_init.py]: [INFO] [2021-06-03 10:00:54] line:96-->>页面元素<('xpath', '/html/body/div[4]/div/div/div/div[2]/div/div/div[1]/form/div[1]/input')>可见，等待时间：0.169秒!
[browser_init.py]: [INFO] [2021-06-03 10:00:54] line:107-->>在<('xpath', '/html/body/div[4]/div/div/div/div[2]/div/div/div[1]/form/div[1]/input')>输入<mik_74>
[browser_init.py]: [INFO] [2021-06-03 10:00:55] line:85-->>开始等待页面元素<('xpath', '/html/body/div[4]/div/div/div/div[2]/div/div/div[1]/form/div[2]/div/input')>是否可见！
[browser_init.py]: [INFO] [2021-06-03 10:00:55] line:96-->>页面元素<('xpath', '/html/body/div[4]/div/div/div/div[2]/div/div/div[1]/form/div[2]/div/input')>可见，等待时间：0.018秒!
[browser_init.py]: [INFO] [2021-06-03 10:00:55] line:107-->>在<('xpath', '/html/body/div[4]/div/div/div/div[2]/div/div/div[1]/form/div[2]/div/input')>输入<123456>
[browser_init.py]: [INFO] [2021-06-03 10:00:55] line:85-->>开始等待页面元素<('xpath', '/html/body/div[4]/div/div/div/div[2]/div/div/div[1]/form/div[3]/button')>是否可见！
[browser_init.py]: [INFO] [2021-06-03 10:00:55] line:96-->>页面元素<('xpath', '/html/body/div[4]/div/div/div/div[2]/div/div/div[1]/form/div[3]/button')>可见，等待时间：0.018秒!
[browser_init.py]: [INFO] [2021-06-03 10:00:55] line:122-->>点击<('xpath', '/html/body/div[4]/div/div/div/div[2]/div/div/div[1]/form/div[3]/button')>
[browser_init.py]: [INFO] [2021-06-03 10:00:55] line:85-->>开始等待页面元素<('xpath', '/html/body/div[2]/div/ul[1]/div/div/em[2]')>是否可见！
[browser_init.py]: [ERROR] [2021-06-03 10:01:05] line:91-->>等待页面元素<('xpath', '/html/body/div[2]/div/ul[1]/div/div/em[2]')>10秒失败！
[browser_init.py]: [INFO] [2021-06-03 10:01:05] line:248-->>截屏成功,图片路径为E:\My_code\AutoTest\imgs\登录成功_2021-06-03-10-01-05.png
[test_register.py]: [INFO] [2021-06-03 10:01:06] line:27-->>TestZc测试完成
[run.py]: [INFO] [2021-06-03 10:01:06] line:19-->>web自动化测试结束
