[run.py]: [INFO] [2021-06-01 23:08:22] line:12-->>开始执行web自动化测试
[run.py]: [INFO] [2021-06-01 23:08:22] line:14-->>web自动化测试结束
[run.py]: [INFO] [2021-06-01 23:08:41] line:12-->>开始执行web自动化测试
[browser_init.py]: [INFO] [2021-06-01 23:08:47] line:53-->>在localhost使用chrome执行
[test_register.py]: [INFO] [2021-06-01 23:08:48] line:24-->>开始执行TestZc测试
[browser_init.py]: [INFO] [2021-06-01 23:09:04] line:82-->>开始等待页面元素<('xpath', '/html/body/div[6]/div/div[1]/div[2]/a[2]')>是否可见！
[browser_init.py]: [INFO] [2021-06-01 23:09:04] line:92-->>页面元素<('xpath', '/html/body/div[6]/div/div[1]/div[2]/a[2]')>可见，等待时间：0.028秒!
[browser_init.py]: [INFO] [2021-06-01 23:09:05] line:112-->>点击<('xpath', '/html/body/div[6]/div/div[1]/div[2]/a[2]')>
[browser_init.py]: [INFO] [2021-06-01 23:09:05] line:82-->>开始等待页面元素<('xpath', '/html/body/div[4]/div/div/div/div[2]/div/div/div[1]/form/div[1]/input')>是否可见！
[browser_init.py]: [INFO] [2021-06-01 23:09:05] line:92-->>页面元素<('xpath', '/html/body/div[4]/div/div/div/div[2]/div/div/div[1]/form/div[1]/input')>可见，等待时间：0.025秒!
[browser_init.py]: [INFO] [2021-06-01 23:09:05] line:103-->>在<('xpath', '/html/body/div[4]/div/div/div/div[2]/div/div/div[1]/form/div[1]/input')>输入<mik_73>
[browser_init.py]: [INFO] [2021-06-01 23:09:05] line:82-->>开始等待页面元素<('xpath', '/html/body/div[4]/div/div/div/div[2]/div/div/div[1]/form/div[2]/div/input')>是否可见！
[browser_init.py]: [INFO] [2021-06-01 23:09:05] line:92-->>页面元素<('xpath', '/html/body/div[4]/div/div/div/div[2]/div/div/div[1]/form/div[2]/div/input')>可见，等待时间：0.027秒!
[browser_init.py]: [INFO] [2021-06-01 23:09:05] line:103-->>在<('xpath', '/html/body/div[4]/div/div/div/div[2]/div/div/div[1]/form/div[2]/div/input')>输入<123456>
[browser_init.py]: [INFO] [2021-06-01 23:09:05] line:82-->>开始等待页面元素<('xpath', '/html/body/div[4]/div/div/div/div[2]/div/div/div[1]/form/div[3]/button')>是否可见！
[browser_init.py]: [INFO] [2021-06-01 23:09:05] line:92-->>页面元素<('xpath', '/html/body/div[4]/div/div/div/div[2]/div/div/div[1]/form/div[3]/button')>可见，等待时间：0.021秒!
[browser_init.py]: [INFO] [2021-06-01 23:09:05] line:112-->>点击<('xpath', '/html/body/div[4]/div/div/div/div[2]/div/div/div[1]/form/div[3]/button')>
[browser_init.py]: [INFO] [2021-06-01 23:09:05] line:82-->>开始等待页面元素<('xpath', '/html/body/div[2]/div/ul[1]/div/div/em[2]')>是否可见！
[browser_init.py]: [ERROR] [2021-06-01 23:09:16] line:87-->>等待页面元素<('xpath', '/html/body/div[2]/div/ul[1]/div/div/em[2]')>10秒失败！
[browser_init.py]: [INFO] [2021-06-01 23:09:16] line:82-->>开始等待页面元素<('xpath', '/html/body/div[6]/div/div[1]/div[2]/a[2]')>是否可见！
[browser_init.py]: [INFO] [2021-06-01 23:09:16] line:92-->>页面元素<('xpath', '/html/body/div[6]/div/div[1]/div[2]/a[2]')>可见，等待时间：0.125秒!
[browser_init.py]: [INFO] [2021-06-01 23:09:17] line:112-->>点击<('xpath', '/html/body/div[6]/div/div[1]/div[2]/a[2]')>
[browser_init.py]: [INFO] [2021-06-01 23:09:17] line:82-->>开始等待页面元素<('xpath', '/html/body/div[4]/div/div/div/div[2]/div/div/div[1]/form/div[1]/input')>是否可见！
[browser_init.py]: [INFO] [2021-06-01 23:09:17] line:92-->>页面元素<('xpath', '/html/body/div[4]/div/div/div/div[2]/div/div/div[1]/form/div[1]/input')>可见，等待时间：0.026秒!
[browser_init.py]: [INFO] [2021-06-01 23:09:17] line:103-->>在<('xpath', '/html/body/div[4]/div/div/div/div[2]/div/div/div[1]/form/div[1]/input')>输入<mik_74>
[browser_init.py]: [INFO] [2021-06-01 23:09:17] line:82-->>开始等待页面元素<('xpath', '/html/body/div[4]/div/div/div/div[2]/div/div/div[1]/form/div[2]/div/input')>是否可见！
[browser_init.py]: [INFO] [2021-06-01 23:09:17] line:92-->>页面元素<('xpath', '/html/body/div[4]/div/div/div/div[2]/div/div/div[1]/form/div[2]/div/input')>可见，等待时间：0.022秒!
[browser_init.py]: [INFO] [2021-06-01 23:09:18] line:103-->>在<('xpath', '/html/body/div[4]/div/div/div/div[2]/div/div/div[1]/form/div[2]/div/input')>输入<123456>
[browser_init.py]: [INFO] [2021-06-01 23:09:18] line:82-->>开始等待页面元素<('xpath', '/html/body/div[4]/div/div/div/div[2]/div/div/div[1]/form/div[3]/button')>是否可见！
[browser_init.py]: [INFO] [2021-06-01 23:09:18] line:92-->>页面元素<('xpath', '/html/body/div[4]/div/div/div/div[2]/div/div/div[1]/form/div[3]/button')>可见，等待时间：0.019秒!
[browser_init.py]: [INFO] [2021-06-01 23:09:18] line:112-->>点击<('xpath', '/html/body/div[4]/div/div/div/div[2]/div/div/div[1]/form/div[3]/button')>
[browser_init.py]: [INFO] [2021-06-01 23:09:18] line:82-->>开始等待页面元素<('xpath', '/html/body/div[2]/div/ul[1]/div/div/em[2]')>是否可见！
[browser_init.py]: [ERROR] [2021-06-01 23:09:28] line:87-->>等待页面元素<('xpath', '/html/body/div[2]/div/ul[1]/div/div/em[2]')>10秒失败！
[test_register.py]: [INFO] [2021-06-01 23:09:28] line:27-->>TestZc测试完成
[run.py]: [INFO] [2021-06-01 23:09:28] line:14-->>web自动化测试结束
