[run.py]: [INFO] [2021-06-04 15:20:09] line:17-->>开始执行web自动化测试
[browser_init.py]: [INFO] [2021-06-04 15:20:14] line:56-->>在localhost使用chrome执行
[browser_init.py]: [INFO] [2021-06-04 15:20:16] line:87-->>开始等待页面元素<('id', 'username')>是否可见！
[browser_init.py]: [INFO] [2021-06-04 15:20:16] line:98-->>页面元素<('id', 'username')>可见，等待时间：0.022秒!
[browser_init.py]: [INFO] [2021-06-04 15:20:16] line:109-->>在<('id', 'username')>输入<mik2>
[browser_init.py]: [INFO] [2021-06-04 15:20:16] line:87-->>开始等待页面元素<('id', 'password')>是否可见！
[browser_init.py]: [INFO] [2021-06-04 15:20:16] line:98-->>页面元素<('id', 'password')>可见，等待时间：0.016秒!
[browser_init.py]: [INFO] [2021-06-04 15:20:16] line:109-->>在<('id', 'password')>输入<password>
[browser_init.py]: [INFO] [2021-06-04 15:20:16] line:87-->>开始等待页面元素<('class name', 'login_btn')>是否可见！
[browser_init.py]: [INFO] [2021-06-04 15:20:16] line:98-->>页面元素<('class name', 'login_btn')>可见，等待时间：0.017秒!
[browser_init.py]: [INFO] [2021-06-04 15:20:16] line:141-->>点击<('class name', 'login_btn')>提交
[browser_init.py]: [INFO] [2021-06-04 15:20:16] line:87-->>开始等待页面元素<('link text', '账号设置')>是否可见！
[browser_init.py]: [INFO] [2021-06-04 15:20:18] line:98-->>页面元素<('link text', '账号设置')>可见，等待时间：1.979秒!
[browser_init.py]: [INFO] [2021-06-04 15:20:18] line:125-->>点击<('link text', '账号设置')>
[browser_init.py]: [INFO] [2021-06-04 15:20:19] line:87-->>开始等待页面元素<('link text', '个人资料')>是否可见！
[browser_init.py]: [INFO] [2021-06-04 15:20:19] line:98-->>页面元素<('link text', '个人资料')>可见，等待时间：0.024秒!
[browser_init.py]: [INFO] [2021-06-04 15:20:19] line:125-->>点击<('link text', '个人资料')>
[browser_init.py]: [INFO] [2021-06-04 15:20:20] line:87-->>开始等待页面元素<('id', 'true_name')>是否可见！
[browser_init.py]: [INFO] [2021-06-04 15:20:20] line:98-->>页面元素<('id', 'true_name')>可见，等待时间：0.025秒!
[browser_init.py]: [INFO] [2021-06-04 15:20:20] line:109-->>在<('id', 'true_name')>输入<张三>
[browser_init.py]: [INFO] [2021-06-04 15:20:20] line:87-->>开始等待页面元素<('css selector', '[value="1"]')>是否可见！
[browser_init.py]: [INFO] [2021-06-04 15:20:20] line:98-->>页面元素<('css selector', '[value="1"]')>可见，等待时间：0.021秒!
[browser_init.py]: [INFO] [2021-06-04 15:20:20] line:125-->>点击<('css selector', '[value="1"]')>
[browser_init.py]: [INFO] [2021-06-04 15:20:20] line:87-->>开始等待页面元素<('id', 'date')>是否可见！
[browser_init.py]: [INFO] [2021-06-04 15:20:20] line:98-->>页面元素<('id', 'date')>可见，等待时间：0.015秒!
[browser_init.py]: [INFO] [2021-06-04 15:20:20] line:109-->>在<('id', 'date')>输入<1980-02-01>
[browser_init.py]: [INFO] [2021-06-04 15:20:20] line:87-->>开始等待页面元素<('id', 'qq')>是否可见！
[browser_init.py]: [INFO] [2021-06-04 15:20:20] line:98-->>页面元素<('id', 'qq')>可见，等待时间：0.017秒!
[browser_init.py]: [INFO] [2021-06-04 15:20:20] line:109-->>在<('id', 'qq')>输入<23247896>
[browser_init.py]: [INFO] [2021-06-04 15:20:20] line:87-->>开始等待页面元素<('css selector', '[value="确认"]')>是否可见！
[browser_init.py]: [INFO] [2021-06-04 15:20:20] line:98-->>页面元素<('css selector', '[value="确认"]')>可见，等待时间：0.016秒!
[browser_init.py]: [INFO] [2021-06-04 15:20:20] line:125-->>点击<('css selector', '[value="确认"]')>
[browser_init.py]: [INFO] [2021-06-04 15:20:20] line:242-->>未弹出alert
[run.py]: [INFO] [2021-06-04 15:20:20] line:19-->>web自动化测试结束
[run.py]: [INFO] [2021-06-04 15:20:57] line:17-->>开始执行web自动化测试
[browser_init.py]: [INFO] [2021-06-04 15:21:02] line:56-->>在localhost使用chrome执行
[browser_init.py]: [INFO] [2021-06-04 15:21:04] line:87-->>开始等待页面元素<('id', 'username')>是否可见！
[browser_init.py]: [INFO] [2021-06-04 15:21:04] line:98-->>页面元素<('id', 'username')>可见，等待时间：0.018秒!
[browser_init.py]: [INFO] [2021-06-04 15:21:04] line:109-->>在<('id', 'username')>输入<mik2>
[browser_init.py]: [INFO] [2021-06-04 15:21:04] line:87-->>开始等待页面元素<('id', 'password')>是否可见！
[browser_init.py]: [INFO] [2021-06-04 15:21:04] line:98-->>页面元素<('id', 'password')>可见，等待时间：0.018秒!
[browser_init.py]: [INFO] [2021-06-04 15:21:04] line:109-->>在<('id', 'password')>输入<password>
[browser_init.py]: [INFO] [2021-06-04 15:21:04] line:87-->>开始等待页面元素<('class name', 'login_btn')>是否可见！
[browser_init.py]: [INFO] [2021-06-04 15:21:04] line:98-->>页面元素<('class name', 'login_btn')>可见，等待时间：0.018秒!
[browser_init.py]: [INFO] [2021-06-04 15:21:04] line:141-->>点击<('class name', 'login_btn')>提交
[browser_init.py]: [INFO] [2021-06-04 15:21:04] line:87-->>开始等待页面元素<('link text', '账号设置')>是否可见！
[browser_init.py]: [INFO] [2021-06-04 15:21:06] line:98-->>页面元素<('link text', '账号设置')>可见，等待时间：1.886秒!
[browser_init.py]: [INFO] [2021-06-04 15:21:06] line:125-->>点击<('link text', '账号设置')>
[browser_init.py]: [INFO] [2021-06-04 15:21:07] line:87-->>开始等待页面元素<('link text', '个人资料')>是否可见！
[browser_init.py]: [INFO] [2021-06-04 15:21:07] line:98-->>页面元素<('link text', '个人资料')>可见，等待时间：0.033秒!
[browser_init.py]: [INFO] [2021-06-04 15:21:07] line:125-->>点击<('link text', '个人资料')>
[browser_init.py]: [INFO] [2021-06-04 15:21:07] line:87-->>开始等待页面元素<('id', 'true_name')>是否可见！
[browser_init.py]: [INFO] [2021-06-04 15:21:07] line:98-->>页面元素<('id', 'true_name')>可见，等待时间：0.019秒!
[browser_init.py]: [INFO] [2021-06-04 15:21:07] line:109-->>在<('id', 'true_name')>输入<张三>
[browser_init.py]: [INFO] [2021-06-04 15:21:07] line:87-->>开始等待页面元素<('css selector', '[value="1"]')>是否可见！
[browser_init.py]: [INFO] [2021-06-04 15:21:07] line:98-->>页面元素<('css selector', '[value="1"]')>可见，等待时间：0.022秒!
[browser_init.py]: [INFO] [2021-06-04 15:21:07] line:125-->>点击<('css selector', '[value="1"]')>
[browser_init.py]: [INFO] [2021-06-04 15:21:08] line:87-->>开始等待页面元素<('id', 'date')>是否可见！
[browser_init.py]: [INFO] [2021-06-04 15:21:08] line:98-->>页面元素<('id', 'date')>可见，等待时间：0.019秒!
[browser_init.py]: [INFO] [2021-06-04 15:21:08] line:109-->>在<('id', 'date')>输入<1980-02-01>
[browser_init.py]: [INFO] [2021-06-04 15:21:08] line:87-->>开始等待页面元素<('id', 'qq')>是否可见！
[browser_init.py]: [INFO] [2021-06-04 15:21:08] line:98-->>页面元素<('id', 'qq')>可见，等待时间：0.016秒!
[browser_init.py]: [INFO] [2021-06-04 15:21:08] line:109-->>在<('id', 'qq')>输入<23247896>
[browser_init.py]: [INFO] [2021-06-04 15:21:08] line:87-->>开始等待页面元素<('css selector', '[value="确认"]')>是否可见！
[browser_init.py]: [INFO] [2021-06-04 15:21:08] line:98-->>页面元素<('css selector', '[value="确认"]')>可见，等待时间：0.016秒!
[browser_init.py]: [INFO] [2021-06-04 15:21:08] line:125-->>点击<('css selector', '[value="确认"]')>
[browser_init.py]: [INFO] [2021-06-04 15:21:08] line:237-->>alert出现，内容为：个人信息修改失败！
[browser_init.py]: [INFO] [2021-06-04 15:21:08] line:239-->>alert已经关闭
[run.py]: [INFO] [2021-06-04 15:21:08] line:19-->>web自动化测试结束
