[browser_init.py]: [INFO] [2021-05-03 20:28:49] line:43-->>开始等待页面元素<('link text', '登录')>是否可见！
[browser_init.py]: [INFO] [2021-05-03 20:28:49] line:53-->>页面元素<('link text', '登录')>可见，等待时间：0.031秒!
[browser_init.py]: [INFO] [2021-05-03 20:28:49] line:73-->>点击<('link text', '登录')>
[browser_init.py]: [INFO] [2021-05-03 20:28:49] line:123-->>切换到最新打开的窗口
[browser_init.py]: [INFO] [2021-05-03 20:28:49] line:43-->>开始等待页面元素<('id', 'username')>是否可见！
[browser_init.py]: [INFO] [2021-05-03 20:28:50] line:53-->>页面元素<('id', 'username')>可见，等待时间：1.041秒!
[browser_init.py]: [INFO] [2021-05-03 20:28:50] line:64-->>在<('id', 'username')>输入<mik2>
[browser_init.py]: [INFO] [2021-05-03 20:28:50] line:43-->>开始等待页面元素<('id', 'password')>是否可见！
[browser_init.py]: [INFO] [2021-05-03 20:28:50] line:53-->>页面元素<('id', 'password')>可见，等待时间：0.022秒!
[browser_init.py]: [INFO] [2021-05-03 20:28:50] line:64-->>在<('id', 'password')>输入<password>
[browser_init.py]: [INFO] [2021-05-03 20:28:51] line:87-->>在<('class name', 'login_btn')>点击提交
[browser_init.py]: [INFO] [2021-05-03 20:28:51] line:43-->>开始等待页面元素<('link text', '进入商城购物')>是否可见！
[browser_init.py]: [INFO] [2021-05-03 20:28:53] line:53-->>页面元素<('link text', '进入商城购物')>可见，等待时间：2.224秒!
[browser_init.py]: [INFO] [2021-05-03 20:28:54] line:73-->>点击<('link text', '进入商城购物')>
[browser_init.py]: [INFO] [2021-05-03 20:28:54] line:43-->>开始等待页面元素<('name', 'keyword')>是否可见！
[browser_init.py]: [INFO] [2021-05-03 20:28:54] line:53-->>页面元素<('name', 'keyword')>可见，等待时间：0.06秒!
[browser_init.py]: [INFO] [2021-05-03 20:28:54] line:64-->>在<('name', 'keyword')>输入<iphone>
[browser_init.py]: [INFO] [2021-05-03 20:28:54] line:43-->>开始等待页面元素<('class name', 'btn1')>是否可见！
[browser_init.py]: [INFO] [2021-05-03 20:28:54] line:53-->>页面元素<('class name', 'btn1')>可见，等待时间：0.019秒!
[browser_init.py]: [INFO] [2021-05-03 20:28:56] line:73-->>点击<('class name', 'btn1')>
[browser_init.py]: [INFO] [2021-05-03 20:28:56] line:43-->>开始等待页面元素<('xpath', '/html/body/div[3]/div[2]/div[3]/div/div[1]/a/img')>是否可见！
[browser_init.py]: [INFO] [2021-05-03 20:28:56] line:53-->>页面元素<('xpath', '/html/body/div[3]/div[2]/div[3]/div/div[1]/a/img')>可见，等待时间：0.018秒!
[browser_init.py]: [INFO] [2021-05-03 20:28:56] line:73-->>点击<('xpath', '/html/body/div[3]/div[2]/div[3]/div/div[1]/a/img')>
[browser_init.py]: [INFO] [2021-05-03 20:28:56] line:123-->>切换到最新打开的窗口
[browser_init.py]: [INFO] [2021-05-03 20:28:56] line:43-->>开始等待页面元素<('id', 'joinCarButton')>是否可见！
[browser_init.py]: [INFO] [2021-05-03 20:28:57] line:53-->>页面元素<('id', 'joinCarButton')>可见，等待时间：1.481秒!
