[run_web.py]: [INFO] [2021-06-14 12:02:57] line:48->>==>>>开始执行web自动化测试
[conftest.py]: [INFO] [2021-06-14 12:02:58] line:24->>打开浏览器
[browser_init.py]: [INFO] [2021-06-14 12:03:03] line:53->>在localhost使用chrome执行
[test_01_register.py]: [INFO] [2021-06-14 12:03:04] line:20->>开始执行TestRegister模块测试
[conftest.py]: [INFO] [2021-06-14 12:03:04] line:47->>testcase_01开始测试
[browser_init.py]: [INFO] [2021-06-14 12:03:21] line:86->>开始等待页面元素<('xpath', '/html/body/div[6]/div/div[1]/div[2]/a[2]')>是否可见！
[browser_init.py]: [INFO] [2021-06-14 12:03:21] line:96->>页面元素<('xpath', '/html/body/div[6]/div/div[1]/div[2]/a[2]')>可见，等待时间：0.026秒!
[browser_init.py]: [INFO] [2021-06-14 12:03:21] line:123->>点击<('xpath', '/html/body/div[6]/div/div[1]/div[2]/a[2]')>
[browser_init.py]: [INFO] [2021-06-14 12:03:21] line:86->>开始等待页面元素<('xpath', '/html/body/div[4]/div/div/div/div[2]/div/div/div[1]/form/div[1]/input')>是否可见！
[browser_init.py]: [INFO] [2021-06-14 12:03:22] line:96->>页面元素<('xpath', '/html/body/div[4]/div/div/div/div[2]/div/div/div[1]/form/div[1]/input')>可见，等待时间：0.023秒!
[browser_init.py]: [INFO] [2021-06-14 12:03:22] line:107->>在<('xpath', '/html/body/div[4]/div/div/div/div[2]/div/div/div[1]/form/div[1]/input')>输入<mik_73>
[browser_init.py]: [INFO] [2021-06-14 12:03:22] line:86->>开始等待页面元素<('xpath', '/html/body/div[4]/div/div/div/div[2]/div/div/div[1]/form/div[2]/div/input')>是否可见！
[browser_init.py]: [INFO] [2021-06-14 12:03:22] line:96->>页面元素<('xpath', '/html/body/div[4]/div/div/div/div[2]/div/div/div[1]/form/div[2]/div/input')>可见，等待时间：0.02秒!
[browser_init.py]: [INFO] [2021-06-14 12:03:22] line:107->>在<('xpath', '/html/body/div[4]/div/div/div/div[2]/div/div/div[1]/form/div[2]/div/input')>输入<123456>
[browser_init.py]: [INFO] [2021-06-14 12:03:22] line:86->>开始等待页面元素<('xpath', '/html/body/div[4]/div/div/div/div[2]/div/div/div[1]/form/div[3]/button')>是否可见！
[browser_init.py]: [INFO] [2021-06-14 12:03:22] line:96->>页面元素<('xpath', '/html/body/div[4]/div/div/div/div[2]/div/div/div[1]/form/div[3]/button')>可见，等待时间：0.018秒!
[browser_init.py]: [INFO] [2021-06-14 12:03:22] line:139->>点击<('xpath', '/html/body/div[4]/div/div/div/div[2]/div/div/div[1]/form/div[3]/button')>提交
[browser_init.py]: [INFO] [2021-06-14 12:03:22] line:86->>开始等待页面元素<('class name', 'prompt-msg')>是否可见！
[browser_init.py]: [INFO] [2021-06-14 12:03:22] line:96->>页面元素<('class name', 'prompt-msg')>可见，等待时间：0.611秒!
[browser_init.py]: [INFO] [2021-06-14 12:03:22] line:213->>获取元素<('class name', 'prompt-msg')>的内容
[browser_init.py]: [INFO] [2021-06-14 12:03:22] line:216->>元素<('class name', 'prompt-msg')>的内容为<账号已存在>
[conftest.py]: [INFO] [2021-06-14 12:03:22] line:49->>testcase_01测试结束
[conftest.py]: [INFO] [2021-06-14 12:03:22] line:47->>testcase_01开始测试
[browser_init.py]: [INFO] [2021-06-14 12:03:23] line:86->>开始等待页面元素<('xpath', '/html/body/div[6]/div/div[1]/div[2]/a[2]')>是否可见！
[browser_init.py]: [INFO] [2021-06-14 12:03:23] line:96->>页面元素<('xpath', '/html/body/div[6]/div/div[1]/div[2]/a[2]')>可见，等待时间：0.117秒!
[browser_init.py]: [INFO] [2021-06-14 12:03:23] line:123->>点击<('xpath', '/html/body/div[6]/div/div[1]/div[2]/a[2]')>
[browser_init.py]: [INFO] [2021-06-14 12:03:24] line:86->>开始等待页面元素<('xpath', '/html/body/div[4]/div/div/div/div[2]/div/div/div[1]/form/div[1]/input')>是否可见！
[browser_init.py]: [INFO] [2021-06-14 12:03:24] line:96->>页面元素<('xpath', '/html/body/div[4]/div/div/div/div[2]/div/div/div[1]/form/div[1]/input')>可见，等待时间：0.018秒!
[browser_init.py]: [INFO] [2021-06-14 12:03:24] line:107->>在<('xpath', '/html/body/div[4]/div/div/div/div[2]/div/div/div[1]/form/div[1]/input')>输入<mik_74>
[browser_init.py]: [INFO] [2021-06-14 12:03:24] line:86->>开始等待页面元素<('xpath', '/html/body/div[4]/div/div/div/div[2]/div/div/div[1]/form/div[2]/div/input')>是否可见！
[browser_init.py]: [INFO] [2021-06-14 12:03:24] line:96->>页面元素<('xpath', '/html/body/div[4]/div/div/div/div[2]/div/div/div[1]/form/div[2]/div/input')>可见，等待时间：0.015秒!
[browser_init.py]: [INFO] [2021-06-14 12:03:24] line:107->>在<('xpath', '/html/body/div[4]/div/div/div/div[2]/div/div/div[1]/form/div[2]/div/input')>输入<123456>
[browser_init.py]: [INFO] [2021-06-14 12:03:24] line:86->>开始等待页面元素<('xpath', '/html/body/div[4]/div/div/div/div[2]/div/div/div[1]/form/div[3]/button')>是否可见！
[browser_init.py]: [INFO] [2021-06-14 12:03:24] line:96->>页面元素<('xpath', '/html/body/div[4]/div/div/div/div[2]/div/div/div[1]/form/div[3]/button')>可见，等待时间：0.015秒!
[browser_init.py]: [INFO] [2021-06-14 12:03:24] line:139->>点击<('xpath', '/html/body/div[4]/div/div/div/div[2]/div/div/div[1]/form/div[3]/button')>提交
[browser_init.py]: [INFO] [2021-06-14 12:03:24] line:86->>开始等待页面元素<('class name', 'prompt-msg')>是否可见！
[browser_init.py]: [INFO] [2021-06-14 12:03:25] line:96->>页面元素<('class name', 'prompt-msg')>可见，等待时间：0.639秒!
[browser_init.py]: [INFO] [2021-06-14 12:03:25] line:213->>获取元素<('class name', 'prompt-msg')>的内容
[browser_init.py]: [INFO] [2021-06-14 12:03:25] line:216->>元素<('class name', 'prompt-msg')>的内容为<账号已存在>
[conftest.py]: [INFO] [2021-06-14 12:03:25] line:49->>testcase_01测试结束
[test_01_register.py]: [INFO] [2021-06-14 12:03:25] line:23->>TestRegister模块测试完成
[test_02_login.py]: [INFO] [2021-06-14 12:03:25] line:21->>开始执行TestLogin模块测试
[conftest.py]: [INFO] [2021-06-14 12:03:25] line:47->>testcase_01开始测试
[browser_init.py]: [INFO] [2021-06-14 12:03:26] line:86->>开始等待页面元素<('xpath', '/html/body/div[6]/div/div[1]/div[2]/a[1]')>是否可见！
[browser_init.py]: [INFO] [2021-06-14 12:03:26] line:96->>页面元素<('xpath', '/html/body/div[6]/div/div[1]/div[2]/a[1]')>可见，等待时间：0.032秒!
[browser_init.py]: [INFO] [2021-06-14 12:03:26] line:123->>点击<('xpath', '/html/body/div[6]/div/div[1]/div[2]/a[1]')>
[browser_init.py]: [INFO] [2021-06-14 12:03:26] line:86->>开始等待页面元素<('xpath', '/html/body/div[4]/div/div[2]/div[2]/div/div/div[1]/form/div[1]/input')>是否可见！
[browser_init.py]: [INFO] [2021-06-14 12:03:27] line:96->>页面元素<('xpath', '/html/body/div[4]/div/div[2]/div[2]/div/div/div[1]/form/div[1]/input')>可见，等待时间：0.098秒!
[browser_init.py]: [INFO] [2021-06-14 12:03:27] line:107->>在<('xpath', '/html/body/div[4]/div/div[2]/div[2]/div/div/div[1]/form/div[1]/input')>输入<mik_73>
[browser_init.py]: [INFO] [2021-06-14 12:03:27] line:86->>开始等待页面元素<('xpath', '/html/body/div[4]/div/div[2]/div[2]/div/div/div[1]/form/div[2]/div/input')>是否可见！
[browser_init.py]: [INFO] [2021-06-14 12:03:27] line:96->>页面元素<('xpath', '/html/body/div[4]/div/div[2]/div[2]/div/div/div[1]/form/div[2]/div/input')>可见，等待时间：0.023秒!
[browser_init.py]: [INFO] [2021-06-14 12:03:27] line:107->>在<('xpath', '/html/body/div[4]/div/div[2]/div[2]/div/div/div[1]/form/div[2]/div/input')>输入<123456>
[browser_init.py]: [INFO] [2021-06-14 12:03:27] line:86->>开始等待页面元素<('xpath', '/html/body/div[4]/div/div[2]/div[2]/div/div/div[1]/form/div[2]/div/input')>是否可见！
[browser_init.py]: [INFO] [2021-06-14 12:03:27] line:96->>页面元素<('xpath', '/html/body/div[4]/div/div[2]/div[2]/div/div/div[1]/form/div[2]/div/input')>可见，等待时间：0.013秒!
[browser_init.py]: [INFO] [2021-06-14 12:03:27] line:139->>点击<('xpath', '/html/body/div[4]/div/div[2]/div[2]/div/div/div[1]/form/div[2]/div/input')>提交
[browser_init.py]: [INFO] [2021-06-14 12:03:27] line:86->>开始等待页面元素<('class name', 'prompt-msg')>是否可见！
[browser_init.py]: [INFO] [2021-06-14 12:03:27] line:96->>页面元素<('class name', 'prompt-msg')>可见，等待时间：0.637秒!
[browser_init.py]: [INFO] [2021-06-14 12:03:27] line:213->>获取元素<('class name', 'prompt-msg')>的内容
[browser_init.py]: [INFO] [2021-06-14 12:03:27] line:216->>元素<('class name', 'prompt-msg')>的内容为<登录成功>
[browser_init.py]: [INFO] [2021-06-14 12:03:27] line:86->>开始等待页面元素<('xpath', '/html/body/div[6]/div/div[1]/div[1]/a[2]')>是否可见！
[browser_init.py]: [INFO] [2021-06-14 12:03:29] line:96->>页面元素<('xpath', '/html/body/div[6]/div/div[1]/div[1]/a[2]')>可见，等待时间：1.872秒!
[browser_init.py]: [INFO] [2021-06-14 12:03:29] line:123->>点击<('xpath', '/html/body/div[6]/div/div[1]/div[1]/a[2]')>
[conftest.py]: [INFO] [2021-06-14 12:03:30] line:49->>testcase_01测试结束
[conftest.py]: [INFO] [2021-06-14 12:03:30] line:47->>testcase_01开始测试
[browser_init.py]: [INFO] [2021-06-14 12:03:31] line:86->>开始等待页面元素<('xpath', '/html/body/div[6]/div/div[1]/div[2]/a[1]')>是否可见！
[browser_init.py]: [INFO] [2021-06-14 12:03:31] line:96->>页面元素<('xpath', '/html/body/div[6]/div/div[1]/div[2]/a[1]')>可见，等待时间：0.033秒!
[browser_init.py]: [INFO] [2021-06-14 12:03:31] line:123->>点击<('xpath', '/html/body/div[6]/div/div[1]/div[2]/a[1]')>
[browser_init.py]: [INFO] [2021-06-14 12:03:31] line:86->>开始等待页面元素<('xpath', '/html/body/div[4]/div/div[2]/div[2]/div/div/div[1]/form/div[1]/input')>是否可见！
[browser_init.py]: [INFO] [2021-06-14 12:03:31] line:96->>页面元素<('xpath', '/html/body/div[4]/div/div[2]/div[2]/div/div/div[1]/form/div[1]/input')>可见，等待时间：0.026秒!
[browser_init.py]: [INFO] [2021-06-14 12:03:31] line:107->>在<('xpath', '/html/body/div[4]/div/div[2]/div[2]/div/div/div[1]/form/div[1]/input')>输入<mik_74>
[browser_init.py]: [INFO] [2021-06-14 12:03:31] line:86->>开始等待页面元素<('xpath', '/html/body/div[4]/div/div[2]/div[2]/div/div/div[1]/form/div[2]/div/input')>是否可见！
[browser_init.py]: [INFO] [2021-06-14 12:03:31] line:96->>页面元素<('xpath', '/html/body/div[4]/div/div[2]/div[2]/div/div/div[1]/form/div[2]/div/input')>可见，等待时间：0.015秒!
[browser_init.py]: [INFO] [2021-06-14 12:03:31] line:107->>在<('xpath', '/html/body/div[4]/div/div[2]/div[2]/div/div/div[1]/form/div[2]/div/input')>输入<123456>
[browser_init.py]: [INFO] [2021-06-14 12:03:32] line:86->>开始等待页面元素<('xpath', '/html/body/div[4]/div/div[2]/div[2]/div/div/div[1]/form/div[2]/div/input')>是否可见！
[browser_init.py]: [INFO] [2021-06-14 12:03:32] line:96->>页面元素<('xpath', '/html/body/div[4]/div/div[2]/div[2]/div/div/div[1]/form/div[2]/div/input')>可见，等待时间：0.01秒!
[browser_init.py]: [INFO] [2021-06-14 12:03:32] line:139->>点击<('xpath', '/html/body/div[4]/div/div[2]/div[2]/div/div/div[1]/form/div[2]/div/input')>提交
[browser_init.py]: [INFO] [2021-06-14 12:03:32] line:86->>开始等待页面元素<('class name', 'prompt-msg')>是否可见！
[browser_init.py]: [INFO] [2021-06-14 12:03:32] line:96->>页面元素<('class name', 'prompt-msg')>可见，等待时间：0.606秒!
[browser_init.py]: [INFO] [2021-06-14 12:03:32] line:213->>获取元素<('class name', 'prompt-msg')>的内容
[browser_init.py]: [INFO] [2021-06-14 12:03:32] line:216->>元素<('class name', 'prompt-msg')>的内容为<登录成功>
[browser_init.py]: [INFO] [2021-06-14 12:03:32] line:86->>开始等待页面元素<('xpath', '/html/body/div[6]/div/div[1]/div[1]/a[2]')>是否可见！
[browser_init.py]: [INFO] [2021-06-14 12:03:34] line:96->>页面元素<('xpath', '/html/body/div[6]/div/div[1]/div[1]/a[2]')>可见，等待时间：1.831秒!
[browser_init.py]: [INFO] [2021-06-14 12:03:34] line:123->>点击<('xpath', '/html/body/div[6]/div/div[1]/div[1]/a[2]')>
[conftest.py]: [INFO] [2021-06-14 12:03:35] line:49->>testcase_01测试结束
[test_02_login.py]: [INFO] [2021-06-14 12:03:35] line:25->>TestLogin模块测试完成
[conftest.py]: [INFO] [2021-06-14 12:03:35] line:35->>关闭浏览器
[run_web.py]: [INFO] [2021-06-14 12:03:38] line:50->>==>>>web自动化测试结束
