[run_web.py]: [INFO] [2021-06-14 13:14:19] line:48->>==>>>开始执行web自动化测试
[conftest.py]: [INFO] [2021-06-14 13:14:20] line:24->>打开浏览器
[browser_init.py]: [INFO] [2021-06-14 13:14:25] line:53->>在localhost使用chrome执行
[run_web.py]: [INFO] [2021-06-14 13:14:41] line:48->>==>>>开始执行web自动化测试
[conftest.py]: [INFO] [2021-06-14 13:14:42] line:24->>打开浏览器
[browser_init.py]: [INFO] [2021-06-14 13:14:46] line:53->>在localhost使用chrome执行
[test_01_register.py]: [INFO] [2021-06-14 13:14:47] line:21->>开始执行TestRegister模块测试
[conftest.py]: [INFO] [2021-06-14 13:14:47] line:47->>testcase_01开始测试
[browser_init.py]: [INFO] [2021-06-14 13:15:05] line:86->>开始等待页面元素<('xpath', '/html/body/div[6]/div/div[1]/div[2]/a[2]')>是否可见！
[browser_init.py]: [INFO] [2021-06-14 13:15:05] line:96->>页面元素<('xpath', '/html/body/div[6]/div/div[1]/div[2]/a[2]')>可见，等待时间：0.03秒!
[browser_init.py]: [INFO] [2021-06-14 13:15:05] line:123->>点击<('xpath', '/html/body/div[6]/div/div[1]/div[2]/a[2]')>
[browser_init.py]: [INFO] [2021-06-14 13:15:07] line:86->>开始等待页面元素<('xpath', '/html/body/div[4]/div/div/div/div[2]/div/div/div[1]/form/div[1]/input')>是否可见！
[browser_init.py]: [INFO] [2021-06-14 13:15:07] line:96->>页面元素<('xpath', '/html/body/div[4]/div/div/div/div[2]/div/div/div[1]/form/div[1]/input')>可见，等待时间：0.022秒!
[browser_init.py]: [INFO] [2021-06-14 13:15:07] line:107->>在<('xpath', '/html/body/div[4]/div/div/div/div[2]/div/div/div[1]/form/div[1]/input')>输入<mik_73>
[browser_init.py]: [INFO] [2021-06-14 13:15:07] line:86->>开始等待页面元素<('xpath', '/html/body/div[4]/div/div/div/div[2]/div/div/div[1]/form/div[2]/div/input')>是否可见！
[browser_init.py]: [INFO] [2021-06-14 13:15:07] line:96->>页面元素<('xpath', '/html/body/div[4]/div/div/div/div[2]/div/div/div[1]/form/div[2]/div/input')>可见，等待时间：0.019秒!
[browser_init.py]: [INFO] [2021-06-14 13:15:07] line:107->>在<('xpath', '/html/body/div[4]/div/div/div/div[2]/div/div/div[1]/form/div[2]/div/input')>输入<123456>
[browser_init.py]: [INFO] [2021-06-14 13:15:07] line:86->>开始等待页面元素<('xpath', '/html/body/div[4]/div/div/div/div[2]/div/div/div[1]/form/div[3]/button')>是否可见！
[browser_init.py]: [INFO] [2021-06-14 13:15:07] line:96->>页面元素<('xpath', '/html/body/div[4]/div/div/div/div[2]/div/div/div[1]/form/div[3]/button')>可见，等待时间：0.018秒!
[browser_init.py]: [INFO] [2021-06-14 13:15:07] line:139->>点击<('xpath', '/html/body/div[4]/div/div/div/div[2]/div/div/div[1]/form/div[3]/button')>提交
[browser_init.py]: [INFO] [2021-06-14 13:15:07] line:86->>开始等待页面元素<('class name', 'prompt-msg')>是否可见！
[browser_init.py]: [INFO] [2021-06-14 13:15:07] line:96->>页面元素<('class name', 'prompt-msg')>可见，等待时间：0.608秒!
[browser_init.py]: [INFO] [2021-06-14 13:15:07] line:213->>获取元素<('class name', 'prompt-msg')>的内容
[browser_init.py]: [INFO] [2021-06-14 13:15:07] line:216->>元素<('class name', 'prompt-msg')>的内容为<账号已存在>
[conftest.py]: [INFO] [2021-06-14 13:15:07] line:49->>testcase_01测试结束
[conftest.py]: [INFO] [2021-06-14 13:15:07] line:47->>testcase_01开始测试
[browser_init.py]: [INFO] [2021-06-14 13:15:09] line:86->>开始等待页面元素<('xpath', '/html/body/div[6]/div/div[1]/div[2]/a[2]')>是否可见！
[browser_init.py]: [INFO] [2021-06-14 13:15:09] line:96->>页面元素<('xpath', '/html/body/div[6]/div/div[1]/div[2]/a[2]')>可见，等待时间：0.034秒!
[browser_init.py]: [INFO] [2021-06-14 13:15:09] line:123->>点击<('xpath', '/html/body/div[6]/div/div[1]/div[2]/a[2]')>
