[run_web.py]: [INFO] [2021-06-29 20:44:17] line:48->>==>>>开始执行web自动化测试
[conftest.py]: [INFO] [2021-06-29 20:44:18] line:24->>打开浏览器
[browser.py]: [INFO] [2021-06-29 20:44:19] line:46->>在localhost使用chrome执行
[conftest.py]: [INFO] [2021-06-29 20:44:19] line:47->>*************** 开始执行用例：test_case01 ***************
[base.py]: [INFO] [2021-06-29 20:44:32] line:49->>定位商城主页页面元素：('xpath', '/html/body/div[6]/div/div[1]/div[2]/a[1]'), 元素描述：登录
[base.py]: [INFO] [2021-06-29 20:44:32] line:58->>元素定位成功：耗时0.026秒!
[base.py]: [INFO] [2021-06-29 20:44:32] line:111->>点击元素：登录
[base.py]: [INFO] [2021-06-29 20:44:33] line:49->>定位登录页面元素：('xpath', '/html/body/div[4]/div/div[2]/div[2]/div/div/div[1]/form/div[1]/input'), 元素描述：用户名输入框
[base.py]: [INFO] [2021-06-29 20:44:33] line:58->>元素定位成功：耗时0.04秒!
[base.py]: [INFO] [2021-06-29 20:44:33] line:94->>输入内容：mik_2
[base.py]: [INFO] [2021-06-29 20:44:34] line:49->>定位登录页面元素：('xpath', '/html/body/div[4]/div/div[2]/div[2]/div/div/div[1]/form/div[2]/div/input'), 元素描述：密码输入框
[base.py]: [INFO] [2021-06-29 20:44:34] line:58->>元素定位成功：耗时0.022秒!
[base.py]: [INFO] [2021-06-29 20:44:34] line:94->>输入内容：123456
[base.py]: [INFO] [2021-06-29 20:44:34] line:49->>定位登录页面元素：('xpath', '/html/body/div[4]/div/div[2]/div[2]/div/div/div[1]/form/div[2]/div/input'), 元素描述：提交
[base.py]: [INFO] [2021-06-29 20:44:34] line:58->>元素定位成功：耗时0.015秒!
[base.py]: [INFO] [2021-06-29 20:44:34] line:127->>点击提交
[base.py]: [INFO] [2021-06-29 20:44:34] line:49->>定位登录成功主页页面元素：('id', 'search-input'), 元素描述：搜索框
[base.py]: [INFO] [2021-06-29 20:44:34] line:58->>元素定位成功：耗时0.02秒!
[base.py]: [INFO] [2021-06-29 20:44:34] line:94->>输入内容：手机
[base.py]: [INFO] [2021-06-29 20:44:34] line:49->>定位登录成功主页页面元素：('id', 'ai-topsearch'), 元素描述：搜索按钮
[base.py]: [INFO] [2021-06-29 20:44:34] line:58->>元素定位成功：耗时0.021秒!
[base.py]: [INFO] [2021-06-29 20:44:34] line:111->>点击元素：搜索按钮
[base.py]: [INFO] [2021-06-29 20:44:35] line:139->>获取所有句柄
[base.py]: [INFO] [2021-06-29 20:44:35] line:49->>定位显示商品页面页面元素：('xpath', '/html/body/div[4]/div/ul/li[1]/div'), 元素描述：第一个商品
[base.py]: [INFO] [2021-06-29 20:44:36] line:58->>元素定位成功：耗时0.551秒!
[base.py]: [INFO] [2021-06-29 20:44:36] line:111->>点击元素：第一个商品
[base.py]: [INFO] [2021-06-29 20:44:36] line:158->>切换到最新打开的窗口
[base.py]: [INFO] [2021-06-29 20:44:36] line:49->>定位商城主页页面元素：('xpath', '//li[@data-value="套餐一"]'), 元素描述：套餐1
[base.py]: [INFO] [2021-06-29 20:44:40] line:58->>元素定位成功：耗时4.291秒!
[base.py]: [INFO] [2021-06-29 20:44:40] line:111->>点击元素：套餐1
[base.py]: [INFO] [2021-06-29 20:44:41] line:49->>定位商城主页页面元素：('xpath', '//li[@data-value="金色"]'), 元素描述：金色
[base.py]: [INFO] [2021-06-29 20:44:41] line:58->>元素定位成功：耗时0.026秒!
[base.py]: [INFO] [2021-06-29 20:44:41] line:111->>点击元素：金色
[base.py]: [INFO] [2021-06-29 20:44:41] line:49->>定位商城主页页面元素：('xpath', '//li[@data-value="32G"]'), 元素描述：32G
[base.py]: [INFO] [2021-06-29 20:44:41] line:58->>元素定位成功：耗时0.018秒!
[base.py]: [INFO] [2021-06-29 20:44:41] line:111->>点击元素：32G
[base.py]: [INFO] [2021-06-29 20:44:41] line:49->>定位商城主页页面元素：('xpath', '/html/body/div[4]/div[2]/div[2]/div/div[3]/div[2]/button[1]'), 元素描述：立即购买
[base.py]: [INFO] [2021-06-29 20:44:41] line:58->>元素定位成功：耗时0.021秒!
[base.py]: [INFO] [2021-06-29 20:44:41] line:111->>点击元素：立即购买
[base.py]: [INFO] [2021-06-29 20:44:41] line:49->>定位订单确认页面元素：('xpath', '//button[text()="使用新地址"]'), 元素描述：使用新地址
[base.py]: [ERROR] [2021-06-29 20:44:52] line:54->>元素定位失败!
[base.py]: [INFO] [2021-06-29 20:44:52] line:225->>截屏成功,图片路径为E:\My_code\UIAutoTest\imgs\2021-06-29-20-44-52.png
[conftest.py]: [INFO] [2021-06-29 20:44:53] line:49->>*************** 结束执行用例：test_case01 ***************
[conftest.py]: [INFO] [2021-06-29 20:44:53] line:35->>关闭浏览器
[run_web.py]: [INFO] [2021-06-29 20:44:56] line:50->>==>>>web自动化测试结束
