[run_web.py]: [INFO] [2021-06-30 17:46:25] line:48->>==>>>开始执行web自动化测试
[rd_yaml.py]: [INFO] [2021-06-30 17:46:26] line:23->>加载 E:\My_code\UIAutoTest\testdata\web_data.yaml 文件......
[rd_yaml.py]: [INFO] [2021-06-30 17:46:27] line:23->>加载 E:\My_code\UIAutoTest\testdata\web_data.yaml 文件......
[conftest.py]: [INFO] [2021-06-30 17:46:27] line:24->>打开浏览器
[browser.py]: [INFO] [2021-06-30 17:46:28] line:46->>在localhost使用chrome执行
[test_01_register.py]: [INFO] [2021-06-30 17:46:28] line:20->>开始执行TestRegister模块测试
[conftest.py]: [INFO] [2021-06-30 17:46:28] line:47->>*************** 开始执行用例：testcase_01 ***************
[base.py]: [INFO] [2021-06-30 17:46:36] line:49->>定位商城主页页面元素：('xpath', '/html/body/div[6]/div/div[1]/div[2]/a[2]'), 元素描述：注册
[base.py]: [INFO] [2021-06-30 17:46:36] line:58->>元素定位成功：耗时0.023秒!
[base.py]: [INFO] [2021-06-30 17:46:36] line:111->>点击元素：注册
[base.py]: [INFO] [2021-06-30 17:46:37] line:49->>定位注册页面元素：('xpath', '/html/body/div[4]/div/div/div/div[2]/div/div/div[1]/form/div[1]/input'), 元素描述：用户名输入框
[base.py]: [INFO] [2021-06-30 17:46:37] line:58->>元素定位成功：耗时0.04秒!
[base.py]: [INFO] [2021-06-30 17:46:37] line:94->>输入内容：mik_73
[base.py]: [INFO] [2021-06-30 17:46:37] line:49->>定位注册页面元素：('xpath', '/html/body/div[4]/div/div/div/div[2]/div/div/div[1]/form/div[2]/div/input'), 元素描述：密码输入框
[base.py]: [INFO] [2021-06-30 17:46:37] line:58->>元素定位成功：耗时0.018秒!
[base.py]: [INFO] [2021-06-30 17:46:37] line:94->>输入内容：123456
[base.py]: [INFO] [2021-06-30 17:46:37] line:49->>定位注册页面元素：('xpath', '/html/body/div[4]/div/div/div/div[2]/div/div/div[1]/form/div[3]/button'), 元素描述：提交
[base.py]: [ERROR] [2021-06-30 17:46:49] line:54->>元素定位失败!
[base.py]: [INFO] [2021-06-30 17:46:49] line:225->>截屏成功,图片路径为E:\My_code\UIAutoTest\imgs\2021-06-30-17-46-49.png
[conftest.py]: [INFO] [2021-06-30 17:46:50] line:49->>*************** 结束执行用例：testcase_01 ***************
[conftest.py]: [INFO] [2021-06-30 17:46:50] line:47->>*************** 开始执行用例：testcase_01 ***************
[base.py]: [INFO] [2021-06-30 17:46:52] line:49->>定位商城主页页面元素：('xpath', '/html/body/div[6]/div/div[1]/div[2]/a[2]'), 元素描述：注册
[base.py]: [INFO] [2021-06-30 17:46:52] line:58->>元素定位成功：耗时0.022秒!
[base.py]: [INFO] [2021-06-30 17:46:52] line:111->>点击元素：注册
[base.py]: [INFO] [2021-06-30 17:46:52] line:49->>定位注册页面元素：('xpath', '/html/body/div[4]/div/div/div/div[2]/div/div/div[1]/form/div[1]/input'), 元素描述：用户名输入框
[base.py]: [INFO] [2021-06-30 17:46:52] line:58->>元素定位成功：耗时0.021秒!
[base.py]: [INFO] [2021-06-30 17:46:52] line:94->>输入内容：mik_74
[base.py]: [INFO] [2021-06-30 17:46:52] line:49->>定位注册页面元素：('xpath', '/html/body/div[4]/div/div/div/div[2]/div/div/div[1]/form/div[2]/div/input'), 元素描述：密码输入框
[base.py]: [INFO] [2021-06-30 17:46:52] line:58->>元素定位成功：耗时0.017秒!
[base.py]: [INFO] [2021-06-30 17:46:52] line:94->>输入内容：123456
[base.py]: [INFO] [2021-06-30 17:46:52] line:49->>定位注册页面元素：('xpath', '/html/body/div[4]/div/div/div/div[2]/div/div/div[1]/form/div[3]/button'), 元素描述：提交
[base.py]: [ERROR] [2021-06-30 17:47:03] line:54->>元素定位失败!
[base.py]: [INFO] [2021-06-30 17:47:04] line:225->>截屏成功,图片路径为E:\My_code\UIAutoTest\imgs\2021-06-30-17-47-03.png
[conftest.py]: [INFO] [2021-06-30 17:47:05] line:49->>*************** 结束执行用例：testcase_01 ***************
[test_01_register.py]: [INFO] [2021-06-30 17:47:05] line:23->>TestRegister模块测试完成
[test_02_login.py]: [INFO] [2021-06-30 17:47:05] line:20->>开始执行TestLogin模块测试
[conftest.py]: [INFO] [2021-06-30 17:47:05] line:47->>*************** 开始执行用例：testcase_01 ***************
[base.py]: [INFO] [2021-06-30 17:47:05] line:49->>定位商城主页页面元素：('xpath', '/html/body/div[6]/div/div[1]/div[2]/a[1]'), 元素描述：登录
[base.py]: [INFO] [2021-06-30 17:47:06] line:58->>元素定位成功：耗时0.029秒!
[base.py]: [INFO] [2021-06-30 17:47:06] line:111->>点击元素：登录
[base.py]: [INFO] [2021-06-30 17:47:06] line:49->>定位登录页面元素：('xpath', '/html/body/div[4]/div/div[2]/div[2]/div/div/div[1]/form/div[1]/input'), 元素描述：用户名输入框
[base.py]: [ERROR] [2021-06-30 17:47:17] line:54->>元素定位失败!
[base.py]: [INFO] [2021-06-30 17:47:17] line:225->>截屏成功,图片路径为E:\My_code\UIAutoTest\imgs\2021-06-30-17-47-17.png
[conftest.py]: [INFO] [2021-06-30 17:47:18] line:49->>*************** 结束执行用例：testcase_01 ***************
[conftest.py]: [INFO] [2021-06-30 17:47:18] line:47->>*************** 开始执行用例：testcase_01 ***************
[base.py]: [INFO] [2021-06-30 17:47:19] line:49->>定位商城主页页面元素：('xpath', '/html/body/div[6]/div/div[1]/div[2]/a[1]'), 元素描述：登录
[base.py]: [INFO] [2021-06-30 17:47:19] line:58->>元素定位成功：耗时0.031秒!
[base.py]: [INFO] [2021-06-30 17:47:19] line:111->>点击元素：登录
[base.py]: [INFO] [2021-06-30 17:47:20] line:49->>定位登录页面元素：('xpath', '/html/body/div[4]/div/div[2]/div[2]/div/div/div[1]/form/div[1]/input'), 元素描述：用户名输入框
[base.py]: [ERROR] [2021-06-30 17:47:31] line:54->>元素定位失败!
[base.py]: [INFO] [2021-06-30 17:47:31] line:225->>截屏成功,图片路径为E:\My_code\UIAutoTest\imgs\2021-06-30-17-47-31.png
[conftest.py]: [INFO] [2021-06-30 17:47:32] line:49->>*************** 结束执行用例：testcase_01 ***************
[test_02_login.py]: [INFO] [2021-06-30 17:47:32] line:23->>TestLogin模块测试完成
[conftest.py]: [INFO] [2021-06-30 17:47:32] line:47->>*************** 开始执行用例：test_case01 ***************
[base.py]: [INFO] [2021-06-30 17:47:34] line:49->>定位商城主页页面元素：('xpath', '/html/body/div[6]/div/div[1]/div[2]/a[1]'), 元素描述：登录
[base.py]: [INFO] [2021-06-30 17:47:34] line:58->>元素定位成功：耗时0.03秒!
[base.py]: [INFO] [2021-06-30 17:47:34] line:111->>点击元素：登录
[base.py]: [INFO] [2021-06-30 17:47:35] line:49->>定位登录页面元素：('xpath', '/html/body/div[4]/div/div[2]/div[2]/div/div/div[1]/form/div[1]/input'), 元素描述：用户名输入框
[base.py]: [ERROR] [2021-06-30 17:47:46] line:54->>元素定位失败!
[base.py]: [INFO] [2021-06-30 17:47:46] line:225->>截屏成功,图片路径为E:\My_code\UIAutoTest\imgs\2021-06-30-17-47-46.png
[conftest.py]: [INFO] [2021-06-30 17:47:47] line:49->>*************** 结束执行用例：test_case01 ***************
[conftest.py]: [INFO] [2021-06-30 17:47:47] line:35->>关闭浏览器
[run_web.py]: [INFO] [2021-06-30 17:47:50] line:50->>==>>>web自动化测试结束
