[run_web.py]: [INFO] [2021-06-08 21:15:04] line:48->>开始执行web自动化测试
[conftest.py]: [INFO] [2021-06-08 21:15:14] line:24->>打开浏览器
[browser_init.py]: [INFO] [2021-06-08 21:15:22] line:53->>在localhost使用chrome执行
[test_register.py]: [INFO] [2021-06-08 21:15:23] line:24->>开始执行TestZc测试
[browser_init.py]: [INFO] [2021-06-08 21:15:40] line:83->>开始等待页面元素<('xpath', '/html/body/div[6]/div/div[1]/div[2]/a[2]')>是否可见！
[browser_init.py]: [INFO] [2021-06-08 21:15:41] line:93->>页面元素<('xpath', '/html/body/div[6]/div/div[1]/div[2]/a[2]')>可见，等待时间：0.125秒!
[browser_init.py]: [INFO] [2021-06-08 21:15:41] line:120->>点击<('xpath', '/html/body/div[6]/div/div[1]/div[2]/a[2]')>
[browser_init.py]: [INFO] [2021-06-08 21:15:42] line:83->>开始等待页面元素<('xpath', '/html/body/div[4]/div/div/div/div[2]/div/div/div[1]/form/div[1]/input')>是否可见！
[browser_init.py]: [INFO] [2021-06-08 21:15:42] line:93->>页面元素<('xpath', '/html/body/div[4]/div/div/div/div[2]/div/div/div[1]/form/div[1]/input')>可见，等待时间：0.096秒!
[browser_init.py]: [INFO] [2021-06-08 21:15:42] line:104->>在<('xpath', '/html/body/div[4]/div/div/div/div[2]/div/div/div[1]/form/div[1]/input')>输入<mik_73>
[browser_init.py]: [INFO] [2021-06-08 21:15:42] line:83->>开始等待页面元素<('xpath', '/html/body/div[4]/div/div/div/div[2]/div/div/div[1]/form/div[2]/div/input')>是否可见！
[browser_init.py]: [INFO] [2021-06-08 21:15:42] line:93->>页面元素<('xpath', '/html/body/div[4]/div/div/div/div[2]/div/div/div[1]/form/div[2]/div/input')>可见，等待时间：0.024秒!
[browser_init.py]: [INFO] [2021-06-08 21:15:42] line:104->>在<('xpath', '/html/body/div[4]/div/div/div/div[2]/div/div/div[1]/form/div[2]/div/input')>输入<123456>
[browser_init.py]: [INFO] [2021-06-08 21:15:42] line:83->>开始等待页面元素<('xpath', '/html/body/div[4]/div/div/div/div[2]/div/div/div[1]/form/div[2]/div/input')>是否可见！
[browser_init.py]: [INFO] [2021-06-08 21:15:42] line:93->>页面元素<('xpath', '/html/body/div[4]/div/div/div/div[2]/div/div/div[1]/form/div[2]/div/input')>可见，等待时间：0.016秒!
[browser_init.py]: [INFO] [2021-06-08 21:15:42] line:136->>点击<('xpath', '/html/body/div[4]/div/div/div/div[2]/div/div/div[1]/form/div[2]/div/input')>提交
[browser_init.py]: [INFO] [2021-06-08 21:15:42] line:83->>开始等待页面元素<('xpath', '/html/body/div[2]/div/ul[1]/div/div/em[2]')>是否可见！
[browser_init.py]: [ERROR] [2021-06-08 21:15:53] line:89->>等待页面元素<('xpath', '/html/body/div[2]/div/ul[1]/div/div/em[2]')>10秒失败！
[browser_init.py]: [INFO] [2021-06-08 21:15:54] line:254->>截屏成功,图片路径为E:\My_code\AutoTest\imgs\2021-06-08-21-15-53.png
[browser_init.py]: [INFO] [2021-06-08 21:15:56] line:83->>开始等待页面元素<('xpath', '/html/body/div[6]/div/div[1]/div[2]/a[2]')>是否可见！
[browser_init.py]: [INFO] [2021-06-08 21:15:56] line:93->>页面元素<('xpath', '/html/body/div[6]/div/div[1]/div[2]/a[2]')>可见，等待时间：0.034秒!
[browser_init.py]: [INFO] [2021-06-08 21:15:56] line:120->>点击<('xpath', '/html/body/div[6]/div/div[1]/div[2]/a[2]')>
[browser_init.py]: [INFO] [2021-06-08 21:15:58] line:83->>开始等待页面元素<('xpath', '/html/body/div[4]/div/div/div/div[2]/div/div/div[1]/form/div[1]/input')>是否可见！
[browser_init.py]: [INFO] [2021-06-08 21:15:58] line:93->>页面元素<('xpath', '/html/body/div[4]/div/div/div/div[2]/div/div/div[1]/form/div[1]/input')>可见，等待时间：0.017秒!
[browser_init.py]: [INFO] [2021-06-08 21:15:58] line:104->>在<('xpath', '/html/body/div[4]/div/div/div/div[2]/div/div/div[1]/form/div[1]/input')>输入<mik_74>
[browser_init.py]: [INFO] [2021-06-08 21:15:58] line:83->>开始等待页面元素<('xpath', '/html/body/div[4]/div/div/div/div[2]/div/div/div[1]/form/div[2]/div/input')>是否可见！
[browser_init.py]: [INFO] [2021-06-08 21:15:58] line:93->>页面元素<('xpath', '/html/body/div[4]/div/div/div/div[2]/div/div/div[1]/form/div[2]/div/input')>可见，等待时间：0.023秒!
[browser_init.py]: [INFO] [2021-06-08 21:15:58] line:104->>在<('xpath', '/html/body/div[4]/div/div/div/div[2]/div/div/div[1]/form/div[2]/div/input')>输入<123456>
[browser_init.py]: [INFO] [2021-06-08 21:15:58] line:83->>开始等待页面元素<('xpath', '/html/body/div[4]/div/div/div/div[2]/div/div/div[1]/form/div[2]/div/input')>是否可见！
[browser_init.py]: [INFO] [2021-06-08 21:15:58] line:93->>页面元素<('xpath', '/html/body/div[4]/div/div/div/div[2]/div/div/div[1]/form/div[2]/div/input')>可见，等待时间：0.01秒!
[browser_init.py]: [INFO] [2021-06-08 21:15:58] line:136->>点击<('xpath', '/html/body/div[4]/div/div/div/div[2]/div/div/div[1]/form/div[2]/div/input')>提交
[browser_init.py]: [INFO] [2021-06-08 21:15:58] line:83->>开始等待页面元素<('xpath', '/html/body/div[2]/div/ul[1]/div/div/em[2]')>是否可见！
[browser_init.py]: [ERROR] [2021-06-08 21:16:09] line:89->>等待页面元素<('xpath', '/html/body/div[2]/div/ul[1]/div/div/em[2]')>10秒失败！
[browser_init.py]: [INFO] [2021-06-08 21:16:09] line:254->>截屏成功,图片路径为E:\My_code\AutoTest\imgs\2021-06-08-21-16-09.png
[test_register.py]: [INFO] [2021-06-08 21:16:10] line:27->>TestZc测试完成
[conftest.py]: [INFO] [2021-06-08 21:16:10] line:35->>关闭浏览器
[run_web.py]: [INFO] [2021-06-08 21:16:14] line:50->>web自动化测试结束
