[run.py]: [INFO] [2021-06-03 00:07:41] line:12-->>开始执行web自动化测试
[browser_init.py]: [INFO] [2021-06-03 00:07:46] line:53-->>在localhost使用chrome执行
[test_register.py]: [INFO] [2021-06-03 00:07:47] line:24-->>开始执行TestZc测试
[browser_init.py]: [INFO] [2021-06-03 00:08:00] line:79-->>开始等待页面元素<('xpath', '/html/body/div[6]/div/div[1]/div[2]/a[2]')>是否可见！
[browser_init.py]: [INFO] [2021-06-03 00:08:00] line:89-->>页面元素<('xpath', '/html/body/div[6]/div/div[1]/div[2]/a[2]')>可见，等待时间：0.021秒!
[browser_init.py]: [INFO] [2021-06-03 00:08:00] line:115-->>点击<('xpath', '/html/body/div[6]/div/div[1]/div[2]/a[2]')>
[browser_init.py]: [INFO] [2021-06-03 00:08:01] line:79-->>开始等待页面元素<('xpath', '/html/body/div[4]/div/div/div/div[2]/div/div/div[1]/form/div[1]/input')>是否可见！
[browser_init.py]: [INFO] [2021-06-03 00:08:01] line:89-->>页面元素<('xpath', '/html/body/div[4]/div/div/div/div[2]/div/div/div[1]/form/div[1]/input')>可见，等待时间：0.028秒!
[browser_init.py]: [INFO] [2021-06-03 00:08:01] line:100-->>在<('xpath', '/html/body/div[4]/div/div/div/div[2]/div/div/div[1]/form/div[1]/input')>输入<mik_73>
[browser_init.py]: [INFO] [2021-06-03 00:08:01] line:79-->>开始等待页面元素<('xpath', '/html/body/div[4]/div/div/div/div[2]/div/div/div[1]/form/div[2]/div/input')>是否可见！
[browser_init.py]: [INFO] [2021-06-03 00:08:01] line:89-->>页面元素<('xpath', '/html/body/div[4]/div/div/div/div[2]/div/div/div[1]/form/div[2]/div/input')>可见，等待时间：0.023秒!
[browser_init.py]: [INFO] [2021-06-03 00:08:01] line:100-->>在<('xpath', '/html/body/div[4]/div/div/div/div[2]/div/div/div[1]/form/div[2]/div/input')>输入<123456>
[browser_init.py]: [INFO] [2021-06-03 00:08:01] line:79-->>开始等待页面元素<('xpath', '/html/body/div[4]/div/div/div/div[2]/div/div/div[1]/form/div[3]/button')>是否可见！
[browser_init.py]: [INFO] [2021-06-03 00:08:01] line:89-->>页面元素<('xpath', '/html/body/div[4]/div/div/div/div[2]/div/div/div[1]/form/div[3]/button')>可见，等待时间：0.016秒!
[browser_init.py]: [INFO] [2021-06-03 00:08:01] line:115-->>点击<('xpath', '/html/body/div[4]/div/div/div/div[2]/div/div/div[1]/form/div[3]/button')>
[browser_init.py]: [INFO] [2021-06-03 00:08:02] line:225-->>未弹出alert
[test_register.py]: [INFO] [2021-06-03 00:08:02] line:44-->>None
[browser_init.py]: [INFO] [2021-06-03 00:08:05] line:79-->>开始等待页面元素<('xpath', '/html/body/div[6]/div/div[1]/div[2]/a[2]')>是否可见！
[browser_init.py]: [INFO] [2021-06-03 00:08:06] line:89-->>页面元素<('xpath', '/html/body/div[6]/div/div[1]/div[2]/a[2]')>可见，等待时间：0.141秒!
[browser_init.py]: [INFO] [2021-06-03 00:08:06] line:115-->>点击<('xpath', '/html/body/div[6]/div/div[1]/div[2]/a[2]')>
[browser_init.py]: [INFO] [2021-06-03 00:08:06] line:79-->>开始等待页面元素<('xpath', '/html/body/div[4]/div/div/div/div[2]/div/div/div[1]/form/div[1]/input')>是否可见！
[browser_init.py]: [INFO] [2021-06-03 00:08:06] line:89-->>页面元素<('xpath', '/html/body/div[4]/div/div/div/div[2]/div/div/div[1]/form/div[1]/input')>可见，等待时间：0.022秒!
[browser_init.py]: [INFO] [2021-06-03 00:08:06] line:100-->>在<('xpath', '/html/body/div[4]/div/div/div/div[2]/div/div/div[1]/form/div[1]/input')>输入<mik_74>
[browser_init.py]: [INFO] [2021-06-03 00:08:06] line:79-->>开始等待页面元素<('xpath', '/html/body/div[4]/div/div/div/div[2]/div/div/div[1]/form/div[2]/div/input')>是否可见！
[browser_init.py]: [INFO] [2021-06-03 00:08:06] line:89-->>页面元素<('xpath', '/html/body/div[4]/div/div/div/div[2]/div/div/div[1]/form/div[2]/div/input')>可见，等待时间：0.021秒!
[browser_init.py]: [INFO] [2021-06-03 00:08:06] line:100-->>在<('xpath', '/html/body/div[4]/div/div/div/div[2]/div/div/div[1]/form/div[2]/div/input')>输入<123456>
[browser_init.py]: [INFO] [2021-06-03 00:08:06] line:79-->>开始等待页面元素<('xpath', '/html/body/div[4]/div/div/div/div[2]/div/div/div[1]/form/div[3]/button')>是否可见！
[browser_init.py]: [INFO] [2021-06-03 00:08:07] line:89-->>页面元素<('xpath', '/html/body/div[4]/div/div/div/div[2]/div/div/div[1]/form/div[3]/button')>可见，等待时间：0.02秒!
[browser_init.py]: [INFO] [2021-06-03 00:08:07] line:115-->>点击<('xpath', '/html/body/div[4]/div/div/div/div[2]/div/div/div[1]/form/div[3]/button')>
[browser_init.py]: [INFO] [2021-06-03 00:08:07] line:225-->>未弹出alert
[test_register.py]: [INFO] [2021-06-03 00:08:07] line:44-->>None
[test_register.py]: [INFO] [2021-06-03 00:08:10] line:27-->>TestZc测试完成
[run.py]: [INFO] [2021-06-03 00:08:10] line:14-->>web自动化测试结束
