[run_web.py]: [INFO] [2021-06-13 09:21:09] line:48->>==>>>开始执行web自动化测试
[conftest.py]: [INFO] [2021-06-13 09:21:10] line:24->>打开浏览器
[browser_init.py]: [INFO] [2021-06-13 09:21:15] line:53->>在localhost使用chrome执行
[test_01_register.py]: [INFO] [2021-06-13 09:21:16] line:22->>开始执行TestZc模块测试
[conftest.py]: [INFO] [2021-06-13 09:21:16] line:47->>testcase_01开始测试
[browser_init.py]: [INFO] [2021-06-13 09:21:28] line:86->>开始等待页面元素<('xpath', '/html/body/div[6]/div/div[1]/div[2]/a[2]')>是否可见！
[browser_init.py]: [INFO] [2021-06-13 09:21:28] line:96->>页面元素<('xpath', '/html/body/div[6]/div/div[1]/div[2]/a[2]')>可见，等待时间：0.03秒!
[browser_init.py]: [INFO] [2021-06-13 09:21:28] line:123->>点击<('xpath', '/html/body/div[6]/div/div[1]/div[2]/a[2]')>
[browser_init.py]: [INFO] [2021-06-13 09:21:29] line:86->>开始等待页面元素<('xpath', '/html/body/div[4]/div/div/div/div[2]/div/div/div[1]/form/div[1]/input')>是否可见！
[browser_init.py]: [INFO] [2021-06-13 09:21:29] line:96->>页面元素<('xpath', '/html/body/div[4]/div/div/div/div[2]/div/div/div[1]/form/div[1]/input')>可见，等待时间：0.021秒!
[browser_init.py]: [INFO] [2021-06-13 09:21:29] line:107->>在<('xpath', '/html/body/div[4]/div/div/div/div[2]/div/div/div[1]/form/div[1]/input')>输入<mik_73>
[browser_init.py]: [INFO] [2021-06-13 09:21:29] line:86->>开始等待页面元素<('xpath', '/html/body/div[4]/div/div/div/div[2]/div/div/div[1]/form/div[2]/div/input')>是否可见！
[browser_init.py]: [INFO] [2021-06-13 09:21:29] line:96->>页面元素<('xpath', '/html/body/div[4]/div/div/div/div[2]/div/div/div[1]/form/div[2]/div/input')>可见，等待时间：0.016秒!
[browser_init.py]: [INFO] [2021-06-13 09:21:29] line:107->>在<('xpath', '/html/body/div[4]/div/div/div/div[2]/div/div/div[1]/form/div[2]/div/input')>输入<123456>
[browser_init.py]: [INFO] [2021-06-13 09:21:30] line:86->>开始等待页面元素<('xpath', '/html/body/div[4]/div/div/div/div[2]/div/div/div[1]/form/div[2]/div/input')>是否可见！
[browser_init.py]: [INFO] [2021-06-13 09:21:30] line:96->>页面元素<('xpath', '/html/body/div[4]/div/div/div/div[2]/div/div/div[1]/form/div[2]/div/input')>可见，等待时间：0.013秒!
[browser_init.py]: [INFO] [2021-06-13 09:21:30] line:139->>点击<('xpath', '/html/body/div[4]/div/div/div/div[2]/div/div/div[1]/form/div[2]/div/input')>提交
[browser_init.py]: [INFO] [2021-06-13 09:21:30] line:86->>开始等待页面元素<('class name', 'prompt-msg')>是否可见！
[browser_init.py]: [INFO] [2021-06-13 09:21:30] line:96->>页面元素<('class name', 'prompt-msg')>可见，等待时间：0.66秒!
[browser_init.py]: [INFO] [2021-06-13 09:21:30] line:213->>获取元素<('class name', 'prompt-msg')>的内容
[browser_init.py]: [INFO] [2021-06-13 09:21:30] line:216->>元素<('class name', 'prompt-msg')>的内容为<账号已存在>
[conftest.py]: [INFO] [2021-06-13 09:21:30] line:49->>testcase_01测试结束
[conftest.py]: [INFO] [2021-06-13 09:21:30] line:47->>testcase_01开始测试
[browser_init.py]: [INFO] [2021-06-13 09:21:31] line:86->>开始等待页面元素<('xpath', '/html/body/div[6]/div/div[1]/div[2]/a[2]')>是否可见！
[browser_init.py]: [INFO] [2021-06-13 09:21:31] line:96->>页面元素<('xpath', '/html/body/div[6]/div/div[1]/div[2]/a[2]')>可见，等待时间：0.016秒!
[browser_init.py]: [INFO] [2021-06-13 09:21:31] line:123->>点击<('xpath', '/html/body/div[6]/div/div[1]/div[2]/a[2]')>
[browser_init.py]: [INFO] [2021-06-13 09:21:32] line:86->>开始等待页面元素<('xpath', '/html/body/div[4]/div/div/div/div[2]/div/div/div[1]/form/div[1]/input')>是否可见！
[browser_init.py]: [INFO] [2021-06-13 09:21:32] line:96->>页面元素<('xpath', '/html/body/div[4]/div/div/div/div[2]/div/div/div[1]/form/div[1]/input')>可见，等待时间：0.025秒!
[browser_init.py]: [INFO] [2021-06-13 09:21:32] line:107->>在<('xpath', '/html/body/div[4]/div/div/div/div[2]/div/div/div[1]/form/div[1]/input')>输入<mik_74>
[browser_init.py]: [INFO] [2021-06-13 09:21:32] line:86->>开始等待页面元素<('xpath', '/html/body/div[4]/div/div/div/div[2]/div/div/div[1]/form/div[2]/div/input')>是否可见！
[browser_init.py]: [INFO] [2021-06-13 09:21:32] line:96->>页面元素<('xpath', '/html/body/div[4]/div/div/div/div[2]/div/div/div[1]/form/div[2]/div/input')>可见，等待时间：0.016秒!
[browser_init.py]: [INFO] [2021-06-13 09:21:32] line:107->>在<('xpath', '/html/body/div[4]/div/div/div/div[2]/div/div/div[1]/form/div[2]/div/input')>输入<123456>
[browser_init.py]: [INFO] [2021-06-13 09:21:32] line:86->>开始等待页面元素<('xpath', '/html/body/div[4]/div/div/div/div[2]/div/div/div[1]/form/div[2]/div/input')>是否可见！
[browser_init.py]: [INFO] [2021-06-13 09:21:32] line:96->>页面元素<('xpath', '/html/body/div[4]/div/div/div/div[2]/div/div/div[1]/form/div[2]/div/input')>可见，等待时间：0.011秒!
[browser_init.py]: [INFO] [2021-06-13 09:21:32] line:139->>点击<('xpath', '/html/body/div[4]/div/div/div/div[2]/div/div/div[1]/form/div[2]/div/input')>提交
[browser_init.py]: [INFO] [2021-06-13 09:21:32] line:86->>开始等待页面元素<('class name', 'prompt-msg')>是否可见！
[browser_init.py]: [INFO] [2021-06-13 09:21:33] line:96->>页面元素<('class name', 'prompt-msg')>可见，等待时间：0.597秒!
[browser_init.py]: [INFO] [2021-06-13 09:21:33] line:213->>获取元素<('class name', 'prompt-msg')>的内容
[browser_init.py]: [INFO] [2021-06-13 09:21:33] line:216->>元素<('class name', 'prompt-msg')>的内容为<账号已存在>
[conftest.py]: [INFO] [2021-06-13 09:21:33] line:49->>testcase_01测试结束
[test_01_register.py]: [INFO] [2021-06-13 09:21:33] line:25->>TestZc模块测试完成
[test_02_login.py]: [INFO] [2021-06-13 09:21:33] line:23->>开始执行TestLogin模块测试
[conftest.py]: [INFO] [2021-06-13 09:21:33] line:47->>testcase_01开始测试
[browser_init.py]: [INFO] [2021-06-13 09:21:33] line:86->>开始等待页面元素<('xpath', '/html/body/div[6]/div/div[1]/div[2]/a[1]')>是否可见！
[browser_init.py]: [INFO] [2021-06-13 09:21:34] line:96->>页面元素<('xpath', '/html/body/div[6]/div/div[1]/div[2]/a[1]')>可见，等待时间：0.023秒!
[browser_init.py]: [INFO] [2021-06-13 09:21:34] line:123->>点击<('xpath', '/html/body/div[6]/div/div[1]/div[2]/a[1]')>
[browser_init.py]: [INFO] [2021-06-13 09:21:34] line:86->>开始等待页面元素<('xpath', '/html/body/div[4]/div/div[2]/div[2]/div/div/div[1]/form/div[1]/input')>是否可见！
[browser_init.py]: [INFO] [2021-06-13 09:21:34] line:96->>页面元素<('xpath', '/html/body/div[4]/div/div[2]/div[2]/div/div/div[1]/form/div[1]/input')>可见，等待时间：0.027秒!
[browser_init.py]: [INFO] [2021-06-13 09:21:34] line:107->>在<('xpath', '/html/body/div[4]/div/div[2]/div[2]/div/div/div[1]/form/div[1]/input')>输入<mik_73>
[browser_init.py]: [INFO] [2021-06-13 09:21:34] line:86->>开始等待页面元素<('xpath', '/html/body/div[4]/div/div[2]/div[2]/div/div/div[1]/form/div[2]/div/input')>是否可见！
[browser_init.py]: [INFO] [2021-06-13 09:21:34] line:96->>页面元素<('xpath', '/html/body/div[4]/div/div[2]/div[2]/div/div/div[1]/form/div[2]/div/input')>可见，等待时间：0.017秒!
[browser_init.py]: [INFO] [2021-06-13 09:21:34] line:107->>在<('xpath', '/html/body/div[4]/div/div[2]/div[2]/div/div/div[1]/form/div[2]/div/input')>输入<123456>
[browser_init.py]: [INFO] [2021-06-13 09:21:34] line:86->>开始等待页面元素<('xpath', '/html/body/div[4]/div/div[2]/div[2]/div/div/div[1]/form/div[2]/div/input')>是否可见！
[browser_init.py]: [INFO] [2021-06-13 09:21:34] line:96->>页面元素<('xpath', '/html/body/div[4]/div/div[2]/div[2]/div/div/div[1]/form/div[2]/div/input')>可见，等待时间：0.013秒!
[browser_init.py]: [INFO] [2021-06-13 09:21:34] line:139->>点击<('xpath', '/html/body/div[4]/div/div[2]/div[2]/div/div/div[1]/form/div[2]/div/input')>提交
[browser_init.py]: [INFO] [2021-06-13 09:21:34] line:86->>开始等待页面元素<('class name', 'prompt-msg')>是否可见！
[browser_init.py]: [INFO] [2021-06-13 09:21:35] line:96->>页面元素<('class name', 'prompt-msg')>可见，等待时间：0.287秒!
[browser_init.py]: [INFO] [2021-06-13 09:21:35] line:213->>获取元素<('class name', 'prompt-msg')>的内容
[browser_init.py]: [INFO] [2021-06-13 09:21:35] line:216->>元素<('class name', 'prompt-msg')>的内容为<登录成功>
[conftest.py]: [INFO] [2021-06-13 09:21:35] line:49->>testcase_01测试结束
[conftest.py]: [INFO] [2021-06-13 09:21:35] line:47->>testcase_01开始测试
[browser_init.py]: [INFO] [2021-06-13 09:21:36] line:86->>开始等待页面元素<('xpath', '/html/body/div[6]/div/div[1]/div[2]/a[1]')>是否可见！
[browser_init.py]: [INFO] [2021-06-13 09:21:36] line:96->>页面元素<('xpath', '/html/body/div[6]/div/div[1]/div[2]/a[1]')>可见，等待时间：0.019秒!
[browser_init.py]: [INFO] [2021-06-13 09:21:36] line:123->>点击<('xpath', '/html/body/div[6]/div/div[1]/div[2]/a[1]')>
[browser_init.py]: [INFO] [2021-06-13 09:21:36] line:86->>开始等待页面元素<('xpath', '/html/body/div[4]/div/div[2]/div[2]/div/div/div[1]/form/div[1]/input')>是否可见！
[browser_init.py]: [ERROR] [2021-06-13 09:21:47] line:92->>等待页面元素<('xpath', '/html/body/div[4]/div/div[2]/div[2]/div/div/div[1]/form/div[1]/input')>10秒失败！
[browser_init.py]: [INFO] [2021-06-13 09:21:47] line:257->>截屏成功,图片路径为E:\My_code\UIAutoTest\imgs\2021-06-13-09-21-47.png
[conftest.py]: [INFO] [2021-06-13 09:21:49] line:49->>testcase_01测试结束
[test_02_login.py]: [INFO] [2021-06-13 09:21:49] line:26->>TestLogin模块测试完成
[conftest.py]: [INFO] [2021-06-13 09:21:49] line:35->>关闭浏览器
[run_web.py]: [INFO] [2021-06-13 09:21:52] line:50->>==>>>web自动化测试结束
