[browser_init.py]: [INFO] [2021-05-02 17:58:44] line:47-->>开始等待页面元素<('link text', '登录')>是否可见！
[browser_init.py]: [INFO] [2021-05-02 17:58:44] line:57-->>页面元素<('link text', '登录')>可见，等待时间：0.025秒!
[browser_init.py]: [INFO] [2021-05-02 17:58:44] line:77-->>点击<('link text', '登录')>
[browser_init.py]: [INFO] [2021-05-02 17:58:44] line:127-->>切换到最新打开的窗口
[browser_init.py]: [INFO] [2021-05-02 17:58:44] line:47-->>开始等待页面元素<('id', 'username')>是否可见！
[browser_init.py]: [INFO] [2021-05-02 17:58:45] line:57-->>页面元素<('id', 'username')>可见，等待时间：1.051秒!
[browser_init.py]: [INFO] [2021-05-02 17:58:45] line:68-->>在<('id', 'username')>输入<mik2>
[browser_init.py]: [INFO] [2021-05-02 17:58:45] line:47-->>开始等待页面元素<('id', 'password')>是否可见！
[browser_init.py]: [INFO] [2021-05-02 17:58:45] line:57-->>页面元素<('id', 'password')>可见，等待时间：0.02秒!
[browser_init.py]: [INFO] [2021-05-02 17:58:45] line:68-->>在<('id', 'password')>输入<password>
[browser_init.py]: [INFO] [2021-05-02 17:58:46] line:91-->>在<('class name', 'login_btn')>点击提交
[browser_init.py]: [INFO] [2021-05-02 17:58:46] line:47-->>开始等待页面元素<('link text', '进入商城购物')>是否可见！
[browser_init.py]: [INFO] [2021-05-02 17:58:48] line:57-->>页面元素<('link text', '进入商城购物')>可见，等待时间：2.066秒!
[browser_init.py]: [INFO] [2021-05-02 17:58:49] line:77-->>点击<('link text', '进入商城购物')>
[browser_init.py]: [INFO] [2021-05-02 17:58:49] line:47-->>开始等待页面元素<('name', 'keyword')>是否可见！
[browser_init.py]: [INFO] [2021-05-02 17:58:49] line:57-->>页面元素<('name', 'keyword')>可见，等待时间：0.05秒!
[browser_init.py]: [INFO] [2021-05-02 17:58:49] line:68-->>在<('name', 'keyword')>输入<iphone>
[browser_init.py]: [INFO] [2021-05-02 17:58:49] line:47-->>开始等待页面元素<('class name', 'btn1')>是否可见！
[browser_init.py]: [INFO] [2021-05-02 17:58:49] line:57-->>页面元素<('class name', 'btn1')>可见，等待时间：0.017秒!
[browser_init.py]: [INFO] [2021-05-02 17:58:50] line:77-->>点击<('class name', 'btn1')>
[browser_init.py]: [INFO] [2021-05-02 17:58:50] line:47-->>开始等待页面元素<('xpath', '/html/body/div[3]/div[2]/div[3]/div/div[1]/a/img')>是否可见！
[browser_init.py]: [INFO] [2021-05-02 17:58:50] line:57-->>页面元素<('xpath', '/html/body/div[3]/div[2]/div[3]/div/div[1]/a/img')>可见，等待时间：0.017秒!
[browser_init.py]: [INFO] [2021-05-02 17:58:50] line:77-->>点击<('xpath', '/html/body/div[3]/div[2]/div[3]/div/div[1]/a/img')>
[browser_init.py]: [INFO] [2021-05-02 17:58:50] line:127-->>切换到最新打开的窗口
[browser_init.py]: [INFO] [2021-05-02 17:58:50] line:47-->>开始等待页面元素<('id', 'joinCarButton')>是否可见！
[browser_init.py]: [INFO] [2021-05-02 17:58:52] line:57-->>页面元素<('id', 'joinCarButton')>可见，等待时间：1.439秒!
